<?xml version="1.0" encoding="UTF-8" ?>
<testsuite failures="0" time="0.003" errors="1" skipped="0" tests="1" name="ciclovida.TestActualizarObjetoSesionLarga">
  <properties>
    <property name="java.vendor" value="Oracle Corporation"/>
    <property name="com.sun.aas.imqBin" value="C:\appServers\glassfish3.1.2\glassfish3\mq\bin"/>
    <property name="localRepository" value="\\vmware-host\Shared Folders\.m2\repository"/>
    <property name="sun.java.launcher" value="SUN_STANDARD"/>
    <property name="sun.management.compiler" value="HotSpot 64-Bit Tiered Compilers"/>
    <property name="eclipselink.security.usedoprivileged" value="true"/>
    <property name="com.sun.enterprise.jaccprovider.property.repository" value="C:\Users\UBALDO~1\AppData\Local\Temp\gfembed5719809032973789630tmp/generated/policy"/>
    <property name="os.name" value="Windows 7"/>
    <property name="sun.boot.class.path" value="C:\Program Files\Java\jdk1.7.0_04\jre\lib\resources.jar;C:\Program Files\Java\jdk1.7.0_04\jre\lib\rt.jar;C:\Program Files\Java\jdk1.7.0_04\jre\lib\sunrsasign.jar;C:\Program Files\Java\jdk1.7.0_04\jre\lib\jsse.jar;C:\Program Files\Java\jdk1.7.0_04\jre\lib\jce.jar;C:\Program Files\Java\jdk1.7.0_04\jre\lib\charsets.jar;C:\Program Files\Java\jdk1.7.0_04\jre\lib\jfr.jar;C:\Program Files\Java\jdk1.7.0_04\jre\classes"/>
    <property name="javax.security.jacc.PolicyConfigurationFactory.provider" value="com.sun.enterprise.security.provider.PolicyConfigurationFactoryImpl"/>
    <property name="felix.fileinstall.poll" value="5000"/>
    <property name="sun.desktop" value="windows"/>
    <property name="java.vm.specification.vendor" value="Oracle Corporation"/>
    <property name="osgi.shell.telnet.maxconn" value="1"/>
    <property name="java.runtime.version" value="1.7.0_04-b22"/>
    <property name="javax.net.ssl.keyStore" value="C:\Users\UBALDO~1\AppData\Local\Temp\gfembed5719809032973789630tmp/config/keystore.jks"/>
    <property name="user.name" value="Ubaldo Acosta Soto"/>
    <property name="osgi.shell.telnet.ip" value="127.0.0.1"/>
    <property name="com.sun.enterprise.config.config_environment_factory_class" value="com.sun.enterprise.config.serverbeans.AppserverConfigEnvironmentFactory"/>
    <property name="felix.fileinstall.log.level" value="2"/>
    <property name="com.sun.aas.agentRoot" value="C:\appServers\glassfish3.1.2\glassfish3\glassfish\nodes"/>
    <property name="user.language" value="es"/>
    <property name="sun.boot.library.path" value="C:\Program Files\Java\jdk1.7.0_04\jre\bin"/>
    <property name="com.sun.aas.javaRoot" value="C:\Program Files\Java\jdk1.7.0_04\jre"/>
    <property name="java.version" value="1.7.0_04"/>
    <property name="com.sun.aas.instanceRootURI" value="file:/C:/Users/UBALDO~1/AppData/Local/Temp/gfembed5719809032973789630tmp/"/>
    <property name="user.timezone" value="America/Chicago"/>
    <property name="sun.arch.data.model" value="64"/>
    <property name="javax.rmi.CORBA.UtilClass" value="com.sun.corba.ee.impl.javax.rmi.CORBA.Util"/>
    <property name="java.endorsed.dirs" value="C:\appServers\glassfish3.1.2\glassfish3\glassfish/modules/endorsed;C:\appServers\glassfish3.1.2\glassfish3\glassfish/lib/endorsed"/>
    <property name="com.sun.aas.installRoot" value="C:\appServers\glassfish3.1.2\glassfish3\glassfish"/>
    <property name="sun.cpu.isalist" value="amd64"/>
    <property name="sun.jnu.encoding" value="Cp1252"/>
    <property name="file.encoding.pkg" value="sun.io"/>
    <property name="file.separator" value="\"/>
    <property name="java.specification.name" value="Java Platform API Specification"/>
    <property name="com.sun.enterprise.J2EEServerId" value="100"/>
    <property name="java.class.version" value="51.0"/>
    <property name="user.country" value="MX"/>
    <property name="java.home" value="C:\Program Files\Java\jdk1.7.0_04\jre"/>
    <property name="felix.fileinstall.dir" value="C:\appServers\glassfish3.1.2\glassfish3\glassfish/modules/autostart/"/>
    <property name="java.vm.info" value="mixed mode"/>
    <property name="os.version" value="6.1"/>
    <property name="com.sun.aas.productRoot" value="C:\appServers\glassfish3.1.2\glassfish3"/>
    <property name="surefire.real.class.path" value="C:\Java\Eclipse\sga-jee\target\surefire\surefirebooter5186510383601226084.jar"/>
    <property name="org.omg.CORBA.ORBSingletonClass" value="com.sun.corba.ee.impl.orb.ORBSingleton"/>
    <property name="com.sun.aas.installRootURI" value="file:/C:/appServers/glassfish3.1.2/glassfish3/glassfish/"/>
    <property name="path.separator" value=";"/>
    <property name="java.vm.version" value="23.0-b21"/>
    <property name="user.variant" value=""/>
    <property name="jdbc.drivers" value="org.apache.derby.jdbc.ClientDriver"/>
    <property name="java.awt.printerjob" value="sun.awt.windows.WPrinterJob"/>
    <property name="java.security.policy" value="C:\Users\UBALDO~1\AppData\Local\Temp\gfembed5719809032973789630tmp/config/server.policy"/>
    <property name="sun.io.unicode.encoding" value="UnicodeLittle"/>
    <property name="com.sun.aas.hostName" value="WIN-TIP6G46F4GU"/>
    <property name="awt.toolkit" value="sun.awt.windows.WToolkit"/>
    <property name="user.script" value=""/>
    <property name="felix.fileinstall.disableConfigSave" value="false"/>
    <property name="user.home" value="\\vmware-host\Shared Folders"/>
    <property name="com.sun.aas.instanceName" value="server"/>
    <property name="com.sun.aas.derbyRoot" value="C:\appServers\glassfish3.1.2\glassfish3\javadb"/>
    <property name="com.sun.aas.configRoot" value="C:\appServers\glassfish3.1.2\glassfish3\glassfish\config"/>
    <property name="java.specification.vendor" value="Oracle Corporation"/>
    <property name="java.library.path" value="C:\Program Files\Java\jdk1.7.0_04\jre\bin;C:\Windows\Sun\Java\bin;C:\Windows\system32;C:\Windows;C:\Windows\system32;C:\Windows;C:\Windows\System32\Wbem;C:\Windows\System32\WindowsPowerShell\v1.0\;C:\Program Files\MySQL\MySQL Server 5.5\bin;C:\Program Files (x86)\IDM Computer Solutions\UltraEdit\;."/>
    <property name="java.vendor.url" value="http://java.oracle.com/"/>
    <property name="javax.rmi.CORBA.StubClass" value="com.sun.corba.ee.impl.javax.rmi.CORBA.StubDelegateImpl"/>
    <property name="java.vm.vendor" value="Oracle Corporation"/>
    <property name="java.runtime.name" value="Java(TM) SE Runtime Environment"/>
    <property name="sun.java.command" value="C:\Java\Eclipse\sga-jee\target\surefire\surefirebooter5186510383601226084.jar C:\Java\Eclipse\sga-jee\target\surefire\surefire1667011833631111103tmp C:\Java\Eclipse\sga-jee\target\surefire\surefire6668231260259148701tmp"/>
    <property name="security.home" value="C:\appServers\glassfish3.1.2\glassfish3\glassfish\modules\security"/>
    <property name="java.class.path" value="C:\Java\Eclipse\sga-jee\target\test-classes;C:\Java\Eclipse\sga-jee\target\classes;C:\appServers\glassfish3.1.2\glassfish3\glassfish\lib\embedded\glassfish-embedded-static-shell.jar;\\vmware-host\Shared Folders\.m2\repository\javax\javaee-api\6.0\javaee-api-6.0.jar;\\vmware-host\Shared Folders\.m2\repository\junit\junit\4.10\junit-4.10.jar;\\vmware-host\Shared Folders\.m2\repository\org\hamcrest\hamcrest-core\1.1\hamcrest-core-1.1.jar;\\vmware-host\Shared Folders\.m2\repository\mysql\mysql-connector-java\5.1.20\mysql-connector-java-5.1.20.jar;\\vmware-host\Shared Folders\.m2\repository\org\hibernate\hibernate-entitymanager\4.1.4.Final\hibernate-entitymanager-4.1.4.Final.jar;\\vmware-host\Shared Folders\.m2\repository\org\jboss\logging\jboss-logging\3.1.0.GA\jboss-logging-3.1.0.GA.jar;\\vmware-host\Shared Folders\.m2\repository\org\hibernate\hibernate-core\4.1.4.Final\hibernate-core-4.1.4.Final.jar;\\vmware-host\Shared Folders\.m2\repository\antlr\antlr\2.7.7\antlr-2.7.7.jar;\\vmware-host\Shared Folders\.m2\repository\org\jboss\spec\javax\transaction\jboss-transaction-api_1.1_spec\1.0.0.Final\jboss-transaction-api_1.1_spec-1.0.0.Final.jar;\\vmware-host\Shared Folders\.m2\repository\dom4j\dom4j\1.6.1\dom4j-1.6.1.jar;\\vmware-host\Shared Folders\.m2\repository\org\hibernate\javax\persistence\hibernate-jpa-2.0-api\1.0.1.Final\hibernate-jpa-2.0-api-1.0.1.Final.jar;\\vmware-host\Shared Folders\.m2\repository\org\javassist\javassist\3.15.0-GA\javassist-3.15.0-GA.jar;\\vmware-host\Shared Folders\.m2\repository\org\hibernate\common\hibernate-commons-annotations\4.0.1.Final\hibernate-commons-annotations-4.0.1.Final.jar;\\vmware-host\Shared Folders\.m2\repository\org\slf4j\slf4j-api\1.5.6\slf4j-api-1.5.6.jar;\\vmware-host\Shared Folders\.m2\repository\org\slf4j\slf4j-log4j12\1.5.6\slf4j-log4j12-1.5.6.jar;\\vmware-host\Shared Folders\.m2\repository\log4j\log4j\1.2.14\log4j-1.2.14.jar;"/>
    <property name="org.glassfish.jms.InitializeOnDemand" value="true"/>
    <property name="org.glassfish.embeddable.installRoot" value="C:\appServers\glassfish3.1.2\glassfish3\glassfish"/>
    <property name="java.vm.specification.name" value="Java Virtual Machine Specification"/>
    <property name="java.vm.specification.version" value="1.7"/>
    <property name="javax.rmi.CORBA.PortableRemoteObjectClass" value="com.sun.corba.ee.impl.javax.rmi.PortableRemoteObject"/>
    <property name="sun.os.patch.level" value=""/>
    <property name="sun.cpu.endian" value="little"/>
    <property name="java.awt.headless" value="true"/>
    <property name="gosh.args" value="--nointeractive"/>
    <property name="surefire.test.class.path" value="C:\Java\Eclipse\sga-jee\target\test-classes;C:\Java\Eclipse\sga-jee\target\classes;C:\appServers\glassfish3.1.2\glassfish3\glassfish\lib\embedded\glassfish-embedded-static-shell.jar;\\vmware-host\Shared Folders\.m2\repository\javax\javaee-api\6.0\javaee-api-6.0.jar;\\vmware-host\Shared Folders\.m2\repository\junit\junit\4.10\junit-4.10.jar;\\vmware-host\Shared Folders\.m2\repository\org\hamcrest\hamcrest-core\1.1\hamcrest-core-1.1.jar;\\vmware-host\Shared Folders\.m2\repository\mysql\mysql-connector-java\5.1.20\mysql-connector-java-5.1.20.jar;\\vmware-host\Shared Folders\.m2\repository\org\hibernate\hibernate-entitymanager\4.1.4.Final\hibernate-entitymanager-4.1.4.Final.jar;\\vmware-host\Shared Folders\.m2\repository\org\jboss\logging\jboss-logging\3.1.0.GA\jboss-logging-3.1.0.GA.jar;\\vmware-host\Shared Folders\.m2\repository\org\hibernate\hibernate-core\4.1.4.Final\hibernate-core-4.1.4.Final.jar;\\vmware-host\Shared Folders\.m2\repository\antlr\antlr\2.7.7\antlr-2.7.7.jar;\\vmware-host\Shared Folders\.m2\repository\org\jboss\spec\javax\transaction\jboss-transaction-api_1.1_spec\1.0.0.Final\jboss-transaction-api_1.1_spec-1.0.0.Final.jar;\\vmware-host\Shared Folders\.m2\repository\dom4j\dom4j\1.6.1\dom4j-1.6.1.jar;\\vmware-host\Shared Folders\.m2\repository\org\hibernate\javax\persistence\hibernate-jpa-2.0-api\1.0.1.Final\hibernate-jpa-2.0-api-1.0.1.Final.jar;\\vmware-host\Shared Folders\.m2\repository\org\javassist\javassist\3.15.0-GA\javassist-3.15.0-GA.jar;\\vmware-host\Shared Folders\.m2\repository\org\hibernate\common\hibernate-commons-annotations\4.0.1.Final\hibernate-commons-annotations-4.0.1.Final.jar;\\vmware-host\Shared Folders\.m2\repository\org\slf4j\slf4j-api\1.5.6\slf4j-api-1.5.6.jar;\\vmware-host\Shared Folders\.m2\repository\org\slf4j\slf4j-log4j12\1.5.6\slf4j-log4j12-1.5.6.jar;\\vmware-host\Shared Folders\.m2\repository\log4j\log4j\1.2.14\log4j-1.2.14.jar;"/>
    <property name="java.io.tmpdir" value="C:\Users\UBALDO~1\AppData\Local\Temp\"/>
    <property name="com.sun.jts.pi.CLIENT_POLICY_CHECKING" value="false"/>
    <property name="com.sun.aas.imqLib" value="C:\appServers\glassfish3.1.2\glassfish3\mq\lib"/>
    <property name="java.vendor.url.bug" value="http://bugreport.sun.com/bugreport/"/>
    <property name="com.sun.aas.domainsRoot" value="C:\appServers\glassfish3.1.2\glassfish3\glassfish\domains"/>
    <property name="java.awt.graphicsenv" value="sun.awt.Win32GraphicsEnvironment"/>
    <property name="os.arch" value="amd64"/>
    <property name="java.ext.dirs" value="C:\Program Files\Java\jdk1.7.0_04\jre/lib/ext;C:\Program Files\Java\jdk1.7.0_04\jre/jre/lib/ext;C:\Users\UBALDO~1\AppData\Local\Temp\gfembed5719809032973789630tmp/lib/ext"/>
    <property name="felix.fileinstall.bundles.startTransient" value="true"/>
    <property name="ejb.home" value="C:\appServers\glassfish3.1.2\glassfish3\glassfish\modules\ejb"/>
    <property name="user.dir" value="C:\Java\Eclipse\sga-jee"/>
    <property name="com.sun.aas.instanceRoot" value="C:\Users\UBALDO~1\AppData\Local\Temp\gfembed5719809032973789630tmp"/>
    <property name="line.separator" value="
"/>
    <property name="java.vm.name" value="Java HotSpot(TM) 64-Bit Server VM"/>
    <property name="glassfish.version" value="GlassFish Server Open Source Edition 3.1.2 (build 23)"/>
    <property name="java.security.auth.login.config" value="C:\Users\UBALDO~1\AppData\Local\Temp\gfembed5719809032973789630tmp/config/login.conf"/>
    <property name="basedir" value="C:\Java\Eclipse\sga-jee"/>
    <property name="javax.management.builder.initial" value="com.sun.enterprise.v3.admin.AppServerMBeanServerBuilder"/>
    <property name="file.encoding" value="Cp1252"/>
    <property name="com.sun.enterprise.security.httpsOutboundKeyAlias" value="s1as"/>
    <property name="org.omg.CORBA.ORBClass" value="com.sun.corba.ee.impl.orb.ORBImpl"/>
    <property name="ANTLR_USE_DIRECT_CLASS_LOADING" value="true"/>
    <property name="felix.fileinstall.bundles.new.start" value="true"/>
    <property name="java.specification.version" value="1.7"/>
    <property name="javax.net.ssl.trustStore" value="C:\Users\UBALDO~1\AppData\Local\Temp\gfembed5719809032973789630tmp/config/cacerts.jks"/>
    <property name="jpa.home" value="C:\appServers\glassfish3.1.2\glassfish3\glassfish\modules\jpa"/>
    <property name="osgi.shell.telnet.port" value="6666"/>
  </properties>
  <testcase time="0" classname="ciclovida.TestActualizarObjetoSesionLarga" name="ciclovida.TestActualizarObjetoSesionLarga">
    <error message="Cannot create a new embedded EJBContainer: previously created container had not been closed." type="javax.ejb.EJBException">javax.ejb.EJBException: Cannot create a new embedded EJBContainer: previously created container had not been closed.
	at org.glassfish.ejb.embedded.EJBContainerProviderImpl.createEJBContainer(EJBContainerProviderImpl.java:122)
	at javax.ejb.embeddable.EJBContainer.createEJBContainer(EJBContainer.java:127)
	at javax.ejb.embeddable.EJBContainer.createEJBContainer(EJBContainer.java:102)
	at ciclovida.TestActualizarObjetoSesionLarga.init(TestActualizarObjetoSesionLarga.java:27)
	at sun.reflect.NativeMethodAccessorImpl.invoke0(Native Method)
	at sun.reflect.NativeMethodAccessorImpl.invoke(NativeMethodAccessorImpl.java:57)
	at sun.reflect.DelegatingMethodAccessorImpl.invoke(DelegatingMethodAccessorImpl.java:43)
	at java.lang.reflect.Method.invoke(Method.java:601)
	at org.junit.runners.model.FrameworkMethod$1.runReflectiveCall(FrameworkMethod.java:45)
	at org.junit.internal.runners.model.ReflectiveCallable.run(ReflectiveCallable.java:15)
	at org.junit.runners.model.FrameworkMethod.invokeExplosively(FrameworkMethod.java:42)
	at org.junit.internal.runners.statements.RunBefores.evaluate(RunBefores.java:27)
	at org.junit.runners.ParentRunner.run(ParentRunner.java:300)
	at org.apache.maven.surefire.junit4.JUnit4TestSet.execute(JUnit4TestSet.java:35)
	at org.apache.maven.surefire.junit4.JUnit4Provider.executeTestSet(JUnit4Provider.java:146)
	at org.apache.maven.surefire.junit4.JUnit4Provider.invoke(JUnit4Provider.java:97)
	at sun.reflect.NativeMethodAccessorImpl.invoke0(Native Method)
	at sun.reflect.NativeMethodAccessorImpl.invoke(NativeMethodAccessorImpl.java:57)
	at sun.reflect.DelegatingMethodAccessorImpl.invoke(DelegatingMethodAccessorImpl.java:43)
	at java.lang.reflect.Method.invoke(Method.java:601)
	at org.apache.maven.surefire.booter.ProviderFactory$ClassLoaderProxy.invoke(ProviderFactory.java:103)
	at $Proxy0.invoke(Unknown Source)
	at org.apache.maven.surefire.booter.SurefireStarter.invokeProvider(SurefireStarter.java:145)
	at org.apache.maven.surefire.booter.SurefireStarter.runSuitesInProcess(SurefireStarter.java:87)
	at org.apache.maven.surefire.booter.ForkedBooter.main(ForkedBooter.java:69)
</error>
    <system-out>@SLTests run: 1, Failures: 0, Errors: 1, Skipped: 0, Time elapsed: 0.008 sec &lt;&lt;&lt; FAILURE!
@SLRunning ciclovida.TestActualizarObjetoSesionLarga
</system-out>
  </testcase>
</testsuite>