<?xml version="1.0" encoding="UTF-8" ?>
<testsuite failures="0" time="22.013" errors="1" skipped="0" tests="1" name="test.PersonaServiceTest">
  <properties>
    <property name="java.vendor" value="Oracle Corporation"/>
    <property name="com.sun.aas.imqBin" value="C:\appServers\glassfish3.1.2\glassfish3\mq\bin"/>
    <property name="localRepository" value="\\vmware-host\Shared Folders\.m2\repository"/>
    <property name="sun.java.launcher" value="SUN_STANDARD"/>
    <property name="sun.management.compiler" value="HotSpot 64-Bit Tiered Compilers"/>
    <property name="eclipselink.security.usedoprivileged" value="true"/>
    <property name="com.sun.enterprise.jaccprovider.property.repository" value="C:\Users\UBALDO~1\AppData\Local\Temp\gfembed1716552071032090596tmp/generated/policy"/>
    <property name="os.name" value="Windows 7"/>
    <property name="sun.boot.class.path" value="C:\Program Files\Java\jdk1.7.0_04\jre\lib\resources.jar;C:\Program Files\Java\jdk1.7.0_04\jre\lib\rt.jar;C:\Program Files\Java\jdk1.7.0_04\jre\lib\sunrsasign.jar;C:\Program Files\Java\jdk1.7.0_04\jre\lib\jsse.jar;C:\Program Files\Java\jdk1.7.0_04\jre\lib\jce.jar;C:\Program Files\Java\jdk1.7.0_04\jre\lib\charsets.jar;C:\Program Files\Java\jdk1.7.0_04\jre\lib\jfr.jar;C:\Program Files\Java\jdk1.7.0_04\jre\classes"/>
    <property name="javax.security.jacc.PolicyConfigurationFactory.provider" value="com.sun.enterprise.security.provider.PolicyConfigurationFactoryImpl"/>
    <property name="felix.fileinstall.poll" value="5000"/>
    <property name="sun.desktop" value="windows"/>
    <property name="java.vm.specification.vendor" value="Oracle Corporation"/>
    <property name="osgi.shell.telnet.maxconn" value="1"/>
    <property name="java.runtime.version" value="1.7.0_04-b22"/>
    <property name="javax.net.ssl.keyStore" value="C:\Users\UBALDO~1\AppData\Local\Temp\gfembed1716552071032090596tmp/config/keystore.jks"/>
    <property name="user.name" value="Ubaldo Acosta Soto"/>
    <property name="osgi.shell.telnet.ip" value="127.0.0.1"/>
    <property name="com.sun.enterprise.config.config_environment_factory_class" value="com.sun.enterprise.config.serverbeans.AppserverConfigEnvironmentFactory"/>
    <property name="felix.fileinstall.log.level" value="2"/>
    <property name="com.sun.aas.agentRoot" value="C:\appServers\glassfish3.1.2\glassfish3\glassfish\nodes"/>
    <property name="user.language" value="es"/>
    <property name="sun.boot.library.path" value="C:\Program Files\Java\jdk1.7.0_04\jre\bin"/>
    <property name="com.sun.aas.javaRoot" value="C:\Program Files\Java\jdk1.7.0_04\jre"/>
    <property name="java.version" value="1.7.0_04"/>
    <property name="com.sun.aas.instanceRootURI" value="file:/C:/Users/UBALDO~1/AppData/Local/Temp/gfembed1716552071032090596tmp/"/>
    <property name="user.timezone" value="America/Chicago"/>
    <property name="sun.arch.data.model" value="64"/>
    <property name="javax.rmi.CORBA.UtilClass" value="com.sun.corba.ee.impl.javax.rmi.CORBA.Util"/>
    <property name="java.endorsed.dirs" value="C:\appServers\glassfish3.1.2\glassfish3\glassfish/modules/endorsed;C:\appServers\glassfish3.1.2\glassfish3\glassfish/lib/endorsed"/>
    <property name="com.sun.aas.installRoot" value="C:\appServers\glassfish3.1.2\glassfish3\glassfish"/>
    <property name="sun.cpu.isalist" value="amd64"/>
    <property name="sun.jnu.encoding" value="Cp1252"/>
    <property name="file.encoding.pkg" value="sun.io"/>
    <property name="file.separator" value="\"/>
    <property name="java.specification.name" value="Java Platform API Specification"/>
    <property name="com.sun.enterprise.J2EEServerId" value="100"/>
    <property name="java.class.version" value="51.0"/>
    <property name="user.country" value="MX"/>
    <property name="java.home" value="C:\Program Files\Java\jdk1.7.0_04\jre"/>
    <property name="felix.fileinstall.dir" value="C:\appServers\glassfish3.1.2\glassfish3\glassfish/modules/autostart/"/>
    <property name="java.vm.info" value="mixed mode"/>
    <property name="os.version" value="6.1"/>
    <property name="com.sun.aas.productRoot" value="C:\appServers\glassfish3.1.2\glassfish3"/>
    <property name="surefire.real.class.path" value="C:\Java\Eclipse\sga-jee\target\surefire\surefirebooter4434471567913817291.jar"/>
    <property name="org.omg.CORBA.ORBSingletonClass" value="com.sun.corba.ee.impl.orb.ORBSingleton"/>
    <property name="com.sun.aas.installRootURI" value="file:/C:/appServers/glassfish3.1.2/glassfish3/glassfish/"/>
    <property name="path.separator" value=";"/>
    <property name="java.vm.version" value="23.0-b21"/>
    <property name="user.variant" value=""/>
    <property name="jdbc.drivers" value="org.apache.derby.jdbc.ClientDriver"/>
    <property name="java.awt.printerjob" value="sun.awt.windows.WPrinterJob"/>
    <property name="java.security.policy" value="C:\Users\UBALDO~1\AppData\Local\Temp\gfembed1716552071032090596tmp/config/server.policy"/>
    <property name="sun.io.unicode.encoding" value="UnicodeLittle"/>
    <property name="com.sun.aas.hostName" value="WIN-TIP6G46F4GU"/>
    <property name="awt.toolkit" value="sun.awt.windows.WToolkit"/>
    <property name="user.script" value=""/>
    <property name="felix.fileinstall.disableConfigSave" value="false"/>
    <property name="user.home" value="\\vmware-host\Shared Folders"/>
    <property name="com.sun.aas.instanceName" value="server"/>
    <property name="com.sun.aas.derbyRoot" value="C:\appServers\glassfish3.1.2\glassfish3\javadb"/>
    <property name="com.sun.aas.configRoot" value="C:\appServers\glassfish3.1.2\glassfish3\glassfish\config"/>
    <property name="java.specification.vendor" value="Oracle Corporation"/>
    <property name="java.library.path" value="C:\Program Files\Java\jdk1.7.0_04\jre\bin;C:\Windows\Sun\Java\bin;C:\Windows\system32;C:\Windows;C:\Windows\system32;C:\Windows;C:\Windows\System32\Wbem;C:\Windows\System32\WindowsPowerShell\v1.0\;C:\Program Files\MySQL\MySQL Server 5.5\bin;C:\Program Files (x86)\IDM Computer Solutions\UltraEdit\;."/>
    <property name="java.vendor.url" value="http://java.oracle.com/"/>
    <property name="javax.rmi.CORBA.StubClass" value="com.sun.corba.ee.impl.javax.rmi.CORBA.StubDelegateImpl"/>
    <property name="java.vm.vendor" value="Oracle Corporation"/>
    <property name="java.runtime.name" value="Java(TM) SE Runtime Environment"/>
    <property name="sun.java.command" value="C:\Java\Eclipse\sga-jee\target\surefire\surefirebooter4434471567913817291.jar C:\Java\Eclipse\sga-jee\target\surefire\surefire7195889856674666415tmp C:\Java\Eclipse\sga-jee\target\surefire\surefire647319071067605335tmp"/>
    <property name="security.home" value="C:\appServers\glassfish3.1.2\glassfish3\glassfish\modules\security"/>
    <property name="java.class.path" value="C:\Java\Eclipse\sga-jee\target\test-classes;C:\Java\Eclipse\sga-jee\target\classes;C:\appServers\glassfish3.1.2\glassfish3\glassfish\lib\embedded\glassfish-embedded-static-shell.jar;\\vmware-host\Shared Folders\.m2\repository\javax\javaee-api\6.0\javaee-api-6.0.jar;\\vmware-host\Shared Folders\.m2\repository\junit\junit\4.10\junit-4.10.jar;\\vmware-host\Shared Folders\.m2\repository\org\hamcrest\hamcrest-core\1.1\hamcrest-core-1.1.jar;\\vmware-host\Shared Folders\.m2\repository\mysql\mysql-connector-java\5.1.20\mysql-connector-java-5.1.20.jar;\\vmware-host\Shared Folders\.m2\repository\org\hibernate\hibernate-entitymanager\4.1.4.Final\hibernate-entitymanager-4.1.4.Final.jar;\\vmware-host\Shared Folders\.m2\repository\org\jboss\logging\jboss-logging\3.1.0.GA\jboss-logging-3.1.0.GA.jar;\\vmware-host\Shared Folders\.m2\repository\org\hibernate\hibernate-core\4.1.4.Final\hibernate-core-4.1.4.Final.jar;\\vmware-host\Shared Folders\.m2\repository\antlr\antlr\2.7.7\antlr-2.7.7.jar;\\vmware-host\Shared Folders\.m2\repository\org\jboss\spec\javax\transaction\jboss-transaction-api_1.1_spec\1.0.0.Final\jboss-transaction-api_1.1_spec-1.0.0.Final.jar;\\vmware-host\Shared Folders\.m2\repository\dom4j\dom4j\1.6.1\dom4j-1.6.1.jar;\\vmware-host\Shared Folders\.m2\repository\org\hibernate\javax\persistence\hibernate-jpa-2.0-api\1.0.1.Final\hibernate-jpa-2.0-api-1.0.1.Final.jar;\\vmware-host\Shared Folders\.m2\repository\org\javassist\javassist\3.15.0-GA\javassist-3.15.0-GA.jar;\\vmware-host\Shared Folders\.m2\repository\org\hibernate\common\hibernate-commons-annotations\4.0.1.Final\hibernate-commons-annotations-4.0.1.Final.jar;\\vmware-host\Shared Folders\.m2\repository\org\slf4j\slf4j-api\1.5.6\slf4j-api-1.5.6.jar;\\vmware-host\Shared Folders\.m2\repository\org\slf4j\slf4j-log4j12\1.5.6\slf4j-log4j12-1.5.6.jar;\\vmware-host\Shared Folders\.m2\repository\log4j\log4j\1.2.14\log4j-1.2.14.jar;"/>
    <property name="org.glassfish.jms.InitializeOnDemand" value="true"/>
    <property name="org.glassfish.embeddable.installRoot" value="C:\appServers\glassfish3.1.2\glassfish3\glassfish"/>
    <property name="java.vm.specification.name" value="Java Virtual Machine Specification"/>
    <property name="java.vm.specification.version" value="1.7"/>
    <property name="javax.rmi.CORBA.PortableRemoteObjectClass" value="com.sun.corba.ee.impl.javax.rmi.PortableRemoteObject"/>
    <property name="sun.os.patch.level" value=""/>
    <property name="sun.cpu.endian" value="little"/>
    <property name="java.awt.headless" value="true"/>
    <property name="gosh.args" value="--nointeractive"/>
    <property name="surefire.test.class.path" value="C:\Java\Eclipse\sga-jee\target\test-classes;C:\Java\Eclipse\sga-jee\target\classes;C:\appServers\glassfish3.1.2\glassfish3\glassfish\lib\embedded\glassfish-embedded-static-shell.jar;\\vmware-host\Shared Folders\.m2\repository\javax\javaee-api\6.0\javaee-api-6.0.jar;\\vmware-host\Shared Folders\.m2\repository\junit\junit\4.10\junit-4.10.jar;\\vmware-host\Shared Folders\.m2\repository\org\hamcrest\hamcrest-core\1.1\hamcrest-core-1.1.jar;\\vmware-host\Shared Folders\.m2\repository\mysql\mysql-connector-java\5.1.20\mysql-connector-java-5.1.20.jar;\\vmware-host\Shared Folders\.m2\repository\org\hibernate\hibernate-entitymanager\4.1.4.Final\hibernate-entitymanager-4.1.4.Final.jar;\\vmware-host\Shared Folders\.m2\repository\org\jboss\logging\jboss-logging\3.1.0.GA\jboss-logging-3.1.0.GA.jar;\\vmware-host\Shared Folders\.m2\repository\org\hibernate\hibernate-core\4.1.4.Final\hibernate-core-4.1.4.Final.jar;\\vmware-host\Shared Folders\.m2\repository\antlr\antlr\2.7.7\antlr-2.7.7.jar;\\vmware-host\Shared Folders\.m2\repository\org\jboss\spec\javax\transaction\jboss-transaction-api_1.1_spec\1.0.0.Final\jboss-transaction-api_1.1_spec-1.0.0.Final.jar;\\vmware-host\Shared Folders\.m2\repository\dom4j\dom4j\1.6.1\dom4j-1.6.1.jar;\\vmware-host\Shared Folders\.m2\repository\org\hibernate\javax\persistence\hibernate-jpa-2.0-api\1.0.1.Final\hibernate-jpa-2.0-api-1.0.1.Final.jar;\\vmware-host\Shared Folders\.m2\repository\org\javassist\javassist\3.15.0-GA\javassist-3.15.0-GA.jar;\\vmware-host\Shared Folders\.m2\repository\org\hibernate\common\hibernate-commons-annotations\4.0.1.Final\hibernate-commons-annotations-4.0.1.Final.jar;\\vmware-host\Shared Folders\.m2\repository\org\slf4j\slf4j-api\1.5.6\slf4j-api-1.5.6.jar;\\vmware-host\Shared Folders\.m2\repository\org\slf4j\slf4j-log4j12\1.5.6\slf4j-log4j12-1.5.6.jar;\\vmware-host\Shared Folders\.m2\repository\log4j\log4j\1.2.14\log4j-1.2.14.jar;"/>
    <property name="java.io.tmpdir" value="C:\Users\UBALDO~1\AppData\Local\Temp\"/>
    <property name="com.sun.jts.pi.CLIENT_POLICY_CHECKING" value="false"/>
    <property name="com.sun.aas.imqLib" value="C:\appServers\glassfish3.1.2\glassfish3\mq\lib"/>
    <property name="java.vendor.url.bug" value="http://bugreport.sun.com/bugreport/"/>
    <property name="com.sun.aas.domainsRoot" value="C:\appServers\glassfish3.1.2\glassfish3\glassfish\domains"/>
    <property name="java.awt.graphicsenv" value="sun.awt.Win32GraphicsEnvironment"/>
    <property name="os.arch" value="amd64"/>
    <property name="java.ext.dirs" value="C:\Program Files\Java\jdk1.7.0_04\jre/lib/ext;C:\Program Files\Java\jdk1.7.0_04\jre/jre/lib/ext;C:\Users\UBALDO~1\AppData\Local\Temp\gfembed1716552071032090596tmp/lib/ext"/>
    <property name="felix.fileinstall.bundles.startTransient" value="true"/>
    <property name="ejb.home" value="C:\appServers\glassfish3.1.2\glassfish3\glassfish\modules\ejb"/>
    <property name="user.dir" value="C:\Java\Eclipse\sga-jee"/>
    <property name="com.sun.aas.instanceRoot" value="C:\Users\UBALDO~1\AppData\Local\Temp\gfembed1716552071032090596tmp"/>
    <property name="line.separator" value="
"/>
    <property name="java.vm.name" value="Java HotSpot(TM) 64-Bit Server VM"/>
    <property name="glassfish.version" value="GlassFish Server Open Source Edition 3.1.2 (build 23)"/>
    <property name="java.security.auth.login.config" value="C:\Users\UBALDO~1\AppData\Local\Temp\gfembed1716552071032090596tmp/config/login.conf"/>
    <property name="basedir" value="C:\Java\Eclipse\sga-jee"/>
    <property name="javax.management.builder.initial" value="com.sun.enterprise.v3.admin.AppServerMBeanServerBuilder"/>
    <property name="file.encoding" value="Cp1252"/>
    <property name="com.sun.enterprise.security.httpsOutboundKeyAlias" value="s1as"/>
    <property name="org.omg.CORBA.ORBClass" value="com.sun.corba.ee.impl.orb.ORBImpl"/>
    <property name="ANTLR_USE_DIRECT_CLASS_LOADING" value="true"/>
    <property name="felix.fileinstall.bundles.new.start" value="true"/>
    <property name="java.specification.version" value="1.7"/>
    <property name="javax.net.ssl.trustStore" value="C:\Users\UBALDO~1\AppData\Local\Temp\gfembed1716552071032090596tmp/config/cacerts.jks"/>
    <property name="jpa.home" value="C:\appServers\glassfish3.1.2\glassfish3\glassfish\modules\jpa"/>
    <property name="osgi.shell.telnet.port" value="6666"/>
  </properties>
  <testcase time="21.841" classname="test.PersonaServiceTest" name="testEJBPersonaService">
    <error message="Failed to deploy EJB modules - see log for details" type="javax.ejb.EJBException">javax.ejb.EJBException: Failed to deploy EJB modules - see log for details
	at org.glassfish.ejb.embedded.EJBContainerImpl.deploy(EJBContainerImpl.java:150)
	at org.glassfish.ejb.embedded.EJBContainerProviderImpl.createEJBContainer(EJBContainerProviderImpl.java:134)
	at javax.ejb.embeddable.EJBContainer.createEJBContainer(EJBContainer.java:127)
	at javax.ejb.embeddable.EJBContainer.createEJBContainer(EJBContainer.java:102)
	at test.PersonaServiceTest.setUp(PersonaServiceTest.java:17)
	at sun.reflect.NativeMethodAccessorImpl.invoke0(Native Method)
	at sun.reflect.NativeMethodAccessorImpl.invoke(NativeMethodAccessorImpl.java:57)
	at sun.reflect.DelegatingMethodAccessorImpl.invoke(DelegatingMethodAccessorImpl.java:43)
	at java.lang.reflect.Method.invoke(Method.java:601)
	at org.junit.runners.model.FrameworkMethod$1.runReflectiveCall(FrameworkMethod.java:45)
	at org.junit.internal.runners.model.ReflectiveCallable.run(ReflectiveCallable.java:15)
	at org.junit.runners.model.FrameworkMethod.invokeExplosively(FrameworkMethod.java:42)
	at org.junit.internal.runners.statements.RunBefores.evaluate(RunBefores.java:27)
	at org.junit.runners.ParentRunner.runLeaf(ParentRunner.java:263)
	at org.junit.runners.BlockJUnit4ClassRunner.runChild(BlockJUnit4ClassRunner.java:68)
	at org.junit.runners.BlockJUnit4ClassRunner.runChild(BlockJUnit4ClassRunner.java:47)
	at org.junit.runners.ParentRunner$3.run(ParentRunner.java:231)
	at org.junit.runners.ParentRunner$1.schedule(ParentRunner.java:60)
	at org.junit.runners.ParentRunner.runChildren(ParentRunner.java:229)
	at org.junit.runners.ParentRunner.access$000(ParentRunner.java:50)
	at org.junit.runners.ParentRunner$2.evaluate(ParentRunner.java:222)
	at org.junit.runners.ParentRunner.run(ParentRunner.java:300)
	at org.apache.maven.surefire.junit4.JUnit4TestSet.execute(JUnit4TestSet.java:35)
	at org.apache.maven.surefire.junit4.JUnit4Provider.executeTestSet(JUnit4Provider.java:146)
	at org.apache.maven.surefire.junit4.JUnit4Provider.invoke(JUnit4Provider.java:97)
	at sun.reflect.NativeMethodAccessorImpl.invoke0(Native Method)
	at sun.reflect.NativeMethodAccessorImpl.invoke(NativeMethodAccessorImpl.java:57)
	at sun.reflect.DelegatingMethodAccessorImpl.invoke(DelegatingMethodAccessorImpl.java:43)
	at java.lang.reflect.Method.invoke(Method.java:601)
	at org.apache.maven.surefire.booter.ProviderFactory$ClassLoaderProxy.invoke(ProviderFactory.java:103)
	at $Proxy0.invoke(Unknown Source)
	at org.apache.maven.surefire.booter.SurefireStarter.invokeProvider(SurefireStarter.java:145)
	at org.apache.maven.surefire.booter.SurefireStarter.runSuitesInProcess(SurefireStarter.java:87)
	at org.apache.maven.surefire.booter.ForkedBooter.main(ForkedBooter.java:69)
</error>
    <system-out>@HL
@HL-------------------------------------------------------
@HL T E S T S
@HL-------------------------------------------------------
@SLRunning test.PersonaServiceTest
</system-out>
    <system-err>SLF4J: Class path contains multiple SLF4J bindings.
SLF4J: Found binding in [jar:file:/C:/appServers/glassfish3.1.2/glassfish3/glassfish/modules/weld-osgi-bundle.jar!/org/slf4j/impl/StaticLoggerBinder.class]
SLF4J: Found binding in [jar:file:/C:/appServers/glassfish3.1.2/glassfish3/glassfish/modules/bean-validator.jar!/org/slf4j/impl/StaticLoggerBinder.class]
SLF4J: Found binding in [jar:file://vmware-host/Shared%20Folders/.m2/repository/org/slf4j/slf4j-log4j12/1.5.6/slf4j-log4j12-1.5.6.jar!/org/slf4j/impl/StaticLoggerBinder.class]
SLF4J: See http://www.slf4j.org/codes.html#multiple_bindings for an explanation.
jul 09, 2012 11:46:04 PM org.hibernate.validator.util.Version &lt;clinit&gt;
Información: Hibernate Validator 4.2.0.Final
jul 09, 2012 11:46:04 PM org.glassfish.ha.store.spi.BackingStoreFactoryRegistry register
Información: Registered org.glassfish.ha.store.adapter.cache.ShoalBackingStoreProxy for persistence-type = replicated in BackingStoreFactoryRegistry
jul 09, 2012 11:46:04 PM com.sun.enterprise.v3.server.AppServerStartup run
Información: GlassFish Server Open Source Edition 3.1.2 (23) startup time : Embedded (827ms), startup services(1,015ms), total(1,842ms)
jul 09, 2012 11:46:05 PM org.glassfish.admin.mbeanserver.JMXStartupService$JMXConnectorsStarterThread run
Información: JMX006: JMXStartupService had disabled JMXConnector system
jul 09, 2012 11:46:06 PM org.glassfish.admin.mbeanserver.JMXStartupService shutdown
Información: JMX001: JMXStartupService and JMXConnectors have been shut down.
jul 09, 2012 11:46:06 PM com.sun.enterprise.v3.server.AppServerStartup stop
Información: Shutdown procedure finished
jul 09, 2012 11:46:06 PM AppServerStartup run
Información: [Thread[GlassFish Kernel Main Thread,5,main]] exiting
jul 09, 2012 11:46:06 PM org.glassfish.ha.store.spi.BackingStoreFactoryRegistry register
Información: Registered org.glassfish.ha.store.adapter.cache.ShoalBackingStoreProxy for persistence-type = replicated in BackingStoreFactoryRegistry
jul 09, 2012 11:46:06 PM com.sun.enterprise.v3.server.AppServerStartup run
Información: GlassFish Server Open Source Edition 3.1.2 (23) startup time : Embedded (3,512ms), startup services(173ms), total(3,685ms)
jul 09, 2012 11:46:06 PM org.glassfish.admin.mbeanserver.JMXStartupService$JMXConnectorsStarterThread run
Información: JMX006: JMXStartupService had disabled JMXConnector system
jul 09, 2012 11:46:06 PM org.glassfish.ejb.embedded.EJBContainerProviderImpl skipJar
Información: ... skipping entry with a Manifest file with a special attribute: glassfish-embedded-static-shell.jar
jul 09, 2012 11:46:06 PM org.glassfish.ejb.embedded.DeploymentElement getOrCreateApplication
Información: [DeploymentElement] adding EJB module to ScatteredArchive classes
jul 09, 2012 11:46:06 PM org.glassfish.ejb.embedded.DeploymentElement getOrCreateApplication
Información: [DeploymentElement] adding library to ScatteredArchive test-classes
jul 09, 2012 11:46:06 PM org.glassfish.ejb.embedded.EJBContainerImpl deploy
Información: [EJBContainerImpl] Deploying app: org.glassfish.embeddable.archive.ScatteredArchive@3be9bb55
jul 09, 2012 11:46:08 PM com.sun.ejb.containers.EjbContainerUtilImpl createThreadPoolExecutor
Información: Created EjbThreadPoolExecutor with thread-core-pool-size 16 thread-max-pool-size 32 thread-keep-alive-seconds 60 thread-queue-capacity 2147483647 allow-core-thread-timeout false 
jul 09, 2012 11:46:08 PM com.sun.enterprise.security.SecurityLifecycle &lt;init&gt;
Información: SEC1002: Security Manager is OFF.
jul 09, 2012 11:46:08 PM com.sun.enterprise.security.SecurityLifecycle onInitialization
Información: SEC1010: Entering Security Startup Service
jul 09, 2012 11:46:08 PM com.sun.enterprise.security.PolicyLoader loadPolicy
Información: SEC1143: Loading policy provider com.sun.enterprise.security.provider.PolicyWrapper.
jul 09, 2012 11:46:08 PM com.sun.enterprise.security.auth.realm.Realm doInstantiate
Información: SEC1115: Realm [admin-realm] of classtype [com.sun.enterprise.security.auth.realm.file.FileRealm] successfully created.
jul 09, 2012 11:46:08 PM com.sun.enterprise.security.auth.realm.Realm doInstantiate
Información: SEC1115: Realm [file] of classtype [com.sun.enterprise.security.auth.realm.file.FileRealm] successfully created.
jul 09, 2012 11:46:08 PM com.sun.enterprise.security.auth.realm.Realm doInstantiate
Información: SEC1115: Realm [certificate] of classtype [com.sun.enterprise.security.auth.realm.certificate.CertificateRealm] successfully created.
jul 09, 2012 11:46:08 PM com.sun.enterprise.security.SecurityLifecycle onInitialization
Información: SEC1011: Security Service(s) Started Successfully
jul 09, 2012 11:46:12 PM org.eclipse.persistence.session.file:/C:/Users/UBALDO~1/AppData/Local/Temp/gfembed1716552071032090596tmp/applications/classes/_PersonaPU
Información: EclipseLink, version: Eclipse Persistence Services - 2.3.2.v20111125-r10461
jul 09, 2012 11:46:16 PM org.eclipse.persistence.session.file:/C:/Users/UBALDO~1/AppData/Local/Temp/gfembed1716552071032090596tmp/applications/classes/_PersonaPU
Información: file:/C:/Users/UBALDO~1/AppData/Local/Temp/gfembed1716552071032090596tmp/applications/classes/_PersonaPU login successful
jul 09, 2012 11:46:16 PM org.eclipse.persistence.session.file:/C:/Users/UBALDO~1/AppData/Local/Temp/gfembed1716552071032090596tmp/applications/classes/_PersonaPU.server
Advertencia: Failed to find MBean Server: null or empty List returned from MBeanServerFactory.findMBeanServer(null)
jul 09, 2012 11:46:16 PM com.sun.ejb.containers.BaseContainer initializeHome
Información: EJB5181:Portable JNDI names for EJB UsuarioDaoImpl: [java:global/classes/UsuarioDaoImpl, java:global/classes/UsuarioDaoImpl!mx.com.gm.sga.eis.UsuarioDao]
jul 09, 2012 11:46:21 PM com.sun.corba.ee.spi.orbutil.logex.WrapperGenerator handleFullLogging
Grave: IOP00410016: Unable to create IIOP listener on the specified host all interfaces and port 3,700
org.omg.CORBA.COMM_FAILURE: Grave: IOP00410016: Unable to create IIOP listener on the specified host all interfaces and port 3,700  vmcid: OMG  minor code: 16  completed: No
	at sun.reflect.NativeConstructorAccessorImpl.newInstance0(Native Method)
	at sun.reflect.NativeConstructorAccessorImpl.newInstance(NativeConstructorAccessorImpl.java:57)
	at sun.reflect.DelegatingConstructorAccessorImpl.newInstance(DelegatingConstructorAccessorImpl.java:45)
	at java.lang.reflect.Constructor.newInstance(Constructor.java:525)
	at com.sun.corba.ee.spi.orbutil.logex.corba.CorbaExtension.makeException(CorbaExtension.java:248)
	at com.sun.corba.ee.spi.orbutil.logex.corba.CorbaExtension.makeException(CorbaExtension.java:95)
	at com.sun.corba.ee.spi.orbutil.logex.WrapperGenerator.handleFullLogging(WrapperGenerator.java:387)
	at com.sun.corba.ee.spi.orbutil.logex.WrapperGenerator.access$400(WrapperGenerator.java:107)
	at com.sun.corba.ee.spi.orbutil.logex.WrapperGenerator$2.invoke(WrapperGenerator.java:511)
	at com.sun.corba.ee.spi.orbutil.proxy.CompositeInvocationHandlerImpl.invoke(CompositeInvocationHandlerImpl.java:99)
	at $Proxy139.createListenerFailed(Unknown Source)
	at com.sun.corba.ee.impl.transport.SocketOrChannelAcceptorImpl.initialize(SocketOrChannelAcceptorImpl.java:98)
	at com.sun.corba.ee.impl.transport.CorbaTransportManagerImpl.getAcceptors(CorbaTransportManagerImpl.java:248)
	at com.sun.corba.ee.impl.transport.CorbaTransportManagerImpl.addToIORTemplate(CorbaTransportManagerImpl.java:267)
	at com.sun.corba.ee.spi.oa.ObjectAdapterBase.initializeTemplate(ObjectAdapterBase.java:103)
	at com.sun.corba.ee.impl.oa.poa.POAImpl.initialize(POAImpl.java:553)
	at com.sun.corba.ee.impl.oa.poa.POAImpl.makeRootPOA(POAImpl.java:352)
	at com.sun.corba.ee.impl.oa.poa.POAFactory$1.evaluate(POAFactory.java:286)
	at com.sun.corba.ee.impl.orbutil.closure.Future.evaluate(Future.java:61)
	at com.sun.corba.ee.impl.resolver.LocalResolverImpl.resolve(LocalResolverImpl.java:55)
	at com.sun.corba.ee.impl.resolver.CompositeResolverImpl.resolve(CompositeResolverImpl.java:59)
	at com.sun.corba.ee.impl.orb.ORBImpl.resolve_initial_references(ORBImpl.java:1266)
	at com.sun.corba.ee.impl.naming.cosnaming.TransientNameService.initialize(TransientNameService.java:124)
	at com.sun.corba.ee.impl.naming.cosnaming.TransientNameService.&lt;init&gt;(TransientNameService.java:93)
	at org.glassfish.enterprise.iiop.impl.PEORBConfigurator.configure(PEORBConfigurator.java:161)
	at com.sun.corba.ee.impl.orb.ORBConfiguratorImpl.runUserConfigurators(ORBConfiguratorImpl.java:185)
	at com.sun.corba.ee.impl.orb.ORBConfiguratorImpl.configure(ORBConfiguratorImpl.java:170)
	at com.sun.corba.ee.impl.orb.ORBImpl.postInit(ORBImpl.java:625)
	at com.sun.corba.ee.impl.orb.ORBImpl.set_parameters(ORBImpl.java:704)
	at com.sun.corba.ee.impl.orb.ORBImpl.setParameters(ORBImpl.java:691)
	at com.sun.corba.ee.spi.osgi.ORBFactory.initialize(ORBFactory.java:107)
	at org.glassfish.enterprise.iiop.impl.GlassFishORBManager.initORB(GlassFishORBManager.java:581)
	at org.glassfish.enterprise.iiop.impl.GlassFishORBManager.getORB(GlassFishORBManager.java:263)
	at org.glassfish.enterprise.iiop.impl.GlassFishORBFactoryImpl.createORB(GlassFishORBFactoryImpl.java:93)
	at org.glassfish.enterprise.iiop.api.GlassFishORBHelper.getORB(GlassFishORBHelper.java:152)
	at org.glassfish.enterprise.iiop.api.GlassFishORBHelper.getProtocolManager(GlassFishORBHelper.java:219)
	at com.sun.ejb.containers.BaseContainer.initializeProtocolManager(BaseContainer.java:824)
	at com.sun.ejb.containers.BaseContainer.&lt;init&gt;(BaseContainer.java:569)
	at com.sun.ejb.containers.StatelessSessionContainer.&lt;init&gt;(StatelessSessionContainer.java:155)
	at com.sun.ejb.containers.StatelessSessionContainer.&lt;init&gt;(StatelessSessionContainer.java:149)
	at com.sun.ejb.containers.ContainerFactoryImpl.createContainer(ContainerFactoryImpl.java:105)
	at org.glassfish.ejb.startup.EjbApplication.loadContainers(EjbApplication.java:230)
	at org.glassfish.ejb.startup.EjbDeployer.load(EjbDeployer.java:299)
	at org.glassfish.ejb.startup.EjbDeployer.load(EjbDeployer.java:105)
	at org.glassfish.internal.data.ModuleInfo.load(ModuleInfo.java:186)
	at org.glassfish.internal.data.ApplicationInfo.load(ApplicationInfo.java:264)
	at com.sun.enterprise.v3.server.ApplicationLifecycle.deploy(ApplicationLifecycle.java:460)
	at com.sun.enterprise.v3.server.ApplicationLifecycle.deploy(ApplicationLifecycle.java:240)
	at org.glassfish.deployment.admin.DeployCommand.execute(DeployCommand.java:389)
	at com.sun.enterprise.v3.admin.CommandRunnerImpl$1.execute(CommandRunnerImpl.java:348)
	at com.sun.enterprise.v3.admin.CommandRunnerImpl.doCommand(CommandRunnerImpl.java:363)
	at com.sun.enterprise.v3.admin.CommandRunnerImpl.doCommand(CommandRunnerImpl.java:1085)
	at com.sun.enterprise.v3.admin.CommandRunnerImpl.access$1200(CommandRunnerImpl.java:95)
	at com.sun.enterprise.v3.admin.CommandRunnerImpl$ExecutionContext.execute(CommandRunnerImpl.java:1291)
	at com.sun.enterprise.v3.admin.CommandRunnerImpl$ExecutionContext.execute(CommandRunnerImpl.java:1259)
	at com.sun.enterprise.admin.cli.embeddable.DeployerImpl.deploy(DeployerImpl.java:129)
	at com.sun.enterprise.admin.cli.embeddable.DeployerImpl.deploy(DeployerImpl.java:105)
	at org.glassfish.ejb.embedded.EJBContainerImpl.deploy(EJBContainerImpl.java:140)
	at org.glassfish.ejb.embedded.EJBContainerProviderImpl.createEJBContainer(EJBContainerProviderImpl.java:134)
	at javax.ejb.embeddable.EJBContainer.createEJBContainer(EJBContainer.java:127)
	at javax.ejb.embeddable.EJBContainer.createEJBContainer(EJBContainer.java:102)
	at test.PersonaServiceTest.setUp(PersonaServiceTest.java:17)
	at sun.reflect.NativeMethodAccessorImpl.invoke0(Native Method)
	at sun.reflect.NativeMethodAccessorImpl.invoke(NativeMethodAccessorImpl.java:57)
	at sun.reflect.DelegatingMethodAccessorImpl.invoke(DelegatingMethodAccessorImpl.java:43)
	at java.lang.reflect.Method.invoke(Method.java:601)
	at org.junit.runners.model.FrameworkMethod$1.runReflectiveCall(FrameworkMethod.java:45)
	at org.junit.internal.runners.model.ReflectiveCallable.run(ReflectiveCallable.java:15)
	at org.junit.runners.model.FrameworkMethod.invokeExplosively(FrameworkMethod.java:42)
	at org.junit.internal.runners.statements.RunBefores.evaluate(RunBefores.java:27)
	at org.junit.runners.ParentRunner.runLeaf(ParentRunner.java:263)
	at org.junit.runners.BlockJUnit4ClassRunner.runChild(BlockJUnit4ClassRunner.java:68)
	at org.junit.runners.BlockJUnit4ClassRunner.runChild(BlockJUnit4ClassRunner.java:47)
	at org.junit.runners.ParentRunner$3.run(ParentRunner.java:231)
	at org.junit.runners.ParentRunner$1.schedule(ParentRunner.java:60)
	at org.junit.runners.ParentRunner.runChildren(ParentRunner.java:229)
	at org.junit.runners.ParentRunner.access$000(ParentRunner.java:50)
	at org.junit.runners.ParentRunner$2.evaluate(ParentRunner.java:222)
	at org.junit.runners.ParentRunner.run(ParentRunner.java:300)
	at org.apache.maven.surefire.junit4.JUnit4TestSet.execute(JUnit4TestSet.java:35)
	at org.apache.maven.surefire.junit4.JUnit4Provider.executeTestSet(JUnit4Provider.java:146)
	at org.apache.maven.surefire.junit4.JUnit4Provider.invoke(JUnit4Provider.java:97)
	at sun.reflect.NativeMethodAccessorImpl.invoke0(Native Method)
	at sun.reflect.NativeMethodAccessorImpl.invoke(NativeMethodAccessorImpl.java:57)
	at sun.reflect.DelegatingMethodAccessorImpl.invoke(DelegatingMethodAccessorImpl.java:43)
	at java.lang.reflect.Method.invoke(Method.java:601)
	at org.apache.maven.surefire.booter.ProviderFactory$ClassLoaderProxy.invoke(ProviderFactory.java:103)
	at $Proxy0.invoke(Unknown Source)
	at org.apache.maven.surefire.booter.SurefireStarter.invokeProvider(SurefireStarter.java:145)
	at org.apache.maven.surefire.booter.SurefireStarter.runSuitesInProcess(SurefireStarter.java:87)
	at org.apache.maven.surefire.booter.ForkedBooter.main(ForkedBooter.java:69)
Caused by: java.net.BindException: Address already in use: bind
	at sun.nio.ch.Net.bind0(Native Method)
	at sun.nio.ch.Net.bind(Net.java:344)
	at sun.nio.ch.Net.bind(Net.java:336)
	at sun.nio.ch.ServerSocketChannelImpl.bind(ServerSocketChannelImpl.java:199)
	at sun.nio.ch.ServerSocketAdaptor.bind(ServerSocketAdaptor.java:74)
	at sun.nio.ch.ServerSocketAdaptor.bind(ServerSocketAdaptor.java:67)
	at org.glassfish.enterprise.iiop.impl.IIOPSSLSocketFactory.createServerSocket(IIOPSSLSocketFactory.java:292)
	at com.sun.corba.ee.impl.transport.SocketOrChannelAcceptorImpl.initialize(SocketOrChannelAcceptorImpl.java:91)
	... 79 more

jul 09, 2012 11:46:21 PM com.sun.corba.ee.spi.orbutil.logex.WrapperGenerator handleFullLogging
Advertencia: IOP00910450: SystemException in transient name service while initializing
org.omg.CORBA.INITIALIZE: Advertencia: IOP00910450: SystemException in transient name service while initializing  vmcid: OMG  minor code: 450  completed: No
	at sun.reflect.NativeConstructorAccessorImpl.newInstance0(Native Method)
	at sun.reflect.NativeConstructorAccessorImpl.newInstance(NativeConstructorAccessorImpl.java:57)
	at sun.reflect.DelegatingConstructorAccessorImpl.newInstance(DelegatingConstructorAccessorImpl.java:45)
	at java.lang.reflect.Constructor.newInstance(Constructor.java:525)
	at com.sun.corba.ee.spi.orbutil.logex.corba.CorbaExtension.makeException(CorbaExtension.java:248)
	at com.sun.corba.ee.spi.orbutil.logex.corba.CorbaExtension.makeException(CorbaExtension.java:95)
	at com.sun.corba.ee.spi.orbutil.logex.WrapperGenerator.handleFullLogging(WrapperGenerator.java:387)
	at com.sun.corba.ee.spi.orbutil.logex.WrapperGenerator.access$400(WrapperGenerator.java:107)
	at com.sun.corba.ee.spi.orbutil.logex.WrapperGenerator$2.invoke(WrapperGenerator.java:511)
	at com.sun.corba.ee.spi.orbutil.proxy.CompositeInvocationHandlerImpl.invoke(CompositeInvocationHandlerImpl.java:99)
	at $Proxy168.transNsCannotCreateInitialNcSys(Unknown Source)
	at com.sun.corba.ee.impl.naming.cosnaming.TransientNameService.initialize(TransientNameService.java:151)
	at com.sun.corba.ee.impl.naming.cosnaming.TransientNameService.&lt;init&gt;(TransientNameService.java:93)
	at org.glassfish.enterprise.iiop.impl.PEORBConfigurator.configure(PEORBConfigurator.java:161)
	at com.sun.corba.ee.impl.orb.ORBConfiguratorImpl.runUserConfigurators(ORBConfiguratorImpl.java:185)
	at com.sun.corba.ee.impl.orb.ORBConfiguratorImpl.configure(ORBConfiguratorImpl.java:170)
	at com.sun.corba.ee.impl.orb.ORBImpl.postInit(ORBImpl.java:625)
	at com.sun.corba.ee.impl.orb.ORBImpl.set_parameters(ORBImpl.java:704)
	at com.sun.corba.ee.impl.orb.ORBImpl.setParameters(ORBImpl.java:691)
	at com.sun.corba.ee.spi.osgi.ORBFactory.initialize(ORBFactory.java:107)
	at org.glassfish.enterprise.iiop.impl.GlassFishORBManager.initORB(GlassFishORBManager.java:581)
	at org.glassfish.enterprise.iiop.impl.GlassFishORBManager.getORB(GlassFishORBManager.java:263)
	at org.glassfish.enterprise.iiop.impl.GlassFishORBFactoryImpl.createORB(GlassFishORBFactoryImpl.java:93)
	at org.glassfish.enterprise.iiop.api.GlassFishORBHelper.getORB(GlassFishORBHelper.java:152)
	at org.glassfish.enterprise.iiop.api.GlassFishORBHelper.getProtocolManager(GlassFishORBHelper.java:219)
	at com.sun.ejb.containers.BaseContainer.initializeProtocolManager(BaseContainer.java:824)
	at com.sun.ejb.containers.BaseContainer.&lt;init&gt;(BaseContainer.java:569)
	at com.sun.ejb.containers.StatelessSessionContainer.&lt;init&gt;(StatelessSessionContainer.java:155)
	at com.sun.ejb.containers.StatelessSessionContainer.&lt;init&gt;(StatelessSessionContainer.java:149)
	at com.sun.ejb.containers.ContainerFactoryImpl.createContainer(ContainerFactoryImpl.java:105)
	at org.glassfish.ejb.startup.EjbApplication.loadContainers(EjbApplication.java:230)
	at org.glassfish.ejb.startup.EjbDeployer.load(EjbDeployer.java:299)
	at org.glassfish.ejb.startup.EjbDeployer.load(EjbDeployer.java:105)
	at org.glassfish.internal.data.ModuleInfo.load(ModuleInfo.java:186)
	at org.glassfish.internal.data.ApplicationInfo.load(ApplicationInfo.java:264)
	at com.sun.enterprise.v3.server.ApplicationLifecycle.deploy(ApplicationLifecycle.java:460)
	at com.sun.enterprise.v3.server.ApplicationLifecycle.deploy(ApplicationLifecycle.java:240)
	at org.glassfish.deployment.admin.DeployCommand.execute(DeployCommand.java:389)
	at com.sun.enterprise.v3.admin.CommandRunnerImpl$1.execute(CommandRunnerImpl.java:348)
	at com.sun.enterprise.v3.admin.CommandRunnerImpl.doCommand(CommandRunnerImpl.java:363)
	at com.sun.enterprise.v3.admin.CommandRunnerImpl.doCommand(CommandRunnerImpl.java:1085)
	at com.sun.enterprise.v3.admin.CommandRunnerImpl.access$1200(CommandRunnerImpl.java:95)
	at com.sun.enterprise.v3.admin.CommandRunnerImpl$ExecutionContext.execute(CommandRunnerImpl.java:1291)
	at com.sun.enterprise.v3.admin.CommandRunnerImpl$ExecutionContext.execute(CommandRunnerImpl.java:1259)
	at com.sun.enterprise.admin.cli.embeddable.DeployerImpl.deploy(DeployerImpl.java:129)
	at com.sun.enterprise.admin.cli.embeddable.DeployerImpl.deploy(DeployerImpl.java:105)
	at org.glassfish.ejb.embedded.EJBContainerImpl.deploy(EJBContainerImpl.java:140)
	at org.glassfish.ejb.embedded.EJBContainerProviderImpl.createEJBContainer(EJBContainerProviderImpl.java:134)
	at javax.ejb.embeddable.EJBContainer.createEJBContainer(EJBContainer.java:127)
	at javax.ejb.embeddable.EJBContainer.createEJBContainer(EJBContainer.java:102)
	at test.PersonaServiceTest.setUp(PersonaServiceTest.java:17)
	at sun.reflect.NativeMethodAccessorImpl.invoke0(Native Method)
	at sun.reflect.NativeMethodAccessorImpl.invoke(NativeMethodAccessorImpl.java:57)
	at sun.reflect.DelegatingMethodAccessorImpl.invoke(DelegatingMethodAccessorImpl.java:43)
	at java.lang.reflect.Method.invoke(Method.java:601)
	at org.junit.runners.model.FrameworkMethod$1.runReflectiveCall(FrameworkMethod.java:45)
	at org.junit.internal.runners.model.ReflectiveCallable.run(ReflectiveCallable.java:15)
	at org.junit.runners.model.FrameworkMethod.invokeExplosively(FrameworkMethod.java:42)
	at org.junit.internal.runners.statements.RunBefores.evaluate(RunBefores.java:27)
	at org.junit.runners.ParentRunner.runLeaf(ParentRunner.java:263)
	at org.junit.runners.BlockJUnit4ClassRunner.runChild(BlockJUnit4ClassRunner.java:68)
	at org.junit.runners.BlockJUnit4ClassRunner.runChild(BlockJUnit4ClassRunner.java:47)
	at org.junit.runners.ParentRunner$3.run(ParentRunner.java:231)
	at org.junit.runners.ParentRunner$1.schedule(ParentRunner.java:60)
	at org.junit.runners.ParentRunner.runChildren(ParentRunner.java:229)
	at org.junit.runners.ParentRunner.access$000(ParentRunner.java:50)
	at org.junit.runners.ParentRunner$2.evaluate(ParentRunner.java:222)
	at org.junit.runners.ParentRunner.run(ParentRunner.java:300)
	at org.apache.maven.surefire.junit4.JUnit4TestSet.execute(JUnit4TestSet.java:35)
	at org.apache.maven.surefire.junit4.JUnit4Provider.executeTestSet(JUnit4Provider.java:146)
	at org.apache.maven.surefire.junit4.JUnit4Provider.invoke(JUnit4Provider.java:97)
	at sun.reflect.NativeMethodAccessorImpl.invoke0(Native Method)
	at sun.reflect.NativeMethodAccessorImpl.invoke(NativeMethodAccessorImpl.java:57)
	at sun.reflect.DelegatingMethodAccessorImpl.invoke(DelegatingMethodAccessorImpl.java:43)
	at java.lang.reflect.Method.invoke(Method.java:601)
	at org.apache.maven.surefire.booter.ProviderFactory$ClassLoaderProxy.invoke(ProviderFactory.java:103)
	at $Proxy0.invoke(Unknown Source)
	at org.apache.maven.surefire.booter.SurefireStarter.invokeProvider(SurefireStarter.java:145)
	at org.apache.maven.surefire.booter.SurefireStarter.runSuitesInProcess(SurefireStarter.java:87)
	at org.apache.maven.surefire.booter.ForkedBooter.main(ForkedBooter.java:69)
Caused by: org.omg.CORBA.COMM_FAILURE: Grave: IOP00410016: Unable to create IIOP listener on the specified host all interfaces and port 3,700  vmcid: OMG  minor code: 16  completed: No
	at sun.reflect.NativeConstructorAccessorImpl.newInstance0(Native Method)
	at sun.reflect.NativeConstructorAccessorImpl.newInstance(NativeConstructorAccessorImpl.java:57)
	at sun.reflect.DelegatingConstructorAccessorImpl.newInstance(DelegatingConstructorAccessorImpl.java:45)
	at java.lang.reflect.Constructor.newInstance(Constructor.java:525)
	at com.sun.corba.ee.spi.orbutil.logex.corba.CorbaExtension.makeException(CorbaExtension.java:248)
	at com.sun.corba.ee.spi.orbutil.logex.corba.CorbaExtension.makeException(CorbaExtension.java:95)
	at com.sun.corba.ee.spi.orbutil.logex.WrapperGenerator.handleFullLogging(WrapperGenerator.java:387)
	at com.sun.corba.ee.spi.orbutil.logex.WrapperGenerator.access$400(WrapperGenerator.java:107)
	at com.sun.corba.ee.spi.orbutil.logex.WrapperGenerator$2.invoke(WrapperGenerator.java:511)
	at com.sun.corba.ee.spi.orbutil.proxy.CompositeInvocationHandlerImpl.invoke(CompositeInvocationHandlerImpl.java:99)
	at $Proxy139.createListenerFailed(Unknown Source)
	at com.sun.corba.ee.impl.transport.SocketOrChannelAcceptorImpl.initialize(SocketOrChannelAcceptorImpl.java:98)
	at com.sun.corba.ee.impl.transport.CorbaTransportManagerImpl.getAcceptors(CorbaTransportManagerImpl.java:248)
	at com.sun.corba.ee.impl.transport.CorbaTransportManagerImpl.addToIORTemplate(CorbaTransportManagerImpl.java:267)
	at com.sun.corba.ee.spi.oa.ObjectAdapterBase.initializeTemplate(ObjectAdapterBase.java:103)
	at com.sun.corba.ee.impl.oa.poa.POAImpl.initialize(POAImpl.java:553)
	at com.sun.corba.ee.impl.oa.poa.POAImpl.makeRootPOA(POAImpl.java:352)
	at com.sun.corba.ee.impl.oa.poa.POAFactory$1.evaluate(POAFactory.java:286)
	at com.sun.corba.ee.impl.orbutil.closure.Future.evaluate(Future.java:61)
	at com.sun.corba.ee.impl.resolver.LocalResolverImpl.resolve(LocalResolverImpl.java:55)
	at com.sun.corba.ee.impl.resolver.CompositeResolverImpl.resolve(CompositeResolverImpl.java:59)
	at com.sun.corba.ee.impl.orb.ORBImpl.resolve_initial_references(ORBImpl.java:1266)
	at com.sun.corba.ee.impl.naming.cosnaming.TransientNameService.initialize(TransientNameService.java:124)
	... 68 more
Caused by: java.net.BindException: Address already in use: bind
	at sun.nio.ch.Net.bind0(Native Method)
	at sun.nio.ch.Net.bind(Net.java:344)
	at sun.nio.ch.Net.bind(Net.java:336)
	at sun.nio.ch.ServerSocketChannelImpl.bind(ServerSocketChannelImpl.java:199)
	at sun.nio.ch.ServerSocketAdaptor.bind(ServerSocketAdaptor.java:74)
	at sun.nio.ch.ServerSocketAdaptor.bind(ServerSocketAdaptor.java:67)
	at org.glassfish.enterprise.iiop.impl.IIOPSSLSocketFactory.createServerSocket(IIOPSSLSocketFactory.java:292)
	at com.sun.corba.ee.impl.transport.SocketOrChannelAcceptorImpl.initialize(SocketOrChannelAcceptorImpl.java:91)
	... 79 more

jul 09, 2012 11:46:21 PM com.sun.corba.ee.spi.orbutil.logex.WrapperGenerator handleFullLogging
Advertencia: IOP00910007: Exception occurred while running a user configurator
org.omg.CORBA.INITIALIZE: Advertencia: IOP00910007: Exception occurred while running a user configurator  vmcid: OMG  minor code: 7  completed: No
	at sun.reflect.NativeConstructorAccessorImpl.newInstance0(Native Method)
	at sun.reflect.NativeConstructorAccessorImpl.newInstance(NativeConstructorAccessorImpl.java:57)
	at sun.reflect.DelegatingConstructorAccessorImpl.newInstance(DelegatingConstructorAccessorImpl.java:45)
	at java.lang.reflect.Constructor.newInstance(Constructor.java:525)
	at com.sun.corba.ee.spi.orbutil.logex.corba.CorbaExtension.makeException(CorbaExtension.java:248)
	at com.sun.corba.ee.spi.orbutil.logex.corba.CorbaExtension.makeException(CorbaExtension.java:95)
	at com.sun.corba.ee.spi.orbutil.logex.WrapperGenerator.handleFullLogging(WrapperGenerator.java:387)
	at com.sun.corba.ee.spi.orbutil.logex.WrapperGenerator.access$400(WrapperGenerator.java:107)
	at com.sun.corba.ee.spi.orbutil.logex.WrapperGenerator$2.invoke(WrapperGenerator.java:511)
	at com.sun.corba.ee.spi.orbutil.proxy.CompositeInvocationHandlerImpl.invoke(CompositeInvocationHandlerImpl.java:99)
	at $Proxy139.userConfiguratorException(Unknown Source)
	at com.sun.corba.ee.impl.orb.ORBConfiguratorImpl.runUserConfigurators(ORBConfiguratorImpl.java:187)
	at com.sun.corba.ee.impl.orb.ORBConfiguratorImpl.configure(ORBConfiguratorImpl.java:170)
	at com.sun.corba.ee.impl.orb.ORBImpl.postInit(ORBImpl.java:625)
	at com.sun.corba.ee.impl.orb.ORBImpl.set_parameters(ORBImpl.java:704)
	at com.sun.corba.ee.impl.orb.ORBImpl.setParameters(ORBImpl.java:691)
	at com.sun.corba.ee.spi.osgi.ORBFactory.initialize(ORBFactory.java:107)
	at org.glassfish.enterprise.iiop.impl.GlassFishORBManager.initORB(GlassFishORBManager.java:581)
	at org.glassfish.enterprise.iiop.impl.GlassFishORBManager.getORB(GlassFishORBManager.java:263)
	at org.glassfish.enterprise.iiop.impl.GlassFishORBFactoryImpl.createORB(GlassFishORBFactoryImpl.java:93)
	at org.glassfish.enterprise.iiop.api.GlassFishORBHelper.getORB(GlassFishORBHelper.java:152)
	at org.glassfish.enterprise.iiop.api.GlassFishORBHelper.getProtocolManager(GlassFishORBHelper.java:219)
	at com.sun.ejb.containers.BaseContainer.initializeProtocolManager(BaseContainer.java:824)
	at com.sun.ejb.containers.BaseContainer.&lt;init&gt;(BaseContainer.java:569)
	at com.sun.ejb.containers.StatelessSessionContainer.&lt;init&gt;(StatelessSessionContainer.java:155)
	at com.sun.ejb.containers.StatelessSessionContainer.&lt;init&gt;(StatelessSessionContainer.java:149)
	at com.sun.ejb.containers.ContainerFactoryImpl.createContainer(ContainerFactoryImpl.java:105)
	at org.glassfish.ejb.startup.EjbApplication.loadContainers(EjbApplication.java:230)
	at org.glassfish.ejb.startup.EjbDeployer.load(EjbDeployer.java:299)
	at org.glassfish.ejb.startup.EjbDeployer.load(EjbDeployer.java:105)
	at org.glassfish.internal.data.ModuleInfo.load(ModuleInfo.java:186)
	at org.glassfish.internal.data.ApplicationInfo.load(ApplicationInfo.java:264)
	at com.sun.enterprise.v3.server.ApplicationLifecycle.deploy(ApplicationLifecycle.java:460)
	at com.sun.enterprise.v3.server.ApplicationLifecycle.deploy(ApplicationLifecycle.java:240)
	at org.glassfish.deployment.admin.DeployCommand.execute(DeployCommand.java:389)
	at com.sun.enterprise.v3.admin.CommandRunnerImpl$1.execute(CommandRunnerImpl.java:348)
	at com.sun.enterprise.v3.admin.CommandRunnerImpl.doCommand(CommandRunnerImpl.java:363)
	at com.sun.enterprise.v3.admin.CommandRunnerImpl.doCommand(CommandRunnerImpl.java:1085)
	at com.sun.enterprise.v3.admin.CommandRunnerImpl.access$1200(CommandRunnerImpl.java:95)
	at com.sun.enterprise.v3.admin.CommandRunnerImpl$ExecutionContext.execute(CommandRunnerImpl.java:1291)
	at com.sun.enterprise.v3.admin.CommandRunnerImpl$ExecutionContext.execute(CommandRunnerImpl.java:1259)
	at com.sun.enterprise.admin.cli.embeddable.DeployerImpl.deploy(DeployerImpl.java:129)
	at com.sun.enterprise.admin.cli.embeddable.DeployerImpl.deploy(DeployerImpl.java:105)
	at org.glassfish.ejb.embedded.EJBContainerImpl.deploy(EJBContainerImpl.java:140)
	at org.glassfish.ejb.embedded.EJBContainerProviderImpl.createEJBContainer(EJBContainerProviderImpl.java:134)
	at javax.ejb.embeddable.EJBContainer.createEJBContainer(EJBContainer.java:127)
	at javax.ejb.embeddable.EJBContainer.createEJBContainer(EJBContainer.java:102)
	at test.PersonaServiceTest.setUp(PersonaServiceTest.java:17)
	at sun.reflect.NativeMethodAccessorImpl.invoke0(Native Method)
	at sun.reflect.NativeMethodAccessorImpl.invoke(NativeMethodAccessorImpl.java:57)
	at sun.reflect.DelegatingMethodAccessorImpl.invoke(DelegatingMethodAccessorImpl.java:43)
	at java.lang.reflect.Method.invoke(Method.java:601)
	at org.junit.runners.model.FrameworkMethod$1.runReflectiveCall(FrameworkMethod.java:45)
	at org.junit.internal.runners.model.ReflectiveCallable.run(ReflectiveCallable.java:15)
	at org.junit.runners.model.FrameworkMethod.invokeExplosively(FrameworkMethod.java:42)
	at org.junit.internal.runners.statements.RunBefores.evaluate(RunBefores.java:27)
	at org.junit.runners.ParentRunner.runLeaf(ParentRunner.java:263)
	at org.junit.runners.BlockJUnit4ClassRunner.runChild(BlockJUnit4ClassRunner.java:68)
	at org.junit.runners.BlockJUnit4ClassRunner.runChild(BlockJUnit4ClassRunner.java:47)
	at org.junit.runners.ParentRunner$3.run(ParentRunner.java:231)
	at org.junit.runners.ParentRunner$1.schedule(ParentRunner.java:60)
	at org.junit.runners.ParentRunner.runChildren(ParentRunner.java:229)
	at org.junit.runners.ParentRunner.access$000(ParentRunner.java:50)
	at org.junit.runners.ParentRunner$2.evaluate(ParentRunner.java:222)
	at org.junit.runners.ParentRunner.run(ParentRunner.java:300)
	at org.apache.maven.surefire.junit4.JUnit4TestSet.execute(JUnit4TestSet.java:35)
	at org.apache.maven.surefire.junit4.JUnit4Provider.executeTestSet(JUnit4Provider.java:146)
	at org.apache.maven.surefire.junit4.JUnit4Provider.invoke(JUnit4Provider.java:97)
	at sun.reflect.NativeMethodAccessorImpl.invoke0(Native Method)
	at sun.reflect.NativeMethodAccessorImpl.invoke(NativeMethodAccessorImpl.java:57)
	at sun.reflect.DelegatingMethodAccessorImpl.invoke(DelegatingMethodAccessorImpl.java:43)
	at java.lang.reflect.Method.invoke(Method.java:601)
	at org.apache.maven.surefire.booter.ProviderFactory$ClassLoaderProxy.invoke(ProviderFactory.java:103)
	at $Proxy0.invoke(Unknown Source)
	at org.apache.maven.surefire.booter.SurefireStarter.invokeProvider(SurefireStarter.java:145)
	at org.apache.maven.surefire.booter.SurefireStarter.runSuitesInProcess(SurefireStarter.java:87)
	at org.apache.maven.surefire.booter.ForkedBooter.main(ForkedBooter.java:69)
Caused by: org.omg.CORBA.INITIALIZE: Advertencia: IOP00910450: SystemException in transient name service while initializing  vmcid: OMG  minor code: 450  completed: No
	at sun.reflect.NativeConstructorAccessorImpl.newInstance0(Native Method)
	at sun.reflect.NativeConstructorAccessorImpl.newInstance(NativeConstructorAccessorImpl.java:57)
	at sun.reflect.DelegatingConstructorAccessorImpl.newInstance(DelegatingConstructorAccessorImpl.java:45)
	at java.lang.reflect.Constructor.newInstance(Constructor.java:525)
	at com.sun.corba.ee.spi.orbutil.logex.corba.CorbaExtension.makeException(CorbaExtension.java:248)
	at com.sun.corba.ee.spi.orbutil.logex.corba.CorbaExtension.makeException(CorbaExtension.java:95)
	at com.sun.corba.ee.spi.orbutil.logex.WrapperGenerator.handleFullLogging(WrapperGenerator.java:387)
	at com.sun.corba.ee.spi.orbutil.logex.WrapperGenerator.access$400(WrapperGenerator.java:107)
	at com.sun.corba.ee.spi.orbutil.logex.WrapperGenerator$2.invoke(WrapperGenerator.java:511)
	at com.sun.corba.ee.spi.orbutil.proxy.CompositeInvocationHandlerImpl.invoke(CompositeInvocationHandlerImpl.java:99)
	at $Proxy168.transNsCannotCreateInitialNcSys(Unknown Source)
	at com.sun.corba.ee.impl.naming.cosnaming.TransientNameService.initialize(TransientNameService.java:151)
	at com.sun.corba.ee.impl.naming.cosnaming.TransientNameService.&lt;init&gt;(TransientNameService.java:93)
	at org.glassfish.enterprise.iiop.impl.PEORBConfigurator.configure(PEORBConfigurator.java:161)
	at com.sun.corba.ee.impl.orb.ORBConfiguratorImpl.runUserConfigurators(ORBConfiguratorImpl.java:185)
	... 65 more
Caused by: org.omg.CORBA.COMM_FAILURE: Grave: IOP00410016: Unable to create IIOP listener on the specified host all interfaces and port 3,700  vmcid: OMG  minor code: 16  completed: No
	at sun.reflect.NativeConstructorAccessorImpl.newInstance0(Native Method)
	at sun.reflect.NativeConstructorAccessorImpl.newInstance(NativeConstructorAccessorImpl.java:57)
	at sun.reflect.DelegatingConstructorAccessorImpl.newInstance(DelegatingConstructorAccessorImpl.java:45)
	at java.lang.reflect.Constructor.newInstance(Constructor.java:525)
	at com.sun.corba.ee.spi.orbutil.logex.corba.CorbaExtension.makeException(CorbaExtension.java:248)
	at com.sun.corba.ee.spi.orbutil.logex.corba.CorbaExtension.makeException(CorbaExtension.java:95)
	at com.sun.corba.ee.spi.orbutil.logex.WrapperGenerator.handleFullLogging(WrapperGenerator.java:387)
	at com.sun.corba.ee.spi.orbutil.logex.WrapperGenerator.access$400(WrapperGenerator.java:107)
	at com.sun.corba.ee.spi.orbutil.logex.WrapperGenerator$2.invoke(WrapperGenerator.java:511)
	at com.sun.corba.ee.spi.orbutil.proxy.CompositeInvocationHandlerImpl.invoke(CompositeInvocationHandlerImpl.java:99)
	at $Proxy139.createListenerFailed(Unknown Source)
	at com.sun.corba.ee.impl.transport.SocketOrChannelAcceptorImpl.initialize(SocketOrChannelAcceptorImpl.java:98)
	at com.sun.corba.ee.impl.transport.CorbaTransportManagerImpl.getAcceptors(CorbaTransportManagerImpl.java:248)
	at com.sun.corba.ee.impl.transport.CorbaTransportManagerImpl.addToIORTemplate(CorbaTransportManagerImpl.java:267)
	at com.sun.corba.ee.spi.oa.ObjectAdapterBase.initializeTemplate(ObjectAdapterBase.java:103)
	at com.sun.corba.ee.impl.oa.poa.POAImpl.initialize(POAImpl.java:553)
	at com.sun.corba.ee.impl.oa.poa.POAImpl.makeRootPOA(POAImpl.java:352)
	at com.sun.corba.ee.impl.oa.poa.POAFactory$1.evaluate(POAFactory.java:286)
	at com.sun.corba.ee.impl.orbutil.closure.Future.evaluate(Future.java:61)
	at com.sun.corba.ee.impl.resolver.LocalResolverImpl.resolve(LocalResolverImpl.java:55)
	at com.sun.corba.ee.impl.resolver.CompositeResolverImpl.resolve(CompositeResolverImpl.java:59)
	at com.sun.corba.ee.impl.orb.ORBImpl.resolve_initial_references(ORBImpl.java:1266)
	at com.sun.corba.ee.impl.naming.cosnaming.TransientNameService.initialize(TransientNameService.java:124)
	... 68 more
Caused by: java.net.BindException: Address already in use: bind
	at sun.nio.ch.Net.bind0(Native Method)
	at sun.nio.ch.Net.bind(Net.java:344)
	at sun.nio.ch.Net.bind(Net.java:336)
	at sun.nio.ch.ServerSocketChannelImpl.bind(ServerSocketChannelImpl.java:199)
	at sun.nio.ch.ServerSocketAdaptor.bind(ServerSocketAdaptor.java:74)
	at sun.nio.ch.ServerSocketAdaptor.bind(ServerSocketAdaptor.java:67)
	at org.glassfish.enterprise.iiop.impl.IIOPSSLSocketFactory.createServerSocket(IIOPSSLSocketFactory.java:292)
	at com.sun.corba.ee.impl.transport.SocketOrChannelAcceptorImpl.initialize(SocketOrChannelAcceptorImpl.java:91)
	... 79 more

jul 09, 2012 11:46:22 PM com.sun.jts.CosTransactions.DefaultTransactionService setServerName
Información: JTS5014: Recoverable JTS instance, serverId = [3700]
jul 09, 2012 11:46:22 PM com.sun.corba.ee.spi.orbutil.logex.WrapperGenerator handleFullLogging
Grave: IOP00410016: Unable to create IIOP listener on the specified host all interfaces and port 3,700
org.omg.CORBA.COMM_FAILURE: Grave: IOP00410016: Unable to create IIOP listener on the specified host all interfaces and port 3,700  vmcid: OMG  minor code: 16  completed: No
	at sun.reflect.NativeConstructorAccessorImpl.newInstance0(Native Method)
	at sun.reflect.NativeConstructorAccessorImpl.newInstance(NativeConstructorAccessorImpl.java:57)
	at sun.reflect.DelegatingConstructorAccessorImpl.newInstance(DelegatingConstructorAccessorImpl.java:45)
	at java.lang.reflect.Constructor.newInstance(Constructor.java:525)
	at com.sun.corba.ee.spi.orbutil.logex.corba.CorbaExtension.makeException(CorbaExtension.java:248)
	at com.sun.corba.ee.spi.orbutil.logex.corba.CorbaExtension.makeException(CorbaExtension.java:95)
	at com.sun.corba.ee.spi.orbutil.logex.WrapperGenerator.handleFullLogging(WrapperGenerator.java:387)
	at com.sun.corba.ee.spi.orbutil.logex.WrapperGenerator.access$400(WrapperGenerator.java:107)
	at com.sun.corba.ee.spi.orbutil.logex.WrapperGenerator$2.invoke(WrapperGenerator.java:511)
	at com.sun.corba.ee.spi.orbutil.proxy.CompositeInvocationHandlerImpl.invoke(CompositeInvocationHandlerImpl.java:99)
	at $Proxy139.createListenerFailed(Unknown Source)
	at com.sun.corba.ee.impl.transport.SocketOrChannelAcceptorImpl.initialize(SocketOrChannelAcceptorImpl.java:98)
	at com.sun.corba.ee.impl.transport.CorbaTransportManagerImpl.getAcceptors(CorbaTransportManagerImpl.java:248)
	at com.sun.corba.ee.impl.transport.CorbaTransportManagerImpl.addToIORTemplate(CorbaTransportManagerImpl.java:267)
	at com.sun.corba.ee.spi.oa.ObjectAdapterBase.initializeTemplate(ObjectAdapterBase.java:103)
	at com.sun.corba.ee.impl.oa.toa.TOAImpl.&lt;init&gt;(TOAImpl.java:134)
	at com.sun.corba.ee.impl.oa.toa.TOAFactory.getTOA(TOAFactory.java:118)
	at com.sun.corba.ee.impl.orb.ORBImpl.connect(ORBImpl.java:1696)
	at com.sun.corba.ee.spi.presentation.rmi.StubAdapter.connect(StubAdapter.java:216)
	at com.sun.corba.ee.impl.orb.ORBImpl.getIOR(ORBImpl.java:2088)
	at com.sun.corba.ee.impl.orb.ORBImpl.getFVDCodeBaseIOR(ORBImpl.java:988)
	at com.sun.corba.ee.impl.protocol.CorbaClientRequestDispatcherImpl.addServiceContexts(CorbaClientRequestDispatcherImpl.java:802)
	at com.sun.corba.ee.impl.protocol.CorbaClientRequestDispatcherImpl.beginRequest(CorbaClientRequestDispatcherImpl.java:273)
	at com.sun.corba.ee.impl.protocol.CorbaClientDelegateImpl.request(CorbaClientDelegateImpl.java:228)
	at com.sun.corba.ee.impl.resolver.BootstrapResolverImpl.invoke(BootstrapResolverImpl.java:111)
	at com.sun.corba.ee.impl.resolver.BootstrapResolverImpl.resolve(BootstrapResolverImpl.java:144)
	at com.sun.corba.ee.impl.resolver.CompositeResolverImpl.resolve(CompositeResolverImpl.java:61)
	at com.sun.corba.ee.impl.resolver.CompositeResolverImpl.resolve(CompositeResolverImpl.java:61)
	at com.sun.corba.ee.impl.resolver.CompositeResolverImpl.resolve(CompositeResolverImpl.java:61)
	at com.sun.corba.ee.impl.orb.ORBImpl.resolve_initial_references(ORBImpl.java:1266)
	at com.sun.corba.ee.impl.oa.rfm.ReferenceFactoryManagerImpl.activate(ReferenceFactoryManagerImpl.java:227)
	at org.glassfish.enterprise.iiop.impl.POAProtocolMgr.getRFM(POAProtocolMgr.java:176)
	at org.glassfish.enterprise.iiop.impl.POAProtocolMgr.initializePOAs(POAProtocolMgr.java:141)
	at org.glassfish.enterprise.iiop.api.GlassFishORBHelper.getORB(GlassFishORBHelper.java:163)
	at com.sun.enterprise.iiop.security.SecurityMechanismSelector.getCtc(SecurityMechanismSelector.java:337)
	at com.sun.enterprise.iiop.security.SecurityMechanismSelector.selectSecurityMechanism(SecurityMechanismSelector.java:992)
	at com.sun.enterprise.iiop.security.SecurityMechanismSelector.getSSLPorts(SecurityMechanismSelector.java:347)
	at com.sun.enterprise.iiop.security.SecurityMechanismSelector.getSSLSocketInfo(SecurityMechanismSelector.java:541)
	at com.sun.enterprise.iiop.security.IIOPSSLUtilImpl.getSSLPortsAsSocketInfo(IIOPSSLUtilImpl.java:146)
	at org.glassfish.enterprise.iiop.impl.CSIv2SSLTaggedComponentHandlerImpl.extract(CSIv2SSLTaggedComponentHandlerImpl.java:153)
	at com.sun.corba.ee.impl.folb.ClientGroupManager.getSocketInfo(ClientGroupManager.java:205)
	at com.sun.corba.ee.impl.transport.CorbaContactInfoListImpl.addRemoteContactInfos(CorbaContactInfoListImpl.java:401)
	at com.sun.corba.ee.impl.transport.CorbaContactInfoListImpl.createContactInfoList(CorbaContactInfoListImpl.java:376)
	at com.sun.corba.ee.impl.transport.CorbaContactInfoListImpl.iterator(CorbaContactInfoListImpl.java:188)
	at com.sun.corba.ee.impl.protocol.CorbaClientDelegateImpl.request(CorbaClientDelegateImpl.java:197)
	at com.sun.corba.ee.impl.resolver.BootstrapResolverImpl.invoke(BootstrapResolverImpl.java:111)
	at com.sun.corba.ee.impl.resolver.BootstrapResolverImpl.resolve(BootstrapResolverImpl.java:144)
	at com.sun.corba.ee.impl.resolver.CompositeResolverImpl.resolve(CompositeResolverImpl.java:61)
	at com.sun.corba.ee.impl.resolver.CompositeResolverImpl.resolve(CompositeResolverImpl.java:61)
	at com.sun.corba.ee.impl.resolver.CompositeResolverImpl.resolve(CompositeResolverImpl.java:61)
	at com.sun.corba.ee.impl.orb.ORBImpl.resolve_initial_references(ORBImpl.java:1266)
	at com.sun.jts.CosTransactions.DefaultTransactionService.createPOAs(DefaultTransactionService.java:389)
	at com.sun.jts.CosTransactions.DefaultTransactionService.identify_ORB(DefaultTransactionService.java:203)
	at com.sun.enterprise.transaction.jts.iiop.TransactionIIOPInterceptorFactory.createInterceptor(TransactionIIOPInterceptorFactory.java:152)
	at com.sun.enterprise.transaction.jts.iiop.TransactionIIOPInterceptorFactory.createClientRequestInterceptor(TransactionIIOPInterceptorFactory.java:100)
	at org.glassfish.enterprise.iiop.impl.GlassFishORBInitializer.post_init(GlassFishORBInitializer.java:132)
	at com.sun.corba.ee.impl.interceptors.PIHandlerImpl.postInitORBInitializers(PIHandlerImpl.java:915)
	at com.sun.corba.ee.impl.interceptors.PIHandlerImpl.initialize(PIHandlerImpl.java:265)
	at com.sun.corba.ee.impl.orb.ORBImpl.postInit(ORBImpl.java:643)
	at com.sun.corba.ee.impl.orb.ORBImpl.set_parameters(ORBImpl.java:704)
	at com.sun.corba.ee.impl.orb.ORBImpl.setParameters(ORBImpl.java:691)
	at com.sun.corba.ee.spi.osgi.ORBFactory.initialize(ORBFactory.java:107)
	at org.glassfish.enterprise.iiop.impl.GlassFishORBManager.initORB(GlassFishORBManager.java:581)
	at org.glassfish.enterprise.iiop.impl.GlassFishORBManager.getORB(GlassFishORBManager.java:263)
	at org.glassfish.enterprise.iiop.impl.GlassFishORBFactoryImpl.createORB(GlassFishORBFactoryImpl.java:93)
	at org.glassfish.enterprise.iiop.api.GlassFishORBHelper.getORB(GlassFishORBHelper.java:152)
	at org.glassfish.enterprise.iiop.api.GlassFishORBHelper.getProtocolManager(GlassFishORBHelper.java:219)
	at com.sun.ejb.containers.BaseContainer.initializeProtocolManager(BaseContainer.java:824)
	at com.sun.ejb.containers.BaseContainer.&lt;init&gt;(BaseContainer.java:569)
	at com.sun.ejb.containers.StatelessSessionContainer.&lt;init&gt;(StatelessSessionContainer.java:155)
	at com.sun.ejb.containers.StatelessSessionContainer.&lt;init&gt;(StatelessSessionContainer.java:149)
	at com.sun.ejb.containers.ContainerFactoryImpl.createContainer(ContainerFactoryImpl.java:105)
	at org.glassfish.ejb.startup.EjbApplication.loadContainers(EjbApplication.java:230)
	at org.glassfish.ejb.startup.EjbDeployer.load(EjbDeployer.java:299)
	at org.glassfish.ejb.startup.EjbDeployer.load(EjbDeployer.java:105)
	at org.glassfish.internal.data.ModuleInfo.load(ModuleInfo.java:186)
	at org.glassfish.internal.data.ApplicationInfo.load(ApplicationInfo.java:264)
	at com.sun.enterprise.v3.server.ApplicationLifecycle.deploy(ApplicationLifecycle.java:460)
	at com.sun.enterprise.v3.server.ApplicationLifecycle.deploy(ApplicationLifecycle.java:240)
	at org.glassfish.deployment.admin.DeployCommand.execute(DeployCommand.java:389)
	at com.sun.enterprise.v3.admin.CommandRunnerImpl$1.execute(CommandRunnerImpl.java:348)
	at com.sun.enterprise.v3.admin.CommandRunnerImpl.doCommand(CommandRunnerImpl.java:363)
	at com.sun.enterprise.v3.admin.CommandRunnerImpl.doCommand(CommandRunnerImpl.java:1085)
	at com.sun.enterprise.v3.admin.CommandRunnerImpl.access$1200(CommandRunnerImpl.java:95)
	at com.sun.enterprise.v3.admin.CommandRunnerImpl$ExecutionContext.execute(CommandRunnerImpl.java:1291)
	at com.sun.enterprise.v3.admin.CommandRunnerImpl$ExecutionContext.execute(CommandRunnerImpl.java:1259)
	at com.sun.enterprise.admin.cli.embeddable.DeployerImpl.deploy(DeployerImpl.java:129)
	at com.sun.enterprise.admin.cli.embeddable.DeployerImpl.deploy(DeployerImpl.java:105)
	at org.glassfish.ejb.embedded.EJBContainerImpl.deploy(EJBContainerImpl.java:140)
	at org.glassfish.ejb.embedded.EJBContainerProviderImpl.createEJBContainer(EJBContainerProviderImpl.java:134)
	at javax.ejb.embeddable.EJBContainer.createEJBContainer(EJBContainer.java:127)
	at javax.ejb.embeddable.EJBContainer.createEJBContainer(EJBContainer.java:102)
	at test.PersonaServiceTest.setUp(PersonaServiceTest.java:17)
	at sun.reflect.NativeMethodAccessorImpl.invoke0(Native Method)
	at sun.reflect.NativeMethodAccessorImpl.invoke(NativeMethodAccessorImpl.java:57)
	at sun.reflect.DelegatingMethodAccessorImpl.invoke(DelegatingMethodAccessorImpl.java:43)
	at java.lang.reflect.Method.invoke(Method.java:601)
	at org.junit.runners.model.FrameworkMethod$1.runReflectiveCall(FrameworkMethod.java:45)
	at org.junit.internal.runners.model.ReflectiveCallable.run(ReflectiveCallable.java:15)
	at org.junit.runners.model.FrameworkMethod.invokeExplosively(FrameworkMethod.java:42)
	at org.junit.internal.runners.statements.RunBefores.evaluate(RunBefores.java:27)
	at org.junit.runners.ParentRunner.runLeaf(ParentRunner.java:263)
	at org.junit.runners.BlockJUnit4ClassRunner.runChild(BlockJUnit4ClassRunner.java:68)
	at org.junit.runners.BlockJUnit4ClassRunner.runChild(BlockJUnit4ClassRunner.java:47)
	at org.junit.runners.ParentRunner$3.run(ParentRunner.java:231)
	at org.junit.runners.ParentRunner$1.schedule(ParentRunner.java:60)
	at org.junit.runners.ParentRunner.runChildren(ParentRunner.java:229)
	at org.junit.runners.ParentRunner.access$000(ParentRunner.java:50)
	at org.junit.runners.ParentRunner$2.evaluate(ParentRunner.java:222)
	at org.junit.runners.ParentRunner.run(ParentRunner.java:300)
	at org.apache.maven.surefire.junit4.JUnit4TestSet.execute(JUnit4TestSet.java:35)
	at org.apache.maven.surefire.junit4.JUnit4Provider.executeTestSet(JUnit4Provider.java:146)
	at org.apache.maven.surefire.junit4.JUnit4Provider.invoke(JUnit4Provider.java:97)
	at sun.reflect.NativeMethodAccessorImpl.invoke0(Native Method)
	at sun.reflect.NativeMethodAccessorImpl.invoke(NativeMethodAccessorImpl.java:57)
	at sun.reflect.DelegatingMethodAccessorImpl.invoke(DelegatingMethodAccessorImpl.java:43)
	at java.lang.reflect.Method.invoke(Method.java:601)
	at org.apache.maven.surefire.booter.ProviderFactory$ClassLoaderProxy.invoke(ProviderFactory.java:103)
	at $Proxy0.invoke(Unknown Source)
	at org.apache.maven.surefire.booter.SurefireStarter.invokeProvider(SurefireStarter.java:145)
	at org.apache.maven.surefire.booter.SurefireStarter.runSuitesInProcess(SurefireStarter.java:87)
	at org.apache.maven.surefire.booter.ForkedBooter.main(ForkedBooter.java:69)
Caused by: java.net.BindException: Address already in use: bind
	at sun.nio.ch.Net.bind0(Native Method)
	at sun.nio.ch.Net.bind(Net.java:344)
	at sun.nio.ch.Net.bind(Net.java:336)
	at sun.nio.ch.ServerSocketChannelImpl.bind(ServerSocketChannelImpl.java:199)
	at sun.nio.ch.ServerSocketAdaptor.bind(ServerSocketAdaptor.java:74)
	at sun.nio.ch.ServerSocketAdaptor.bind(ServerSocketAdaptor.java:67)
	at org.glassfish.enterprise.iiop.impl.IIOPSSLSocketFactory.createServerSocket(IIOPSSLSocketFactory.java:292)
	at com.sun.corba.ee.impl.transport.SocketOrChannelAcceptorImpl.initialize(SocketOrChannelAcceptorImpl.java:91)
	... 110 more

jul 09, 2012 11:46:22 PM com.sun.corba.ee.spi.orbutil.logex.WrapperGenerator handleFullLogging
Advertencia: IOP02310002: Error in connecting servant to ORB
org.omg.CORBA.OBJ_ADAPTER: Advertencia: IOP02310002: Error in connecting servant to ORB  vmcid: OMG  minor code: 2  completed: No
	at sun.reflect.NativeConstructorAccessorImpl.newInstance0(Native Method)
	at sun.reflect.NativeConstructorAccessorImpl.newInstance(NativeConstructorAccessorImpl.java:57)
	at sun.reflect.DelegatingConstructorAccessorImpl.newInstance(DelegatingConstructorAccessorImpl.java:45)
	at java.lang.reflect.Constructor.newInstance(Constructor.java:525)
	at com.sun.corba.ee.spi.orbutil.logex.corba.CorbaExtension.makeException(CorbaExtension.java:248)
	at com.sun.corba.ee.spi.orbutil.logex.corba.CorbaExtension.makeException(CorbaExtension.java:95)
	at com.sun.corba.ee.spi.orbutil.logex.WrapperGenerator.handleFullLogging(WrapperGenerator.java:387)
	at com.sun.corba.ee.spi.orbutil.logex.WrapperGenerator.access$400(WrapperGenerator.java:107)
	at com.sun.corba.ee.spi.orbutil.logex.WrapperGenerator$2.invoke(WrapperGenerator.java:511)
	at com.sun.corba.ee.spi.orbutil.proxy.CompositeInvocationHandlerImpl.invoke(CompositeInvocationHandlerImpl.java:99)
	at $Proxy139.orbConnectError(Unknown Source)
	at com.sun.corba.ee.impl.orb.ORBImpl.connect(ORBImpl.java:1698)
	at com.sun.corba.ee.spi.presentation.rmi.StubAdapter.connect(StubAdapter.java:216)
	at com.sun.corba.ee.impl.orb.ORBImpl.getIOR(ORBImpl.java:2088)
	at com.sun.corba.ee.impl.orb.ORBImpl.getFVDCodeBaseIOR(ORBImpl.java:988)
	at com.sun.corba.ee.impl.protocol.CorbaClientRequestDispatcherImpl.addServiceContexts(CorbaClientRequestDispatcherImpl.java:802)
	at com.sun.corba.ee.impl.protocol.CorbaClientRequestDispatcherImpl.beginRequest(CorbaClientRequestDispatcherImpl.java:273)
	at com.sun.corba.ee.impl.protocol.CorbaClientDelegateImpl.request(CorbaClientDelegateImpl.java:228)
	at com.sun.corba.ee.impl.resolver.BootstrapResolverImpl.invoke(BootstrapResolverImpl.java:111)
	at com.sun.corba.ee.impl.resolver.BootstrapResolverImpl.resolve(BootstrapResolverImpl.java:144)
	at com.sun.corba.ee.impl.resolver.CompositeResolverImpl.resolve(CompositeResolverImpl.java:61)
	at com.sun.corba.ee.impl.resolver.CompositeResolverImpl.resolve(CompositeResolverImpl.java:61)
	at com.sun.corba.ee.impl.resolver.CompositeResolverImpl.resolve(CompositeResolverImpl.java:61)
	at com.sun.corba.ee.impl.orb.ORBImpl.resolve_initial_references(ORBImpl.java:1266)
	at com.sun.corba.ee.impl.oa.rfm.ReferenceFactoryManagerImpl.activate(ReferenceFactoryManagerImpl.java:227)
	at org.glassfish.enterprise.iiop.impl.POAProtocolMgr.getRFM(POAProtocolMgr.java:176)
	at org.glassfish.enterprise.iiop.impl.POAProtocolMgr.initializePOAs(POAProtocolMgr.java:141)
	at org.glassfish.enterprise.iiop.api.GlassFishORBHelper.getORB(GlassFishORBHelper.java:163)
	at com.sun.enterprise.iiop.security.SecurityMechanismSelector.getCtc(SecurityMechanismSelector.java:337)
	at com.sun.enterprise.iiop.security.SecurityMechanismSelector.selectSecurityMechanism(SecurityMechanismSelector.java:992)
	at com.sun.enterprise.iiop.security.SecurityMechanismSelector.getSSLPorts(SecurityMechanismSelector.java:347)
	at com.sun.enterprise.iiop.security.SecurityMechanismSelector.getSSLSocketInfo(SecurityMechanismSelector.java:541)
	at com.sun.enterprise.iiop.security.IIOPSSLUtilImpl.getSSLPortsAsSocketInfo(IIOPSSLUtilImpl.java:146)
	at org.glassfish.enterprise.iiop.impl.CSIv2SSLTaggedComponentHandlerImpl.extract(CSIv2SSLTaggedComponentHandlerImpl.java:153)
	at com.sun.corba.ee.impl.folb.ClientGroupManager.getSocketInfo(ClientGroupManager.java:205)
	at com.sun.corba.ee.impl.transport.CorbaContactInfoListImpl.addRemoteContactInfos(CorbaContactInfoListImpl.java:401)
	at com.sun.corba.ee.impl.transport.CorbaContactInfoListImpl.createContactInfoList(CorbaContactInfoListImpl.java:376)
	at com.sun.corba.ee.impl.transport.CorbaContactInfoListImpl.iterator(CorbaContactInfoListImpl.java:188)
	at com.sun.corba.ee.impl.protocol.CorbaClientDelegateImpl.request(CorbaClientDelegateImpl.java:197)
	at com.sun.corba.ee.impl.resolver.BootstrapResolverImpl.invoke(BootstrapResolverImpl.java:111)
	at com.sun.corba.ee.impl.resolver.BootstrapResolverImpl.resolve(BootstrapResolverImpl.java:144)
	at com.sun.corba.ee.impl.resolver.CompositeResolverImpl.resolve(CompositeResolverImpl.java:61)
	at com.sun.corba.ee.impl.resolver.CompositeResolverImpl.resolve(CompositeResolverImpl.java:61)
	at com.sun.corba.ee.impl.resolver.CompositeResolverImpl.resolve(CompositeResolverImpl.java:61)
	at com.sun.corba.ee.impl.orb.ORBImpl.resolve_initial_references(ORBImpl.java:1266)
	at com.sun.jts.CosTransactions.DefaultTransactionService.createPOAs(DefaultTransactionService.java:389)
	at com.sun.jts.CosTransactions.DefaultTransactionService.identify_ORB(DefaultTransactionService.java:203)
	at com.sun.enterprise.transaction.jts.iiop.TransactionIIOPInterceptorFactory.createInterceptor(TransactionIIOPInterceptorFactory.java:152)
	at com.sun.enterprise.transaction.jts.iiop.TransactionIIOPInterceptorFactory.createClientRequestInterceptor(TransactionIIOPInterceptorFactory.java:100)
	at org.glassfish.enterprise.iiop.impl.GlassFishORBInitializer.post_init(GlassFishORBInitializer.java:132)
	at com.sun.corba.ee.impl.interceptors.PIHandlerImpl.postInitORBInitializers(PIHandlerImpl.java:915)
	at com.sun.corba.ee.impl.interceptors.PIHandlerImpl.initialize(PIHandlerImpl.java:265)
	at com.sun.corba.ee.impl.orb.ORBImpl.postInit(ORBImpl.java:643)
	at com.sun.corba.ee.impl.orb.ORBImpl.set_parameters(ORBImpl.java:704)
	at com.sun.corba.ee.impl.orb.ORBImpl.setParameters(ORBImpl.java:691)
	at com.sun.corba.ee.spi.osgi.ORBFactory.initialize(ORBFactory.java:107)
	at org.glassfish.enterprise.iiop.impl.GlassFishORBManager.initORB(GlassFishORBManager.java:581)
	at org.glassfish.enterprise.iiop.impl.GlassFishORBManager.getORB(GlassFishORBManager.java:263)
	at org.glassfish.enterprise.iiop.impl.GlassFishORBFactoryImpl.createORB(GlassFishORBFactoryImpl.java:93)
	at org.glassfish.enterprise.iiop.api.GlassFishORBHelper.getORB(GlassFishORBHelper.java:152)
	at org.glassfish.enterprise.iiop.api.GlassFishORBHelper.getProtocolManager(GlassFishORBHelper.java:219)
	at com.sun.ejb.containers.BaseContainer.initializeProtocolManager(BaseContainer.java:824)
	at com.sun.ejb.containers.BaseContainer.&lt;init&gt;(BaseContainer.java:569)
	at com.sun.ejb.containers.StatelessSessionContainer.&lt;init&gt;(StatelessSessionContainer.java:155)
	at com.sun.ejb.containers.StatelessSessionContainer.&lt;init&gt;(StatelessSessionContainer.java:149)
	at com.sun.ejb.containers.ContainerFactoryImpl.createContainer(ContainerFactoryImpl.java:105)
	at org.glassfish.ejb.startup.EjbApplication.loadContainers(EjbApplication.java:230)
	at org.glassfish.ejb.startup.EjbDeployer.load(EjbDeployer.java:299)
	at org.glassfish.ejb.startup.EjbDeployer.load(EjbDeployer.java:105)
	at org.glassfish.internal.data.ModuleInfo.load(ModuleInfo.java:186)
	at org.glassfish.internal.data.ApplicationInfo.load(ApplicationInfo.java:264)
	at com.sun.enterprise.v3.server.ApplicationLifecycle.deploy(ApplicationLifecycle.java:460)
	at com.sun.enterprise.v3.server.ApplicationLifecycle.deploy(ApplicationLifecycle.java:240)
	at org.glassfish.deployment.admin.DeployCommand.execute(DeployCommand.java:389)
	at com.sun.enterprise.v3.admin.CommandRunnerImpl$1.execute(CommandRunnerImpl.java:348)
	at com.sun.enterprise.v3.admin.CommandRunnerImpl.doCommand(CommandRunnerImpl.java:363)
	at com.sun.enterprise.v3.admin.CommandRunnerImpl.doCommand(CommandRunnerImpl.java:1085)
	at com.sun.enterprise.v3.admin.CommandRunnerImpl.access$1200(CommandRunnerImpl.java:95)
	at com.sun.enterprise.v3.admin.CommandRunnerImpl$ExecutionContext.execute(CommandRunnerImpl.java:1291)
	at com.sun.enterprise.v3.admin.CommandRunnerImpl$ExecutionContext.execute(CommandRunnerImpl.java:1259)
	at com.sun.enterprise.admin.cli.embeddable.DeployerImpl.deploy(DeployerImpl.java:129)
	at com.sun.enterprise.admin.cli.embeddable.DeployerImpl.deploy(DeployerImpl.java:105)
	at org.glassfish.ejb.embedded.EJBContainerImpl.deploy(EJBContainerImpl.java:140)
	at org.glassfish.ejb.embedded.EJBContainerProviderImpl.createEJBContainer(EJBContainerProviderImpl.java:134)
	at javax.ejb.embeddable.EJBContainer.createEJBContainer(EJBContainer.java:127)
	at javax.ejb.embeddable.EJBContainer.createEJBContainer(EJBContainer.java:102)
	at test.PersonaServiceTest.setUp(PersonaServiceTest.java:17)
	at sun.reflect.NativeMethodAccessorImpl.invoke0(Native Method)
	at sun.reflect.NativeMethodAccessorImpl.invoke(NativeMethodAccessorImpl.java:57)
	at sun.reflect.DelegatingMethodAccessorImpl.invoke(DelegatingMethodAccessorImpl.java:43)
	at java.lang.reflect.Method.invoke(Method.java:601)
	at org.junit.runners.model.FrameworkMethod$1.runReflectiveCall(FrameworkMethod.java:45)
	at org.junit.internal.runners.model.ReflectiveCallable.run(ReflectiveCallable.java:15)
	at org.junit.runners.model.FrameworkMethod.invokeExplosively(FrameworkMethod.java:42)
	at org.junit.internal.runners.statements.RunBefores.evaluate(RunBefores.java:27)
	at org.junit.runners.ParentRunner.runLeaf(ParentRunner.java:263)
	at org.junit.runners.BlockJUnit4ClassRunner.runChild(BlockJUnit4ClassRunner.java:68)
	at org.junit.runners.BlockJUnit4ClassRunner.runChild(BlockJUnit4ClassRunner.java:47)
	at org.junit.runners.ParentRunner$3.run(ParentRunner.java:231)
	at org.junit.runners.ParentRunner$1.schedule(ParentRunner.java:60)
	at org.junit.runners.ParentRunner.runChildren(ParentRunner.java:229)
	at org.junit.runners.ParentRunner.access$000(ParentRunner.java:50)
	at org.junit.runners.ParentRunner$2.evaluate(ParentRunner.java:222)
	at org.junit.runners.ParentRunner.run(ParentRunner.java:300)
	at org.apache.maven.surefire.junit4.JUnit4TestSet.execute(JUnit4TestSet.java:35)
	at org.apache.maven.surefire.junit4.JUnit4Provider.executeTestSet(JUnit4Provider.java:146)
	at org.apache.maven.surefire.junit4.JUnit4Provider.invoke(JUnit4Provider.java:97)
	at sun.reflect.NativeMethodAccessorImpl.invoke0(Native Method)
	at sun.reflect.NativeMethodAccessorImpl.invoke(NativeMethodAccessorImpl.java:57)
	at sun.reflect.DelegatingMethodAccessorImpl.invoke(DelegatingMethodAccessorImpl.java:43)
	at java.lang.reflect.Method.invoke(Method.java:601)
	at org.apache.maven.surefire.booter.ProviderFactory$ClassLoaderProxy.invoke(ProviderFactory.java:103)
	at $Proxy0.invoke(Unknown Source)
	at org.apache.maven.surefire.booter.SurefireStarter.invokeProvider(SurefireStarter.java:145)
	at org.apache.maven.surefire.booter.SurefireStarter.runSuitesInProcess(SurefireStarter.java:87)
	at org.apache.maven.surefire.booter.ForkedBooter.main(ForkedBooter.java:69)
Caused by: org.omg.CORBA.COMM_FAILURE: Grave: IOP00410016: Unable to create IIOP listener on the specified host all interfaces and port 3,700  vmcid: OMG  minor code: 16  completed: No
	at sun.reflect.NativeConstructorAccessorImpl.newInstance0(Native Method)
	at sun.reflect.NativeConstructorAccessorImpl.newInstance(NativeConstructorAccessorImpl.java:57)
	at sun.reflect.DelegatingConstructorAccessorImpl.newInstance(DelegatingConstructorAccessorImpl.java:45)
	at java.lang.reflect.Constructor.newInstance(Constructor.java:525)
	at com.sun.corba.ee.spi.orbutil.logex.corba.CorbaExtension.makeException(CorbaExtension.java:248)
	at com.sun.corba.ee.spi.orbutil.logex.corba.CorbaExtension.makeException(CorbaExtension.java:95)
	at com.sun.corba.ee.spi.orbutil.logex.WrapperGenerator.handleFullLogging(WrapperGenerator.java:387)
	at com.sun.corba.ee.spi.orbutil.logex.WrapperGenerator.access$400(WrapperGenerator.java:107)
	at com.sun.corba.ee.spi.orbutil.logex.WrapperGenerator$2.invoke(WrapperGenerator.java:511)
	at com.sun.corba.ee.spi.orbutil.proxy.CompositeInvocationHandlerImpl.invoke(CompositeInvocationHandlerImpl.java:99)
	at $Proxy139.createListenerFailed(Unknown Source)
	at com.sun.corba.ee.impl.transport.SocketOrChannelAcceptorImpl.initialize(SocketOrChannelAcceptorImpl.java:98)
	at com.sun.corba.ee.impl.transport.CorbaTransportManagerImpl.getAcceptors(CorbaTransportManagerImpl.java:248)
	at com.sun.corba.ee.impl.transport.CorbaTransportManagerImpl.addToIORTemplate(CorbaTransportManagerImpl.java:267)
	at com.sun.corba.ee.spi.oa.ObjectAdapterBase.initializeTemplate(ObjectAdapterBase.java:103)
	at com.sun.corba.ee.impl.oa.toa.TOAImpl.&lt;init&gt;(TOAImpl.java:134)
	at com.sun.corba.ee.impl.oa.toa.TOAFactory.getTOA(TOAFactory.java:118)
	at com.sun.corba.ee.impl.orb.ORBImpl.connect(ORBImpl.java:1696)
	... 104 more
Caused by: java.net.BindException: Address already in use: bind
	at sun.nio.ch.Net.bind0(Native Method)
	at sun.nio.ch.Net.bind(Net.java:344)
	at sun.nio.ch.Net.bind(Net.java:336)
	at sun.nio.ch.ServerSocketChannelImpl.bind(ServerSocketChannelImpl.java:199)
	at sun.nio.ch.ServerSocketAdaptor.bind(ServerSocketAdaptor.java:74)
	at sun.nio.ch.ServerSocketAdaptor.bind(ServerSocketAdaptor.java:67)
	at org.glassfish.enterprise.iiop.impl.IIOPSSLSocketFactory.createServerSocket(IIOPSSLSocketFactory.java:292)
	at com.sun.corba.ee.impl.transport.SocketOrChannelAcceptorImpl.initialize(SocketOrChannelAcceptorImpl.java:91)
	... 110 more

jul 09, 2012 11:46:22 PM com.sun.corba.ee.spi.orbutil.logex.WrapperGenerator handleFullLogging
Advertencia: IOP02310826: ReferenceFactoryManager activate method failed
org.omg.CORBA.OBJ_ADAPTER: Advertencia: IOP02310826: ReferenceFactoryManager activate method failed  vmcid: OMG  minor code: 826  completed: No
	at sun.reflect.NativeConstructorAccessorImpl.newInstance0(Native Method)
	at sun.reflect.NativeConstructorAccessorImpl.newInstance(NativeConstructorAccessorImpl.java:57)
	at sun.reflect.DelegatingConstructorAccessorImpl.newInstance(DelegatingConstructorAccessorImpl.java:45)
	at java.lang.reflect.Constructor.newInstance(Constructor.java:525)
	at com.sun.corba.ee.spi.orbutil.logex.corba.CorbaExtension.makeException(CorbaExtension.java:248)
	at com.sun.corba.ee.spi.orbutil.logex.corba.CorbaExtension.makeException(CorbaExtension.java:95)
	at com.sun.corba.ee.spi.orbutil.logex.WrapperGenerator.handleFullLogging(WrapperGenerator.java:387)
	at com.sun.corba.ee.spi.orbutil.logex.WrapperGenerator.access$400(WrapperGenerator.java:107)
	at com.sun.corba.ee.spi.orbutil.logex.WrapperGenerator$2.invoke(WrapperGenerator.java:511)
	at com.sun.corba.ee.spi.orbutil.proxy.CompositeInvocationHandlerImpl.invoke(CompositeInvocationHandlerImpl.java:99)
	at $Proxy162.rfmActivateFailed(Unknown Source)
	at com.sun.corba.ee.impl.oa.rfm.ReferenceFactoryManagerImpl.activate(ReferenceFactoryManagerImpl.java:254)
	at org.glassfish.enterprise.iiop.impl.POAProtocolMgr.getRFM(POAProtocolMgr.java:176)
	at org.glassfish.enterprise.iiop.impl.POAProtocolMgr.initializePOAs(POAProtocolMgr.java:141)
	at org.glassfish.enterprise.iiop.api.GlassFishORBHelper.getORB(GlassFishORBHelper.java:163)
	at com.sun.enterprise.iiop.security.SecurityMechanismSelector.getCtc(SecurityMechanismSelector.java:337)
	at com.sun.enterprise.iiop.security.SecurityMechanismSelector.selectSecurityMechanism(SecurityMechanismSelector.java:992)
	at com.sun.enterprise.iiop.security.SecurityMechanismSelector.getSSLPorts(SecurityMechanismSelector.java:347)
	at com.sun.enterprise.iiop.security.SecurityMechanismSelector.getSSLSocketInfo(SecurityMechanismSelector.java:541)
	at com.sun.enterprise.iiop.security.IIOPSSLUtilImpl.getSSLPortsAsSocketInfo(IIOPSSLUtilImpl.java:146)
	at org.glassfish.enterprise.iiop.impl.CSIv2SSLTaggedComponentHandlerImpl.extract(CSIv2SSLTaggedComponentHandlerImpl.java:153)
	at com.sun.corba.ee.impl.folb.ClientGroupManager.getSocketInfo(ClientGroupManager.java:205)
	at com.sun.corba.ee.impl.transport.CorbaContactInfoListImpl.addRemoteContactInfos(CorbaContactInfoListImpl.java:401)
	at com.sun.corba.ee.impl.transport.CorbaContactInfoListImpl.createContactInfoList(CorbaContactInfoListImpl.java:376)
	at com.sun.corba.ee.impl.transport.CorbaContactInfoListImpl.iterator(CorbaContactInfoListImpl.java:188)
	at com.sun.corba.ee.impl.protocol.CorbaClientDelegateImpl.request(CorbaClientDelegateImpl.java:197)
	at com.sun.corba.ee.impl.resolver.BootstrapResolverImpl.invoke(BootstrapResolverImpl.java:111)
	at com.sun.corba.ee.impl.resolver.BootstrapResolverImpl.resolve(BootstrapResolverImpl.java:144)
	at com.sun.corba.ee.impl.resolver.CompositeResolverImpl.resolve(CompositeResolverImpl.java:61)
	at com.sun.corba.ee.impl.resolver.CompositeResolverImpl.resolve(CompositeResolverImpl.java:61)
	at com.sun.corba.ee.impl.resolver.CompositeResolverImpl.resolve(CompositeResolverImpl.java:61)
	at com.sun.corba.ee.impl.orb.ORBImpl.resolve_initial_references(ORBImpl.java:1266)
	at com.sun.jts.CosTransactions.DefaultTransactionService.createPOAs(DefaultTransactionService.java:389)
	at com.sun.jts.CosTransactions.DefaultTransactionService.identify_ORB(DefaultTransactionService.java:203)
	at com.sun.enterprise.transaction.jts.iiop.TransactionIIOPInterceptorFactory.createInterceptor(TransactionIIOPInterceptorFactory.java:152)
	at com.sun.enterprise.transaction.jts.iiop.TransactionIIOPInterceptorFactory.createClientRequestInterceptor(TransactionIIOPInterceptorFactory.java:100)
	at org.glassfish.enterprise.iiop.impl.GlassFishORBInitializer.post_init(GlassFishORBInitializer.java:132)
	at com.sun.corba.ee.impl.interceptors.PIHandlerImpl.postInitORBInitializers(PIHandlerImpl.java:915)
	at com.sun.corba.ee.impl.interceptors.PIHandlerImpl.initialize(PIHandlerImpl.java:265)
	at com.sun.corba.ee.impl.orb.ORBImpl.postInit(ORBImpl.java:643)
	at com.sun.corba.ee.impl.orb.ORBImpl.set_parameters(ORBImpl.java:704)
	at com.sun.corba.ee.impl.orb.ORBImpl.setParameters(ORBImpl.java:691)
	at com.sun.corba.ee.spi.osgi.ORBFactory.initialize(ORBFactory.java:107)
	at org.glassfish.enterprise.iiop.impl.GlassFishORBManager.initORB(GlassFishORBManager.java:581)
	at org.glassfish.enterprise.iiop.impl.GlassFishORBManager.getORB(GlassFishORBManager.java:263)
	at org.glassfish.enterprise.iiop.impl.GlassFishORBFactoryImpl.createORB(GlassFishORBFactoryImpl.java:93)
	at org.glassfish.enterprise.iiop.api.GlassFishORBHelper.getORB(GlassFishORBHelper.java:152)
	at org.glassfish.enterprise.iiop.api.GlassFishORBHelper.getProtocolManager(GlassFishORBHelper.java:219)
	at com.sun.ejb.containers.BaseContainer.initializeProtocolManager(BaseContainer.java:824)
	at com.sun.ejb.containers.BaseContainer.&lt;init&gt;(BaseContainer.java:569)
	at com.sun.ejb.containers.StatelessSessionContainer.&lt;init&gt;(StatelessSessionContainer.java:155)
	at com.sun.ejb.containers.StatelessSessionContainer.&lt;init&gt;(StatelessSessionContainer.java:149)
	at com.sun.ejb.containers.ContainerFactoryImpl.createContainer(ContainerFactoryImpl.java:105)
	at org.glassfish.ejb.startup.EjbApplication.loadContainers(EjbApplication.java:230)
	at org.glassfish.ejb.startup.EjbDeployer.load(EjbDeployer.java:299)
	at org.glassfish.ejb.startup.EjbDeployer.load(EjbDeployer.java:105)
	at org.glassfish.internal.data.ModuleInfo.load(ModuleInfo.java:186)
	at org.glassfish.internal.data.ApplicationInfo.load(ApplicationInfo.java:264)
	at com.sun.enterprise.v3.server.ApplicationLifecycle.deploy(ApplicationLifecycle.java:460)
	at com.sun.enterprise.v3.server.ApplicationLifecycle.deploy(ApplicationLifecycle.java:240)
	at org.glassfish.deployment.admin.DeployCommand.execute(DeployCommand.java:389)
	at com.sun.enterprise.v3.admin.CommandRunnerImpl$1.execute(CommandRunnerImpl.java:348)
	at com.sun.enterprise.v3.admin.CommandRunnerImpl.doCommand(CommandRunnerImpl.java:363)
	at com.sun.enterprise.v3.admin.CommandRunnerImpl.doCommand(CommandRunnerImpl.java:1085)
	at com.sun.enterprise.v3.admin.CommandRunnerImpl.access$1200(CommandRunnerImpl.java:95)
	at com.sun.enterprise.v3.admin.CommandRunnerImpl$ExecutionContext.execute(CommandRunnerImpl.java:1291)
	at com.sun.enterprise.v3.admin.CommandRunnerImpl$ExecutionContext.execute(CommandRunnerImpl.java:1259)
	at com.sun.enterprise.admin.cli.embeddable.DeployerImpl.deploy(DeployerImpl.java:129)
	at com.sun.enterprise.admin.cli.embeddable.DeployerImpl.deploy(DeployerImpl.java:105)
	at org.glassfish.ejb.embedded.EJBContainerImpl.deploy(EJBContainerImpl.java:140)
	at org.glassfish.ejb.embedded.EJBContainerProviderImpl.createEJBContainer(EJBContainerProviderImpl.java:134)
	at javax.ejb.embeddable.EJBContainer.createEJBContainer(EJBContainer.java:127)
	at javax.ejb.embeddable.EJBContainer.createEJBContainer(EJBContainer.java:102)
	at test.PersonaServiceTest.setUp(PersonaServiceTest.java:17)
	at sun.reflect.NativeMethodAccessorImpl.invoke0(Native Method)
	at sun.reflect.NativeMethodAccessorImpl.invoke(NativeMethodAccessorImpl.java:57)
	at sun.reflect.DelegatingMethodAccessorImpl.invoke(DelegatingMethodAccessorImpl.java:43)
	at java.lang.reflect.Method.invoke(Method.java:601)
	at org.junit.runners.model.FrameworkMethod$1.runReflectiveCall(FrameworkMethod.java:45)
	at org.junit.internal.runners.model.ReflectiveCallable.run(ReflectiveCallable.java:15)
	at org.junit.runners.model.FrameworkMethod.invokeExplosively(FrameworkMethod.java:42)
	at org.junit.internal.runners.statements.RunBefores.evaluate(RunBefores.java:27)
	at org.junit.runners.ParentRunner.runLeaf(ParentRunner.java:263)
	at org.junit.runners.BlockJUnit4ClassRunner.runChild(BlockJUnit4ClassRunner.java:68)
	at org.junit.runners.BlockJUnit4ClassRunner.runChild(BlockJUnit4ClassRunner.java:47)
	at org.junit.runners.ParentRunner$3.run(ParentRunner.java:231)
	at org.junit.runners.ParentRunner$1.schedule(ParentRunner.java:60)
	at org.junit.runners.ParentRunner.runChildren(ParentRunner.java:229)
	at org.junit.runners.ParentRunner.access$000(ParentRunner.java:50)
	at org.junit.runners.ParentRunner$2.evaluate(ParentRunner.java:222)
	at org.junit.runners.ParentRunner.run(ParentRunner.java:300)
	at org.apache.maven.surefire.junit4.JUnit4TestSet.execute(JUnit4TestSet.java:35)
	at org.apache.maven.surefire.junit4.JUnit4Provider.executeTestSet(JUnit4Provider.java:146)
	at org.apache.maven.surefire.junit4.JUnit4Provider.invoke(JUnit4Provider.java:97)
	at sun.reflect.NativeMethodAccessorImpl.invoke0(Native Method)
	at sun.reflect.NativeMethodAccessorImpl.invoke(NativeMethodAccessorImpl.java:57)
	at sun.reflect.DelegatingMethodAccessorImpl.invoke(DelegatingMethodAccessorImpl.java:43)
	at java.lang.reflect.Method.invoke(Method.java:601)
	at org.apache.maven.surefire.booter.ProviderFactory$ClassLoaderProxy.invoke(ProviderFactory.java:103)
	at $Proxy0.invoke(Unknown Source)
	at org.apache.maven.surefire.booter.SurefireStarter.invokeProvider(SurefireStarter.java:145)
	at org.apache.maven.surefire.booter.SurefireStarter.runSuitesInProcess(SurefireStarter.java:87)
	at org.apache.maven.surefire.booter.ForkedBooter.main(ForkedBooter.java:69)
Caused by: org.omg.CORBA.OBJ_ADAPTER: Advertencia: IOP02310002: Error in connecting servant to ORB  vmcid: OMG  minor code: 2  completed: No
	at sun.reflect.NativeConstructorAccessorImpl.newInstance0(Native Method)
	at sun.reflect.NativeConstructorAccessorImpl.newInstance(NativeConstructorAccessorImpl.java:57)
	at sun.reflect.DelegatingConstructorAccessorImpl.newInstance(DelegatingConstructorAccessorImpl.java:45)
	at java.lang.reflect.Constructor.newInstance(Constructor.java:525)
	at com.sun.corba.ee.spi.orbutil.logex.corba.CorbaExtension.makeException(CorbaExtension.java:248)
	at com.sun.corba.ee.spi.orbutil.logex.corba.CorbaExtension.makeException(CorbaExtension.java:95)
	at com.sun.corba.ee.spi.orbutil.logex.WrapperGenerator.handleFullLogging(WrapperGenerator.java:387)
	at com.sun.corba.ee.spi.orbutil.logex.WrapperGenerator.access$400(WrapperGenerator.java:107)
	at com.sun.corba.ee.spi.orbutil.logex.WrapperGenerator$2.invoke(WrapperGenerator.java:511)
	at com.sun.corba.ee.spi.orbutil.proxy.CompositeInvocationHandlerImpl.invoke(CompositeInvocationHandlerImpl.java:99)
	at $Proxy139.orbConnectError(Unknown Source)
	at com.sun.corba.ee.impl.orb.ORBImpl.connect(ORBImpl.java:1698)
	at com.sun.corba.ee.spi.presentation.rmi.StubAdapter.connect(StubAdapter.java:216)
	at com.sun.corba.ee.impl.orb.ORBImpl.getIOR(ORBImpl.java:2088)
	at com.sun.corba.ee.impl.orb.ORBImpl.getFVDCodeBaseIOR(ORBImpl.java:988)
	at com.sun.corba.ee.impl.protocol.CorbaClientRequestDispatcherImpl.addServiceContexts(CorbaClientRequestDispatcherImpl.java:802)
	at com.sun.corba.ee.impl.protocol.CorbaClientRequestDispatcherImpl.beginRequest(CorbaClientRequestDispatcherImpl.java:273)
	at com.sun.corba.ee.impl.protocol.CorbaClientDelegateImpl.request(CorbaClientDelegateImpl.java:228)
	at com.sun.corba.ee.impl.resolver.BootstrapResolverImpl.invoke(BootstrapResolverImpl.java:111)
	at com.sun.corba.ee.impl.resolver.BootstrapResolverImpl.resolve(BootstrapResolverImpl.java:144)
	at com.sun.corba.ee.impl.resolver.CompositeResolverImpl.resolve(CompositeResolverImpl.java:61)
	at com.sun.corba.ee.impl.resolver.CompositeResolverImpl.resolve(CompositeResolverImpl.java:61)
	at com.sun.corba.ee.impl.resolver.CompositeResolverImpl.resolve(CompositeResolverImpl.java:61)
	at com.sun.corba.ee.impl.orb.ORBImpl.resolve_initial_references(ORBImpl.java:1266)
	at com.sun.corba.ee.impl.oa.rfm.ReferenceFactoryManagerImpl.activate(ReferenceFactoryManagerImpl.java:227)
	... 91 more
Caused by: org.omg.CORBA.COMM_FAILURE: Grave: IOP00410016: Unable to create IIOP listener on the specified host all interfaces and port 3,700  vmcid: OMG  minor code: 16  completed: No
	at sun.reflect.NativeConstructorAccessorImpl.newInstance0(Native Method)
	at sun.reflect.NativeConstructorAccessorImpl.newInstance(NativeConstructorAccessorImpl.java:57)
	at sun.reflect.DelegatingConstructorAccessorImpl.newInstance(DelegatingConstructorAccessorImpl.java:45)
	at java.lang.reflect.Constructor.newInstance(Constructor.java:525)
	at com.sun.corba.ee.spi.orbutil.logex.corba.CorbaExtension.makeException(CorbaExtension.java:248)
	at com.sun.corba.ee.spi.orbutil.logex.corba.CorbaExtension.makeException(CorbaExtension.java:95)
	at com.sun.corba.ee.spi.orbutil.logex.WrapperGenerator.handleFullLogging(WrapperGenerator.java:387)
	at com.sun.corba.ee.spi.orbutil.logex.WrapperGenerator.access$400(WrapperGenerator.java:107)
	at com.sun.corba.ee.spi.orbutil.logex.WrapperGenerator$2.invoke(WrapperGenerator.java:511)
	at com.sun.corba.ee.spi.orbutil.proxy.CompositeInvocationHandlerImpl.invoke(CompositeInvocationHandlerImpl.java:99)
	at $Proxy139.createListenerFailed(Unknown Source)
	at com.sun.corba.ee.impl.transport.SocketOrChannelAcceptorImpl.initialize(SocketOrChannelAcceptorImpl.java:98)
	at com.sun.corba.ee.impl.transport.CorbaTransportManagerImpl.getAcceptors(CorbaTransportManagerImpl.java:248)
	at com.sun.corba.ee.impl.transport.CorbaTransportManagerImpl.addToIORTemplate(CorbaTransportManagerImpl.java:267)
	at com.sun.corba.ee.spi.oa.ObjectAdapterBase.initializeTemplate(ObjectAdapterBase.java:103)
	at com.sun.corba.ee.impl.oa.toa.TOAImpl.&lt;init&gt;(TOAImpl.java:134)
	at com.sun.corba.ee.impl.oa.toa.TOAFactory.getTOA(TOAFactory.java:118)
	at com.sun.corba.ee.impl.orb.ORBImpl.connect(ORBImpl.java:1696)
	... 104 more
Caused by: java.net.BindException: Address already in use: bind
	at sun.nio.ch.Net.bind0(Native Method)
	at sun.nio.ch.Net.bind(Net.java:344)
	at sun.nio.ch.Net.bind(Net.java:336)
	at sun.nio.ch.ServerSocketChannelImpl.bind(ServerSocketChannelImpl.java:199)
	at sun.nio.ch.ServerSocketAdaptor.bind(ServerSocketAdaptor.java:74)
	at sun.nio.ch.ServerSocketAdaptor.bind(ServerSocketAdaptor.java:67)
	at org.glassfish.enterprise.iiop.impl.IIOPSSLSocketFactory.createServerSocket(IIOPSSLSocketFactory.java:292)
	at com.sun.corba.ee.impl.transport.SocketOrChannelAcceptorImpl.initialize(SocketOrChannelAcceptorImpl.java:91)
	... 110 more

jul 09, 2012 11:46:22 PM com.sun.corba.ee.spi.orbutil.logex.WrapperGenerator handleFullLogging
Grave: IOP00410016: Unable to create IIOP listener on the specified host all interfaces and port 3,700
org.omg.CORBA.COMM_FAILURE: Grave: IOP00410016: Unable to create IIOP listener on the specified host all interfaces and port 3,700  vmcid: OMG  minor code: 16  completed: No
	at sun.reflect.NativeConstructorAccessorImpl.newInstance0(Native Method)
	at sun.reflect.NativeConstructorAccessorImpl.newInstance(NativeConstructorAccessorImpl.java:57)
	at sun.reflect.DelegatingConstructorAccessorImpl.newInstance(DelegatingConstructorAccessorImpl.java:45)
	at java.lang.reflect.Constructor.newInstance(Constructor.java:525)
	at com.sun.corba.ee.spi.orbutil.logex.corba.CorbaExtension.makeException(CorbaExtension.java:248)
	at com.sun.corba.ee.spi.orbutil.logex.corba.CorbaExtension.makeException(CorbaExtension.java:95)
	at com.sun.corba.ee.spi.orbutil.logex.WrapperGenerator.handleFullLogging(WrapperGenerator.java:387)
	at com.sun.corba.ee.spi.orbutil.logex.WrapperGenerator.access$400(WrapperGenerator.java:107)
	at com.sun.corba.ee.spi.orbutil.logex.WrapperGenerator$2.invoke(WrapperGenerator.java:511)
	at com.sun.corba.ee.spi.orbutil.proxy.CompositeInvocationHandlerImpl.invoke(CompositeInvocationHandlerImpl.java:99)
	at $Proxy139.createListenerFailed(Unknown Source)
	at com.sun.corba.ee.impl.transport.SocketOrChannelAcceptorImpl.initialize(SocketOrChannelAcceptorImpl.java:98)
	at com.sun.corba.ee.impl.transport.CorbaTransportManagerImpl.getAcceptors(CorbaTransportManagerImpl.java:248)
	at com.sun.corba.ee.impl.legacy.connection.LegacyServerSocketManagerImpl.getAcceptorIterator(LegacyServerSocketManagerImpl.java:163)
	at com.sun.corba.ee.impl.legacy.connection.LegacyServerSocketManagerImpl.legacyIsLocalServerPort(LegacyServerSocketManagerImpl.java:130)
	at com.sun.corba.ee.impl.ior.iiop.IIOPProfileImpl.isLocal(IIOPProfileImpl.java:341)
	at com.sun.corba.ee.impl.transport.CorbaContactInfoListImpl.setLocalSubcontract(CorbaContactInfoListImpl.java:444)
	at com.sun.corba.ee.impl.transport.CorbaContactInfoListImpl.setEffectiveTargetIOR(CorbaContactInfoListImpl.java:277)
	at com.sun.corba.ee.impl.transport.CorbaContactInfoListImpl.setTargetIOR(CorbaContactInfoListImpl.java:219)
	at com.sun.corba.ee.impl.transport.CorbaContactInfoListImpl.&lt;init&gt;(CorbaContactInfoListImpl.java:183)
	at com.sun.corba.ee.spi.transport.TransportDefault$1.create(TransportDefault.java:70)
	at com.sun.corba.ee.impl.orbutil.ORBUtility.makeClientDelegate(ORBUtility.java:803)
	at com.sun.corba.ee.impl.orbutil.ORBUtility.makeObjectReference(ORBUtility.java:812)
	at com.sun.corba.ee.impl.resolver.INSURLOperationImpl.getIORUsingCorbaloc(INSURLOperationImpl.java:313)
	at com.sun.corba.ee.impl.resolver.INSURLOperationImpl.resolveCorbaloc(INSURLOperationImpl.java:184)
	at com.sun.corba.ee.impl.resolver.INSURLOperationImpl.resolveINSURL(INSURLOperationImpl.java:156)
	at com.sun.corba.ee.impl.resolver.INSURLOperationImpl.operate(INSURLOperationImpl.java:145)
	at com.sun.corba.ee.impl.resolver.ORBInitRefResolverImpl.resolve(ORBInitRefResolverImpl.java:70)
	at com.sun.corba.ee.impl.resolver.CompositeResolverImpl.resolve(CompositeResolverImpl.java:59)
	at com.sun.corba.ee.impl.resolver.CompositeResolverImpl.resolve(CompositeResolverImpl.java:61)
	at com.sun.corba.ee.impl.orb.ORBImpl.resolve_initial_references(ORBImpl.java:1266)
	at com.sun.jndi.cosnaming.CNCtx.setOrbAndRootContext(CNCtx.java:377)
	at com.sun.jndi.cosnaming.CNCtx.initOrbAndRootContext(CNCtx.java:269)
	at com.sun.jndi.cosnaming.CNCtx.&lt;init&gt;(CNCtx.java:91)
	at com.sun.jndi.cosnaming.CNCtxFactory.getInitialContext(CNCtxFactory.java:49)
	at javax.naming.spi.NamingManager.getInitialContext(NamingManager.java:684)
	at javax.naming.InitialContext.getDefaultInitCtx(InitialContext.java:307)
	at javax.naming.InitialContext.init(InitialContext.java:242)
	at javax.naming.InitialContext.&lt;init&gt;(InitialContext.java:216)
	at com.sun.enterprise.naming.impl.GlassfishNamingManagerImpl.initializeRemoteNamingSupport(GlassfishNamingManagerImpl.java:157)
	at org.glassfish.enterprise.iiop.api.GlassFishORBHelper.getORB(GlassFishORBHelper.java:171)
	at com.sun.enterprise.iiop.security.SecurityMechanismSelector.getCtc(SecurityMechanismSelector.java:337)
	at com.sun.enterprise.iiop.security.SecurityMechanismSelector.selectSecurityMechanism(SecurityMechanismSelector.java:992)
	at com.sun.enterprise.iiop.security.SecurityMechanismSelector.getSSLPorts(SecurityMechanismSelector.java:347)
	at com.sun.enterprise.iiop.security.SecurityMechanismSelector.getSSLSocketInfo(SecurityMechanismSelector.java:541)
	at com.sun.enterprise.iiop.security.IIOPSSLUtilImpl.getSSLPortsAsSocketInfo(IIOPSSLUtilImpl.java:146)
	at org.glassfish.enterprise.iiop.impl.CSIv2SSLTaggedComponentHandlerImpl.extract(CSIv2SSLTaggedComponentHandlerImpl.java:153)
	at com.sun.corba.ee.impl.folb.ClientGroupManager.getSocketInfo(ClientGroupManager.java:205)
	at com.sun.corba.ee.impl.transport.CorbaContactInfoListImpl.addRemoteContactInfos(CorbaContactInfoListImpl.java:401)
	at com.sun.corba.ee.impl.transport.CorbaContactInfoListImpl.createContactInfoList(CorbaContactInfoListImpl.java:376)
	at com.sun.corba.ee.impl.transport.CorbaContactInfoListImpl.iterator(CorbaContactInfoListImpl.java:188)
	at com.sun.corba.ee.impl.protocol.CorbaClientDelegateImpl.request(CorbaClientDelegateImpl.java:197)
	at com.sun.corba.ee.impl.resolver.BootstrapResolverImpl.invoke(BootstrapResolverImpl.java:111)
	at com.sun.corba.ee.impl.resolver.BootstrapResolverImpl.resolve(BootstrapResolverImpl.java:144)
	at com.sun.corba.ee.impl.resolver.CompositeResolverImpl.resolve(CompositeResolverImpl.java:61)
	at com.sun.corba.ee.impl.resolver.CompositeResolverImpl.resolve(CompositeResolverImpl.java:61)
	at com.sun.corba.ee.impl.resolver.CompositeResolverImpl.resolve(CompositeResolverImpl.java:61)
	at com.sun.corba.ee.impl.orb.ORBImpl.resolve_initial_references(ORBImpl.java:1266)
	at com.sun.jts.CosTransactions.DefaultTransactionService.createPOAs(DefaultTransactionService.java:389)
	at com.sun.jts.CosTransactions.DefaultTransactionService.identify_ORB(DefaultTransactionService.java:203)
	at com.sun.enterprise.transaction.jts.iiop.TransactionIIOPInterceptorFactory.createInterceptor(TransactionIIOPInterceptorFactory.java:152)
	at com.sun.enterprise.transaction.jts.iiop.TransactionIIOPInterceptorFactory.createClientRequestInterceptor(TransactionIIOPInterceptorFactory.java:100)
	at org.glassfish.enterprise.iiop.impl.GlassFishORBInitializer.post_init(GlassFishORBInitializer.java:132)
	at com.sun.corba.ee.impl.interceptors.PIHandlerImpl.postInitORBInitializers(PIHandlerImpl.java:915)
	at com.sun.corba.ee.impl.interceptors.PIHandlerImpl.initialize(PIHandlerImpl.java:265)
	at com.sun.corba.ee.impl.orb.ORBImpl.postInit(ORBImpl.java:643)
	at com.sun.corba.ee.impl.orb.ORBImpl.set_parameters(ORBImpl.java:704)
	at com.sun.corba.ee.impl.orb.ORBImpl.setParameters(ORBImpl.java:691)
	at com.sun.corba.ee.spi.osgi.ORBFactory.initialize(ORBFactory.java:107)
	at org.glassfish.enterprise.iiop.impl.GlassFishORBManager.initORB(GlassFishORBManager.java:581)
	at org.glassfish.enterprise.iiop.impl.GlassFishORBManager.getORB(GlassFishORBManager.java:263)
	at org.glassfish.enterprise.iiop.impl.GlassFishORBFactoryImpl.createORB(GlassFishORBFactoryImpl.java:93)
	at org.glassfish.enterprise.iiop.api.GlassFishORBHelper.getORB(GlassFishORBHelper.java:152)
	at org.glassfish.enterprise.iiop.api.GlassFishORBHelper.getProtocolManager(GlassFishORBHelper.java:219)
	at com.sun.ejb.containers.BaseContainer.initializeProtocolManager(BaseContainer.java:824)
	at com.sun.ejb.containers.BaseContainer.&lt;init&gt;(BaseContainer.java:569)
	at com.sun.ejb.containers.StatelessSessionContainer.&lt;init&gt;(StatelessSessionContainer.java:155)
	at com.sun.ejb.containers.StatelessSessionContainer.&lt;init&gt;(StatelessSessionContainer.java:149)
	at com.sun.ejb.containers.ContainerFactoryImpl.createContainer(ContainerFactoryImpl.java:105)
	at org.glassfish.ejb.startup.EjbApplication.loadContainers(EjbApplication.java:230)
	at org.glassfish.ejb.startup.EjbDeployer.load(EjbDeployer.java:299)
	at org.glassfish.ejb.startup.EjbDeployer.load(EjbDeployer.java:105)
	at org.glassfish.internal.data.ModuleInfo.load(ModuleInfo.java:186)
	at org.glassfish.internal.data.ApplicationInfo.load(ApplicationInfo.java:264)
	at com.sun.enterprise.v3.server.ApplicationLifecycle.deploy(ApplicationLifecycle.java:460)
	at com.sun.enterprise.v3.server.ApplicationLifecycle.deploy(ApplicationLifecycle.java:240)
	at org.glassfish.deployment.admin.DeployCommand.execute(DeployCommand.java:389)
	at com.sun.enterprise.v3.admin.CommandRunnerImpl$1.execute(CommandRunnerImpl.java:348)
	at com.sun.enterprise.v3.admin.CommandRunnerImpl.doCommand(CommandRunnerImpl.java:363)
	at com.sun.enterprise.v3.admin.CommandRunnerImpl.doCommand(CommandRunnerImpl.java:1085)
	at com.sun.enterprise.v3.admin.CommandRunnerImpl.access$1200(CommandRunnerImpl.java:95)
	at com.sun.enterprise.v3.admin.CommandRunnerImpl$ExecutionContext.execute(CommandRunnerImpl.java:1291)
	at com.sun.enterprise.v3.admin.CommandRunnerImpl$ExecutionContext.execute(CommandRunnerImpl.java:1259)
	at com.sun.enterprise.admin.cli.embeddable.DeployerImpl.deploy(DeployerImpl.java:129)
	at com.sun.enterprise.admin.cli.embeddable.DeployerImpl.deploy(DeployerImpl.java:105)
	at org.glassfish.ejb.embedded.EJBContainerImpl.deploy(EJBContainerImpl.java:140)
	at org.glassfish.ejb.embedded.EJBContainerProviderImpl.createEJBContainer(EJBContainerProviderImpl.java:134)
	at javax.ejb.embeddable.EJBContainer.createEJBContainer(EJBContainer.java:127)
	at javax.ejb.embeddable.EJBContainer.createEJBContainer(EJBContainer.java:102)
	at test.PersonaServiceTest.setUp(PersonaServiceTest.java:17)
	at sun.reflect.NativeMethodAccessorImpl.invoke0(Native Method)
	at sun.reflect.NativeMethodAccessorImpl.invoke(NativeMethodAccessorImpl.java:57)
	at sun.reflect.DelegatingMethodAccessorImpl.invoke(DelegatingMethodAccessorImpl.java:43)
	at java.lang.reflect.Method.invoke(Method.java:601)
	at org.junit.runners.model.FrameworkMethod$1.runReflectiveCall(FrameworkMethod.java:45)
	at org.junit.internal.runners.model.ReflectiveCallable.run(ReflectiveCallable.java:15)
	at org.junit.runners.model.FrameworkMethod.invokeExplosively(FrameworkMethod.java:42)
	at org.junit.internal.runners.statements.RunBefores.evaluate(RunBefores.java:27)
	at org.junit.runners.ParentRunner.runLeaf(ParentRunner.java:263)
	at org.junit.runners.BlockJUnit4ClassRunner.runChild(BlockJUnit4ClassRunner.java:68)
	at org.junit.runners.BlockJUnit4ClassRunner.runChild(BlockJUnit4ClassRunner.java:47)
	at org.junit.runners.ParentRunner$3.run(ParentRunner.java:231)
	at org.junit.runners.ParentRunner$1.schedule(ParentRunner.java:60)
	at org.junit.runners.ParentRunner.runChildren(ParentRunner.java:229)
	at org.junit.runners.ParentRunner.access$000(ParentRunner.java:50)
	at org.junit.runners.ParentRunner$2.evaluate(ParentRunner.java:222)
	at org.junit.runners.ParentRunner.run(ParentRunner.java:300)
	at org.apache.maven.surefire.junit4.JUnit4TestSet.execute(JUnit4TestSet.java:35)
	at org.apache.maven.surefire.junit4.JUnit4Provider.executeTestSet(JUnit4Provider.java:146)
	at org.apache.maven.surefire.junit4.JUnit4Provider.invoke(JUnit4Provider.java:97)
	at sun.reflect.NativeMethodAccessorImpl.invoke0(Native Method)
	at sun.reflect.NativeMethodAccessorImpl.invoke(NativeMethodAccessorImpl.java:57)
	at sun.reflect.DelegatingMethodAccessorImpl.invoke(DelegatingMethodAccessorImpl.java:43)
	at java.lang.reflect.Method.invoke(Method.java:601)
	at org.apache.maven.surefire.booter.ProviderFactory$ClassLoaderProxy.invoke(ProviderFactory.java:103)
	at $Proxy0.invoke(Unknown Source)
	at org.apache.maven.surefire.booter.SurefireStarter.invokeProvider(SurefireStarter.java:145)
	at org.apache.maven.surefire.booter.SurefireStarter.runSuitesInProcess(SurefireStarter.java:87)
	at org.apache.maven.surefire.booter.ForkedBooter.main(ForkedBooter.java:69)
Caused by: java.net.BindException: Address already in use: bind
	at sun.nio.ch.Net.bind0(Native Method)
	at sun.nio.ch.Net.bind(Net.java:344)
	at sun.nio.ch.Net.bind(Net.java:336)
	at sun.nio.ch.ServerSocketChannelImpl.bind(ServerSocketChannelImpl.java:199)
	at sun.nio.ch.ServerSocketAdaptor.bind(ServerSocketAdaptor.java:74)
	at sun.nio.ch.ServerSocketAdaptor.bind(ServerSocketAdaptor.java:67)
	at org.glassfish.enterprise.iiop.impl.IIOPSSLSocketFactory.createServerSocket(IIOPSSLSocketFactory.java:292)
	at com.sun.corba.ee.impl.transport.SocketOrChannelAcceptorImpl.initialize(SocketOrChannelAcceptorImpl.java:91)
	... 117 more

jul 09, 2012 11:46:22 PM org.glassfish.enterprise.iiop.impl.CSIv2SSLTaggedComponentHandlerImpl extract
Advertencia: Exception getting SocketInfo
java.lang.RuntimeException: Orb initialization erorr
	at org.glassfish.enterprise.iiop.api.GlassFishORBHelper.getORB(GlassFishORBHelper.java:180)
	at com.sun.enterprise.iiop.security.SecurityMechanismSelector.getCtc(SecurityMechanismSelector.java:337)
	at com.sun.enterprise.iiop.security.SecurityMechanismSelector.selectSecurityMechanism(SecurityMechanismSelector.java:992)
	at com.sun.enterprise.iiop.security.SecurityMechanismSelector.getSSLPorts(SecurityMechanismSelector.java:347)
	at com.sun.enterprise.iiop.security.SecurityMechanismSelector.getSSLSocketInfo(SecurityMechanismSelector.java:541)
	at com.sun.enterprise.iiop.security.IIOPSSLUtilImpl.getSSLPortsAsSocketInfo(IIOPSSLUtilImpl.java:146)
	at org.glassfish.enterprise.iiop.impl.CSIv2SSLTaggedComponentHandlerImpl.extract(CSIv2SSLTaggedComponentHandlerImpl.java:153)
	at com.sun.corba.ee.impl.folb.ClientGroupManager.getSocketInfo(ClientGroupManager.java:205)
	at com.sun.corba.ee.impl.transport.CorbaContactInfoListImpl.addRemoteContactInfos(CorbaContactInfoListImpl.java:401)
	at com.sun.corba.ee.impl.transport.CorbaContactInfoListImpl.createContactInfoList(CorbaContactInfoListImpl.java:376)
	at com.sun.corba.ee.impl.transport.CorbaContactInfoListImpl.iterator(CorbaContactInfoListImpl.java:188)
	at com.sun.corba.ee.impl.protocol.CorbaClientDelegateImpl.request(CorbaClientDelegateImpl.java:197)
	at com.sun.corba.ee.impl.resolver.BootstrapResolverImpl.invoke(BootstrapResolverImpl.java:111)
	at com.sun.corba.ee.impl.resolver.BootstrapResolverImpl.resolve(BootstrapResolverImpl.java:144)
	at com.sun.corba.ee.impl.resolver.CompositeResolverImpl.resolve(CompositeResolverImpl.java:61)
	at com.sun.corba.ee.impl.resolver.CompositeResolverImpl.resolve(CompositeResolverImpl.java:61)
	at com.sun.corba.ee.impl.resolver.CompositeResolverImpl.resolve(CompositeResolverImpl.java:61)
	at com.sun.corba.ee.impl.orb.ORBImpl.resolve_initial_references(ORBImpl.java:1266)
	at com.sun.jts.CosTransactions.DefaultTransactionService.createPOAs(DefaultTransactionService.java:389)
	at com.sun.jts.CosTransactions.DefaultTransactionService.identify_ORB(DefaultTransactionService.java:203)
	at com.sun.enterprise.transaction.jts.iiop.TransactionIIOPInterceptorFactory.createInterceptor(TransactionIIOPInterceptorFactory.java:152)
	at com.sun.enterprise.transaction.jts.iiop.TransactionIIOPInterceptorFactory.createClientRequestInterceptor(TransactionIIOPInterceptorFactory.java:100)
	at org.glassfish.enterprise.iiop.impl.GlassFishORBInitializer.post_init(GlassFishORBInitializer.java:132)
	at com.sun.corba.ee.impl.interceptors.PIHandlerImpl.postInitORBInitializers(PIHandlerImpl.java:915)
	at com.sun.corba.ee.impl.interceptors.PIHandlerImpl.initialize(PIHandlerImpl.java:265)
	at com.sun.corba.ee.impl.orb.ORBImpl.postInit(ORBImpl.java:643)
	at com.sun.corba.ee.impl.orb.ORBImpl.set_parameters(ORBImpl.java:704)
	at com.sun.corba.ee.impl.orb.ORBImpl.setParameters(ORBImpl.java:691)
	at com.sun.corba.ee.spi.osgi.ORBFactory.initialize(ORBFactory.java:107)
	at org.glassfish.enterprise.iiop.impl.GlassFishORBManager.initORB(GlassFishORBManager.java:581)
	at org.glassfish.enterprise.iiop.impl.GlassFishORBManager.getORB(GlassFishORBManager.java:263)
	at org.glassfish.enterprise.iiop.impl.GlassFishORBFactoryImpl.createORB(GlassFishORBFactoryImpl.java:93)
	at org.glassfish.enterprise.iiop.api.GlassFishORBHelper.getORB(GlassFishORBHelper.java:152)
	at org.glassfish.enterprise.iiop.api.GlassFishORBHelper.getProtocolManager(GlassFishORBHelper.java:219)
	at com.sun.ejb.containers.BaseContainer.initializeProtocolManager(BaseContainer.java:824)
	at com.sun.ejb.containers.BaseContainer.&lt;init&gt;(BaseContainer.java:569)
	at com.sun.ejb.containers.StatelessSessionContainer.&lt;init&gt;(StatelessSessionContainer.java:155)
	at com.sun.ejb.containers.StatelessSessionContainer.&lt;init&gt;(StatelessSessionContainer.java:149)
	at com.sun.ejb.containers.ContainerFactoryImpl.createContainer(ContainerFactoryImpl.java:105)
	at org.glassfish.ejb.startup.EjbApplication.loadContainers(EjbApplication.java:230)
	at org.glassfish.ejb.startup.EjbDeployer.load(EjbDeployer.java:299)
	at org.glassfish.ejb.startup.EjbDeployer.load(EjbDeployer.java:105)
	at org.glassfish.internal.data.ModuleInfo.load(ModuleInfo.java:186)
	at org.glassfish.internal.data.ApplicationInfo.load(ApplicationInfo.java:264)
	at com.sun.enterprise.v3.server.ApplicationLifecycle.deploy(ApplicationLifecycle.java:460)
	at com.sun.enterprise.v3.server.ApplicationLifecycle.deploy(ApplicationLifecycle.java:240)
	at org.glassfish.deployment.admin.DeployCommand.execute(DeployCommand.java:389)
	at com.sun.enterprise.v3.admin.CommandRunnerImpl$1.execute(CommandRunnerImpl.java:348)
	at com.sun.enterprise.v3.admin.CommandRunnerImpl.doCommand(CommandRunnerImpl.java:363)
	at com.sun.enterprise.v3.admin.CommandRunnerImpl.doCommand(CommandRunnerImpl.java:1085)
	at com.sun.enterprise.v3.admin.CommandRunnerImpl.access$1200(CommandRunnerImpl.java:95)
	at com.sun.enterprise.v3.admin.CommandRunnerImpl$ExecutionContext.execute(CommandRunnerImpl.java:1291)
	at com.sun.enterprise.v3.admin.CommandRunnerImpl$ExecutionContext.execute(CommandRunnerImpl.java:1259)
	at com.sun.enterprise.admin.cli.embeddable.DeployerImpl.deploy(DeployerImpl.java:129)
	at com.sun.enterprise.admin.cli.embeddable.DeployerImpl.deploy(DeployerImpl.java:105)
	at org.glassfish.ejb.embedded.EJBContainerImpl.deploy(EJBContainerImpl.java:140)
	at org.glassfish.ejb.embedded.EJBContainerProviderImpl.createEJBContainer(EJBContainerProviderImpl.java:134)
	at javax.ejb.embeddable.EJBContainer.createEJBContainer(EJBContainer.java:127)
	at javax.ejb.embeddable.EJBContainer.createEJBContainer(EJBContainer.java:102)
	at test.PersonaServiceTest.setUp(PersonaServiceTest.java:17)
	at sun.reflect.NativeMethodAccessorImpl.invoke0(Native Method)
	at sun.reflect.NativeMethodAccessorImpl.invoke(NativeMethodAccessorImpl.java:57)
	at sun.reflect.DelegatingMethodAccessorImpl.invoke(DelegatingMethodAccessorImpl.java:43)
	at java.lang.reflect.Method.invoke(Method.java:601)
	at org.junit.runners.model.FrameworkMethod$1.runReflectiveCall(FrameworkMethod.java:45)
	at org.junit.internal.runners.model.ReflectiveCallable.run(ReflectiveCallable.java:15)
	at org.junit.runners.model.FrameworkMethod.invokeExplosively(FrameworkMethod.java:42)
	at org.junit.internal.runners.statements.RunBefores.evaluate(RunBefores.java:27)
	at org.junit.runners.ParentRunner.runLeaf(ParentRunner.java:263)
	at org.junit.runners.BlockJUnit4ClassRunner.runChild(BlockJUnit4ClassRunner.java:68)
	at org.junit.runners.BlockJUnit4ClassRunner.runChild(BlockJUnit4ClassRunner.java:47)
	at org.junit.runners.ParentRunner$3.run(ParentRunner.java:231)
	at org.junit.runners.ParentRunner$1.schedule(ParentRunner.java:60)
	at org.junit.runners.ParentRunner.runChildren(ParentRunner.java:229)
	at org.junit.runners.ParentRunner.access$000(ParentRunner.java:50)
	at org.junit.runners.ParentRunner$2.evaluate(ParentRunner.java:222)
	at org.junit.runners.ParentRunner.run(ParentRunner.java:300)
	at org.apache.maven.surefire.junit4.JUnit4TestSet.execute(JUnit4TestSet.java:35)
	at org.apache.maven.surefire.junit4.JUnit4Provider.executeTestSet(JUnit4Provider.java:146)
	at org.apache.maven.surefire.junit4.JUnit4Provider.invoke(JUnit4Provider.java:97)
	at sun.reflect.NativeMethodAccessorImpl.invoke0(Native Method)
	at sun.reflect.NativeMethodAccessorImpl.invoke(NativeMethodAccessorImpl.java:57)
	at sun.reflect.DelegatingMethodAccessorImpl.invoke(DelegatingMethodAccessorImpl.java:43)
	at java.lang.reflect.Method.invoke(Method.java:601)
	at org.apache.maven.surefire.booter.ProviderFactory$ClassLoaderProxy.invoke(ProviderFactory.java:103)
	at $Proxy0.invoke(Unknown Source)
	at org.apache.maven.surefire.booter.SurefireStarter.invokeProvider(SurefireStarter.java:145)
	at org.apache.maven.surefire.booter.SurefireStarter.runSuitesInProcess(SurefireStarter.java:87)
	at org.apache.maven.surefire.booter.ForkedBooter.main(ForkedBooter.java:69)
Caused by: javax.naming.CommunicationException: Cannot connect to ORB [Root exception is org.omg.CORBA.COMM_FAILURE: Grave: IOP00410016: Unable to create IIOP listener on the specified host all interfaces and port 3,700  vmcid: OMG  minor code: 16  completed: No]
	at com.sun.jndi.cosnaming.CNCtx.setOrbAndRootContext(CNCtx.java:399)
	at com.sun.jndi.cosnaming.CNCtx.initOrbAndRootContext(CNCtx.java:269)
	at com.sun.jndi.cosnaming.CNCtx.&lt;init&gt;(CNCtx.java:91)
	at com.sun.jndi.cosnaming.CNCtxFactory.getInitialContext(CNCtxFactory.java:49)
	at javax.naming.spi.NamingManager.getInitialContext(NamingManager.java:684)
	at javax.naming.InitialContext.getDefaultInitCtx(InitialContext.java:307)
	at javax.naming.InitialContext.init(InitialContext.java:242)
	at javax.naming.InitialContext.&lt;init&gt;(InitialContext.java:216)
	at com.sun.enterprise.naming.impl.GlassfishNamingManagerImpl.initializeRemoteNamingSupport(GlassfishNamingManagerImpl.java:157)
	at org.glassfish.enterprise.iiop.api.GlassFishORBHelper.getORB(GlassFishORBHelper.java:171)
	... 88 more
Caused by: org.omg.CORBA.COMM_FAILURE: Grave: IOP00410016: Unable to create IIOP listener on the specified host all interfaces and port 3,700  vmcid: OMG  minor code: 16  completed: No
	at sun.reflect.NativeConstructorAccessorImpl.newInstance0(Native Method)
	at sun.reflect.NativeConstructorAccessorImpl.newInstance(NativeConstructorAccessorImpl.java:57)
	at sun.reflect.DelegatingConstructorAccessorImpl.newInstance(DelegatingConstructorAccessorImpl.java:45)
	at java.lang.reflect.Constructor.newInstance(Constructor.java:525)
	at com.sun.corba.ee.spi.orbutil.logex.corba.CorbaExtension.makeException(CorbaExtension.java:248)
	at com.sun.corba.ee.spi.orbutil.logex.corba.CorbaExtension.makeException(CorbaExtension.java:95)
	at com.sun.corba.ee.spi.orbutil.logex.WrapperGenerator.handleFullLogging(WrapperGenerator.java:387)
	at com.sun.corba.ee.spi.orbutil.logex.WrapperGenerator.access$400(WrapperGenerator.java:107)
	at com.sun.corba.ee.spi.orbutil.logex.WrapperGenerator$2.invoke(WrapperGenerator.java:511)
	at com.sun.corba.ee.spi.orbutil.proxy.CompositeInvocationHandlerImpl.invoke(CompositeInvocationHandlerImpl.java:99)
	at $Proxy139.createListenerFailed(Unknown Source)
	at com.sun.corba.ee.impl.transport.SocketOrChannelAcceptorImpl.initialize(SocketOrChannelAcceptorImpl.java:98)
	at com.sun.corba.ee.impl.transport.CorbaTransportManagerImpl.getAcceptors(CorbaTransportManagerImpl.java:248)
	at com.sun.corba.ee.impl.legacy.connection.LegacyServerSocketManagerImpl.getAcceptorIterator(LegacyServerSocketManagerImpl.java:163)
	at com.sun.corba.ee.impl.legacy.connection.LegacyServerSocketManagerImpl.legacyIsLocalServerPort(LegacyServerSocketManagerImpl.java:130)
	at com.sun.corba.ee.impl.ior.iiop.IIOPProfileImpl.isLocal(IIOPProfileImpl.java:341)
	at com.sun.corba.ee.impl.transport.CorbaContactInfoListImpl.setLocalSubcontract(CorbaContactInfoListImpl.java:444)
	at com.sun.corba.ee.impl.transport.CorbaContactInfoListImpl.setEffectiveTargetIOR(CorbaContactInfoListImpl.java:277)
	at com.sun.corba.ee.impl.transport.CorbaContactInfoListImpl.setTargetIOR(CorbaContactInfoListImpl.java:219)
	at com.sun.corba.ee.impl.transport.CorbaContactInfoListImpl.&lt;init&gt;(CorbaContactInfoListImpl.java:183)
	at com.sun.corba.ee.spi.transport.TransportDefault$1.create(TransportDefault.java:70)
	at com.sun.corba.ee.impl.orbutil.ORBUtility.makeClientDelegate(ORBUtility.java:803)
	at com.sun.corba.ee.impl.orbutil.ORBUtility.makeObjectReference(ORBUtility.java:812)
	at com.sun.corba.ee.impl.resolver.INSURLOperationImpl.getIORUsingCorbaloc(INSURLOperationImpl.java:313)
	at com.sun.corba.ee.impl.resolver.INSURLOperationImpl.resolveCorbaloc(INSURLOperationImpl.java:184)
	at com.sun.corba.ee.impl.resolver.INSURLOperationImpl.resolveINSURL(INSURLOperationImpl.java:156)
	at com.sun.corba.ee.impl.resolver.INSURLOperationImpl.operate(INSURLOperationImpl.java:145)
	at com.sun.corba.ee.impl.resolver.ORBInitRefResolverImpl.resolve(ORBInitRefResolverImpl.java:70)
	at com.sun.corba.ee.impl.resolver.CompositeResolverImpl.resolve(CompositeResolverImpl.java:59)
	at com.sun.corba.ee.impl.resolver.CompositeResolverImpl.resolve(CompositeResolverImpl.java:61)
	at com.sun.corba.ee.impl.orb.ORBImpl.resolve_initial_references(ORBImpl.java:1266)
	at com.sun.jndi.cosnaming.CNCtx.setOrbAndRootContext(CNCtx.java:377)
	... 97 more
Caused by: java.net.BindException: Address already in use: bind
	at sun.nio.ch.Net.bind0(Native Method)
	at sun.nio.ch.Net.bind(Net.java:344)
	at sun.nio.ch.Net.bind(Net.java:336)
	at sun.nio.ch.ServerSocketChannelImpl.bind(ServerSocketChannelImpl.java:199)
	at sun.nio.ch.ServerSocketAdaptor.bind(ServerSocketAdaptor.java:74)
	at sun.nio.ch.ServerSocketAdaptor.bind(ServerSocketAdaptor.java:67)
	at org.glassfish.enterprise.iiop.impl.IIOPSSLSocketFactory.createServerSocket(IIOPSSLSocketFactory.java:292)
	at com.sun.corba.ee.impl.transport.SocketOrChannelAcceptorImpl.initialize(SocketOrChannelAcceptorImpl.java:91)
	... 117 more

jul 09, 2012 11:46:22 PM com.sun.corba.ee.spi.orbutil.logex.WrapperGenerator handleFullLogging
Grave: IOP00410016: Unable to create IIOP listener on the specified host all interfaces and port 3,700
org.omg.CORBA.COMM_FAILURE: Grave: IOP00410016: Unable to create IIOP listener on the specified host all interfaces and port 3,700  vmcid: OMG  minor code: 16  completed: No
	at sun.reflect.NativeConstructorAccessorImpl.newInstance0(Native Method)
	at sun.reflect.NativeConstructorAccessorImpl.newInstance(NativeConstructorAccessorImpl.java:57)
	at sun.reflect.DelegatingConstructorAccessorImpl.newInstance(DelegatingConstructorAccessorImpl.java:45)
	at java.lang.reflect.Constructor.newInstance(Constructor.java:525)
	at com.sun.corba.ee.spi.orbutil.logex.corba.CorbaExtension.makeException(CorbaExtension.java:248)
	at com.sun.corba.ee.spi.orbutil.logex.corba.CorbaExtension.makeException(CorbaExtension.java:95)
	at com.sun.corba.ee.spi.orbutil.logex.WrapperGenerator.handleFullLogging(WrapperGenerator.java:387)
	at com.sun.corba.ee.spi.orbutil.logex.WrapperGenerator.access$400(WrapperGenerator.java:107)
	at com.sun.corba.ee.spi.orbutil.logex.WrapperGenerator$2.invoke(WrapperGenerator.java:511)
	at com.sun.corba.ee.spi.orbutil.proxy.CompositeInvocationHandlerImpl.invoke(CompositeInvocationHandlerImpl.java:99)
	at $Proxy139.createListenerFailed(Unknown Source)
	at com.sun.corba.ee.impl.transport.SocketOrChannelAcceptorImpl.initialize(SocketOrChannelAcceptorImpl.java:98)
	at com.sun.corba.ee.impl.transport.CorbaTransportManagerImpl.getAcceptors(CorbaTransportManagerImpl.java:248)
	at com.sun.corba.ee.impl.transport.CorbaTransportManagerImpl.addToIORTemplate(CorbaTransportManagerImpl.java:267)
	at com.sun.corba.ee.spi.oa.ObjectAdapterBase.initializeTemplate(ObjectAdapterBase.java:103)
	at com.sun.corba.ee.impl.oa.toa.TOAImpl.&lt;init&gt;(TOAImpl.java:134)
	at com.sun.corba.ee.impl.oa.toa.TOAFactory.getTOA(TOAFactory.java:118)
	at com.sun.corba.ee.impl.orb.ORBImpl.connect(ORBImpl.java:1696)
	at com.sun.corba.ee.spi.presentation.rmi.StubAdapter.connect(StubAdapter.java:216)
	at com.sun.corba.ee.impl.orb.ORBImpl.getIOR(ORBImpl.java:2088)
	at com.sun.corba.ee.impl.orb.ORBImpl.getFVDCodeBaseIOR(ORBImpl.java:988)
	at com.sun.corba.ee.impl.protocol.CorbaClientRequestDispatcherImpl.addServiceContexts(CorbaClientRequestDispatcherImpl.java:802)
	at com.sun.corba.ee.impl.protocol.CorbaClientRequestDispatcherImpl.beginRequest(CorbaClientRequestDispatcherImpl.java:273)
	at com.sun.corba.ee.impl.protocol.CorbaClientDelegateImpl.request(CorbaClientDelegateImpl.java:228)
	at com.sun.corba.ee.impl.resolver.BootstrapResolverImpl.invoke(BootstrapResolverImpl.java:111)
	at com.sun.corba.ee.impl.resolver.BootstrapResolverImpl.resolve(BootstrapResolverImpl.java:144)
	at com.sun.corba.ee.impl.resolver.CompositeResolverImpl.resolve(CompositeResolverImpl.java:61)
	at com.sun.corba.ee.impl.resolver.CompositeResolverImpl.resolve(CompositeResolverImpl.java:61)
	at com.sun.corba.ee.impl.resolver.CompositeResolverImpl.resolve(CompositeResolverImpl.java:61)
	at com.sun.corba.ee.impl.orb.ORBImpl.resolve_initial_references(ORBImpl.java:1266)
	at com.sun.jts.CosTransactions.DefaultTransactionService.createPOAs(DefaultTransactionService.java:389)
	at com.sun.jts.CosTransactions.DefaultTransactionService.identify_ORB(DefaultTransactionService.java:203)
	at com.sun.enterprise.transaction.jts.iiop.TransactionIIOPInterceptorFactory.createInterceptor(TransactionIIOPInterceptorFactory.java:152)
	at com.sun.enterprise.transaction.jts.iiop.TransactionIIOPInterceptorFactory.createClientRequestInterceptor(TransactionIIOPInterceptorFactory.java:100)
	at org.glassfish.enterprise.iiop.impl.GlassFishORBInitializer.post_init(GlassFishORBInitializer.java:132)
	at com.sun.corba.ee.impl.interceptors.PIHandlerImpl.postInitORBInitializers(PIHandlerImpl.java:915)
	at com.sun.corba.ee.impl.interceptors.PIHandlerImpl.initialize(PIHandlerImpl.java:265)
	at com.sun.corba.ee.impl.orb.ORBImpl.postInit(ORBImpl.java:643)
	at com.sun.corba.ee.impl.orb.ORBImpl.set_parameters(ORBImpl.java:704)
	at com.sun.corba.ee.impl.orb.ORBImpl.setParameters(ORBImpl.java:691)
	at com.sun.corba.ee.spi.osgi.ORBFactory.initialize(ORBFactory.java:107)
	at org.glassfish.enterprise.iiop.impl.GlassFishORBManager.initORB(GlassFishORBManager.java:581)
	at org.glassfish.enterprise.iiop.impl.GlassFishORBManager.getORB(GlassFishORBManager.java:263)
	at org.glassfish.enterprise.iiop.impl.GlassFishORBFactoryImpl.createORB(GlassFishORBFactoryImpl.java:93)
	at org.glassfish.enterprise.iiop.api.GlassFishORBHelper.getORB(GlassFishORBHelper.java:152)
	at org.glassfish.enterprise.iiop.api.GlassFishORBHelper.getProtocolManager(GlassFishORBHelper.java:219)
	at com.sun.ejb.containers.BaseContainer.initializeProtocolManager(BaseContainer.java:824)
	at com.sun.ejb.containers.BaseContainer.&lt;init&gt;(BaseContainer.java:569)
	at com.sun.ejb.containers.StatelessSessionContainer.&lt;init&gt;(StatelessSessionContainer.java:155)
	at com.sun.ejb.containers.StatelessSessionContainer.&lt;init&gt;(StatelessSessionContainer.java:149)
	at com.sun.ejb.containers.ContainerFactoryImpl.createContainer(ContainerFactoryImpl.java:105)
	at org.glassfish.ejb.startup.EjbApplication.loadContainers(EjbApplication.java:230)
	at org.glassfish.ejb.startup.EjbDeployer.load(EjbDeployer.java:299)
	at org.glassfish.ejb.startup.EjbDeployer.load(EjbDeployer.java:105)
	at org.glassfish.internal.data.ModuleInfo.load(ModuleInfo.java:186)
	at org.glassfish.internal.data.ApplicationInfo.load(ApplicationInfo.java:264)
	at com.sun.enterprise.v3.server.ApplicationLifecycle.deploy(ApplicationLifecycle.java:460)
	at com.sun.enterprise.v3.server.ApplicationLifecycle.deploy(ApplicationLifecycle.java:240)
	at org.glassfish.deployment.admin.DeployCommand.execute(DeployCommand.java:389)
	at com.sun.enterprise.v3.admin.CommandRunnerImpl$1.execute(CommandRunnerImpl.java:348)
	at com.sun.enterprise.v3.admin.CommandRunnerImpl.doCommand(CommandRunnerImpl.java:363)
	at com.sun.enterprise.v3.admin.CommandRunnerImpl.doCommand(CommandRunnerImpl.java:1085)
	at com.sun.enterprise.v3.admin.CommandRunnerImpl.access$1200(CommandRunnerImpl.java:95)
	at com.sun.enterprise.v3.admin.CommandRunnerImpl$ExecutionContext.execute(CommandRunnerImpl.java:1291)
	at com.sun.enterprise.v3.admin.CommandRunnerImpl$ExecutionContext.execute(CommandRunnerImpl.java:1259)
	at com.sun.enterprise.admin.cli.embeddable.DeployerImpl.deploy(DeployerImpl.java:129)
	at com.sun.enterprise.admin.cli.embeddable.DeployerImpl.deploy(DeployerImpl.java:105)
	at org.glassfish.ejb.embedded.EJBContainerImpl.deploy(EJBContainerImpl.java:140)
	at org.glassfish.ejb.embedded.EJBContainerProviderImpl.createEJBContainer(EJBContainerProviderImpl.java:134)
	at javax.ejb.embeddable.EJBContainer.createEJBContainer(EJBContainer.java:127)
	at javax.ejb.embeddable.EJBContainer.createEJBContainer(EJBContainer.java:102)
	at test.PersonaServiceTest.setUp(PersonaServiceTest.java:17)
	at sun.reflect.NativeMethodAccessorImpl.invoke0(Native Method)
	at sun.reflect.NativeMethodAccessorImpl.invoke(NativeMethodAccessorImpl.java:57)
	at sun.reflect.DelegatingMethodAccessorImpl.invoke(DelegatingMethodAccessorImpl.java:43)
	at java.lang.reflect.Method.invoke(Method.java:601)
	at org.junit.runners.model.FrameworkMethod$1.runReflectiveCall(FrameworkMethod.java:45)
	at org.junit.internal.runners.model.ReflectiveCallable.run(ReflectiveCallable.java:15)
	at org.junit.runners.model.FrameworkMethod.invokeExplosively(FrameworkMethod.java:42)
	at org.junit.internal.runners.statements.RunBefores.evaluate(RunBefores.java:27)
	at org.junit.runners.ParentRunner.runLeaf(ParentRunner.java:263)
	at org.junit.runners.BlockJUnit4ClassRunner.runChild(BlockJUnit4ClassRunner.java:68)
	at org.junit.runners.BlockJUnit4ClassRunner.runChild(BlockJUnit4ClassRunner.java:47)
	at org.junit.runners.ParentRunner$3.run(ParentRunner.java:231)
	at org.junit.runners.ParentRunner$1.schedule(ParentRunner.java:60)
	at org.junit.runners.ParentRunner.runChildren(ParentRunner.java:229)
	at org.junit.runners.ParentRunner.access$000(ParentRunner.java:50)
	at org.junit.runners.ParentRunner$2.evaluate(ParentRunner.java:222)
	at org.junit.runners.ParentRunner.run(ParentRunner.java:300)
	at org.apache.maven.surefire.junit4.JUnit4TestSet.execute(JUnit4TestSet.java:35)
	at org.apache.maven.surefire.junit4.JUnit4Provider.executeTestSet(JUnit4Provider.java:146)
	at org.apache.maven.surefire.junit4.JUnit4Provider.invoke(JUnit4Provider.java:97)
	at sun.reflect.NativeMethodAccessorImpl.invoke0(Native Method)
	at sun.reflect.NativeMethodAccessorImpl.invoke(NativeMethodAccessorImpl.java:57)
	at sun.reflect.DelegatingMethodAccessorImpl.invoke(DelegatingMethodAccessorImpl.java:43)
	at java.lang.reflect.Method.invoke(Method.java:601)
	at org.apache.maven.surefire.booter.ProviderFactory$ClassLoaderProxy.invoke(ProviderFactory.java:103)
	at $Proxy0.invoke(Unknown Source)
	at org.apache.maven.surefire.booter.SurefireStarter.invokeProvider(SurefireStarter.java:145)
	at org.apache.maven.surefire.booter.SurefireStarter.runSuitesInProcess(SurefireStarter.java:87)
	at org.apache.maven.surefire.booter.ForkedBooter.main(ForkedBooter.java:69)
Caused by: java.net.BindException: Address already in use: bind
	at sun.nio.ch.Net.bind0(Native Method)
	at sun.nio.ch.Net.bind(Net.java:344)
	at sun.nio.ch.Net.bind(Net.java:336)
	at sun.nio.ch.ServerSocketChannelImpl.bind(ServerSocketChannelImpl.java:199)
	at sun.nio.ch.ServerSocketAdaptor.bind(ServerSocketAdaptor.java:74)
	at sun.nio.ch.ServerSocketAdaptor.bind(ServerSocketAdaptor.java:67)
	at org.glassfish.enterprise.iiop.impl.IIOPSSLSocketFactory.createServerSocket(IIOPSSLSocketFactory.java:292)
	at com.sun.corba.ee.impl.transport.SocketOrChannelAcceptorImpl.initialize(SocketOrChannelAcceptorImpl.java:91)
	... 89 more

jul 09, 2012 11:46:22 PM com.sun.corba.ee.spi.orbutil.logex.WrapperGenerator handleFullLogging
Advertencia: IOP02310002: Error in connecting servant to ORB
org.omg.CORBA.OBJ_ADAPTER: Advertencia: IOP02310002: Error in connecting servant to ORB  vmcid: OMG  minor code: 2  completed: No
	at sun.reflect.NativeConstructorAccessorImpl.newInstance0(Native Method)
	at sun.reflect.NativeConstructorAccessorImpl.newInstance(NativeConstructorAccessorImpl.java:57)
	at sun.reflect.DelegatingConstructorAccessorImpl.newInstance(DelegatingConstructorAccessorImpl.java:45)
	at java.lang.reflect.Constructor.newInstance(Constructor.java:525)
	at com.sun.corba.ee.spi.orbutil.logex.corba.CorbaExtension.makeException(CorbaExtension.java:248)
	at com.sun.corba.ee.spi.orbutil.logex.corba.CorbaExtension.makeException(CorbaExtension.java:95)
	at com.sun.corba.ee.spi.orbutil.logex.WrapperGenerator.handleFullLogging(WrapperGenerator.java:387)
	at com.sun.corba.ee.spi.orbutil.logex.WrapperGenerator.access$400(WrapperGenerator.java:107)
	at com.sun.corba.ee.spi.orbutil.logex.WrapperGenerator$2.invoke(WrapperGenerator.java:511)
	at com.sun.corba.ee.spi.orbutil.proxy.CompositeInvocationHandlerImpl.invoke(CompositeInvocationHandlerImpl.java:99)
	at $Proxy139.orbConnectError(Unknown Source)
	at com.sun.corba.ee.impl.orb.ORBImpl.connect(ORBImpl.java:1698)
	at com.sun.corba.ee.spi.presentation.rmi.StubAdapter.connect(StubAdapter.java:216)
	at com.sun.corba.ee.impl.orb.ORBImpl.getIOR(ORBImpl.java:2088)
	at com.sun.corba.ee.impl.orb.ORBImpl.getFVDCodeBaseIOR(ORBImpl.java:988)
	at com.sun.corba.ee.impl.protocol.CorbaClientRequestDispatcherImpl.addServiceContexts(CorbaClientRequestDispatcherImpl.java:802)
	at com.sun.corba.ee.impl.protocol.CorbaClientRequestDispatcherImpl.beginRequest(CorbaClientRequestDispatcherImpl.java:273)
	at com.sun.corba.ee.impl.protocol.CorbaClientDelegateImpl.request(CorbaClientDelegateImpl.java:228)
	at com.sun.corba.ee.impl.resolver.BootstrapResolverImpl.invoke(BootstrapResolverImpl.java:111)
	at com.sun.corba.ee.impl.resolver.BootstrapResolverImpl.resolve(BootstrapResolverImpl.java:144)
	at com.sun.corba.ee.impl.resolver.CompositeResolverImpl.resolve(CompositeResolverImpl.java:61)
	at com.sun.corba.ee.impl.resolver.CompositeResolverImpl.resolve(CompositeResolverImpl.java:61)
	at com.sun.corba.ee.impl.resolver.CompositeResolverImpl.resolve(CompositeResolverImpl.java:61)
	at com.sun.corba.ee.impl.orb.ORBImpl.resolve_initial_references(ORBImpl.java:1266)
	at com.sun.jts.CosTransactions.DefaultTransactionService.createPOAs(DefaultTransactionService.java:389)
	at com.sun.jts.CosTransactions.DefaultTransactionService.identify_ORB(DefaultTransactionService.java:203)
	at com.sun.enterprise.transaction.jts.iiop.TransactionIIOPInterceptorFactory.createInterceptor(TransactionIIOPInterceptorFactory.java:152)
	at com.sun.enterprise.transaction.jts.iiop.TransactionIIOPInterceptorFactory.createClientRequestInterceptor(TransactionIIOPInterceptorFactory.java:100)
	at org.glassfish.enterprise.iiop.impl.GlassFishORBInitializer.post_init(GlassFishORBInitializer.java:132)
	at com.sun.corba.ee.impl.interceptors.PIHandlerImpl.postInitORBInitializers(PIHandlerImpl.java:915)
	at com.sun.corba.ee.impl.interceptors.PIHandlerImpl.initialize(PIHandlerImpl.java:265)
	at com.sun.corba.ee.impl.orb.ORBImpl.postInit(ORBImpl.java:643)
	at com.sun.corba.ee.impl.orb.ORBImpl.set_parameters(ORBImpl.java:704)
	at com.sun.corba.ee.impl.orb.ORBImpl.setParameters(ORBImpl.java:691)
	at com.sun.corba.ee.spi.osgi.ORBFactory.initialize(ORBFactory.java:107)
	at org.glassfish.enterprise.iiop.impl.GlassFishORBManager.initORB(GlassFishORBManager.java:581)
	at org.glassfish.enterprise.iiop.impl.GlassFishORBManager.getORB(GlassFishORBManager.java:263)
	at org.glassfish.enterprise.iiop.impl.GlassFishORBFactoryImpl.createORB(GlassFishORBFactoryImpl.java:93)
	at org.glassfish.enterprise.iiop.api.GlassFishORBHelper.getORB(GlassFishORBHelper.java:152)
	at org.glassfish.enterprise.iiop.api.GlassFishORBHelper.getProtocolManager(GlassFishORBHelper.java:219)
	at com.sun.ejb.containers.BaseContainer.initializeProtocolManager(BaseContainer.java:824)
	at com.sun.ejb.containers.BaseContainer.&lt;init&gt;(BaseContainer.java:569)
	at com.sun.ejb.containers.StatelessSessionContainer.&lt;init&gt;(StatelessSessionContainer.java:155)
	at com.sun.ejb.containers.StatelessSessionContainer.&lt;init&gt;(StatelessSessionContainer.java:149)
	at com.sun.ejb.containers.ContainerFactoryImpl.createContainer(ContainerFactoryImpl.java:105)
	at org.glassfish.ejb.startup.EjbApplication.loadContainers(EjbApplication.java:230)
	at org.glassfish.ejb.startup.EjbDeployer.load(EjbDeployer.java:299)
	at org.glassfish.ejb.startup.EjbDeployer.load(EjbDeployer.java:105)
	at org.glassfish.internal.data.ModuleInfo.load(ModuleInfo.java:186)
	at org.glassfish.internal.data.ApplicationInfo.load(ApplicationInfo.java:264)
	at com.sun.enterprise.v3.server.ApplicationLifecycle.deploy(ApplicationLifecycle.java:460)
	at com.sun.enterprise.v3.server.ApplicationLifecycle.deploy(ApplicationLifecycle.java:240)
	at org.glassfish.deployment.admin.DeployCommand.execute(DeployCommand.java:389)
	at com.sun.enterprise.v3.admin.CommandRunnerImpl$1.execute(CommandRunnerImpl.java:348)
	at com.sun.enterprise.v3.admin.CommandRunnerImpl.doCommand(CommandRunnerImpl.java:363)
	at com.sun.enterprise.v3.admin.CommandRunnerImpl.doCommand(CommandRunnerImpl.java:1085)
	at com.sun.enterprise.v3.admin.CommandRunnerImpl.access$1200(CommandRunnerImpl.java:95)
	at com.sun.enterprise.v3.admin.CommandRunnerImpl$ExecutionContext.execute(CommandRunnerImpl.java:1291)
	at com.sun.enterprise.v3.admin.CommandRunnerImpl$ExecutionContext.execute(CommandRunnerImpl.java:1259)
	at com.sun.enterprise.admin.cli.embeddable.DeployerImpl.deploy(DeployerImpl.java:129)
	at com.sun.enterprise.admin.cli.embeddable.DeployerImpl.deploy(DeployerImpl.java:105)
	at org.glassfish.ejb.embedded.EJBContainerImpl.deploy(EJBContainerImpl.java:140)
	at org.glassfish.ejb.embedded.EJBContainerProviderImpl.createEJBContainer(EJBContainerProviderImpl.java:134)
	at javax.ejb.embeddable.EJBContainer.createEJBContainer(EJBContainer.java:127)
	at javax.ejb.embeddable.EJBContainer.createEJBContainer(EJBContainer.java:102)
	at test.PersonaServiceTest.setUp(PersonaServiceTest.java:17)
	at sun.reflect.NativeMethodAccessorImpl.invoke0(Native Method)
	at sun.reflect.NativeMethodAccessorImpl.invoke(NativeMethodAccessorImpl.java:57)
	at sun.reflect.DelegatingMethodAccessorImpl.invoke(DelegatingMethodAccessorImpl.java:43)
	at java.lang.reflect.Method.invoke(Method.java:601)
	at org.junit.runners.model.FrameworkMethod$1.runReflectiveCall(FrameworkMethod.java:45)
	at org.junit.internal.runners.model.ReflectiveCallable.run(ReflectiveCallable.java:15)
	at org.junit.runners.model.FrameworkMethod.invokeExplosively(FrameworkMethod.java:42)
	at org.junit.internal.runners.statements.RunBefores.evaluate(RunBefores.java:27)
	at org.junit.runners.ParentRunner.runLeaf(ParentRunner.java:263)
	at org.junit.runners.BlockJUnit4ClassRunner.runChild(BlockJUnit4ClassRunner.java:68)
	at org.junit.runners.BlockJUnit4ClassRunner.runChild(BlockJUnit4ClassRunner.java:47)
	at org.junit.runners.ParentRunner$3.run(ParentRunner.java:231)
	at org.junit.runners.ParentRunner$1.schedule(ParentRunner.java:60)
	at org.junit.runners.ParentRunner.runChildren(ParentRunner.java:229)
	at org.junit.runners.ParentRunner.access$000(ParentRunner.java:50)
	at org.junit.runners.ParentRunner$2.evaluate(ParentRunner.java:222)
	at org.junit.runners.ParentRunner.run(ParentRunner.java:300)
	at org.apache.maven.surefire.junit4.JUnit4TestSet.execute(JUnit4TestSet.java:35)
	at org.apache.maven.surefire.junit4.JUnit4Provider.executeTestSet(JUnit4Provider.java:146)
	at org.apache.maven.surefire.junit4.JUnit4Provider.invoke(JUnit4Provider.java:97)
	at sun.reflect.NativeMethodAccessorImpl.invoke0(Native Method)
	at sun.reflect.NativeMethodAccessorImpl.invoke(NativeMethodAccessorImpl.java:57)
	at sun.reflect.DelegatingMethodAccessorImpl.invoke(DelegatingMethodAccessorImpl.java:43)
	at java.lang.reflect.Method.invoke(Method.java:601)
	at org.apache.maven.surefire.booter.ProviderFactory$ClassLoaderProxy.invoke(ProviderFactory.java:103)
	at $Proxy0.invoke(Unknown Source)
	at org.apache.maven.surefire.booter.SurefireStarter.invokeProvider(SurefireStarter.java:145)
	at org.apache.maven.surefire.booter.SurefireStarter.runSuitesInProcess(SurefireStarter.java:87)
	at org.apache.maven.surefire.booter.ForkedBooter.main(ForkedBooter.java:69)
Caused by: org.omg.CORBA.COMM_FAILURE: Grave: IOP00410016: Unable to create IIOP listener on the specified host all interfaces and port 3,700  vmcid: OMG  minor code: 16  completed: No
	at sun.reflect.NativeConstructorAccessorImpl.newInstance0(Native Method)
	at sun.reflect.NativeConstructorAccessorImpl.newInstance(NativeConstructorAccessorImpl.java:57)
	at sun.reflect.DelegatingConstructorAccessorImpl.newInstance(DelegatingConstructorAccessorImpl.java:45)
	at java.lang.reflect.Constructor.newInstance(Constructor.java:525)
	at com.sun.corba.ee.spi.orbutil.logex.corba.CorbaExtension.makeException(CorbaExtension.java:248)
	at com.sun.corba.ee.spi.orbutil.logex.corba.CorbaExtension.makeException(CorbaExtension.java:95)
	at com.sun.corba.ee.spi.orbutil.logex.WrapperGenerator.handleFullLogging(WrapperGenerator.java:387)
	at com.sun.corba.ee.spi.orbutil.logex.WrapperGenerator.access$400(WrapperGenerator.java:107)
	at com.sun.corba.ee.spi.orbutil.logex.WrapperGenerator$2.invoke(WrapperGenerator.java:511)
	at com.sun.corba.ee.spi.orbutil.proxy.CompositeInvocationHandlerImpl.invoke(CompositeInvocationHandlerImpl.java:99)
	at $Proxy139.createListenerFailed(Unknown Source)
	at com.sun.corba.ee.impl.transport.SocketOrChannelAcceptorImpl.initialize(SocketOrChannelAcceptorImpl.java:98)
	at com.sun.corba.ee.impl.transport.CorbaTransportManagerImpl.getAcceptors(CorbaTransportManagerImpl.java:248)
	at com.sun.corba.ee.impl.transport.CorbaTransportManagerImpl.addToIORTemplate(CorbaTransportManagerImpl.java:267)
	at com.sun.corba.ee.spi.oa.ObjectAdapterBase.initializeTemplate(ObjectAdapterBase.java:103)
	at com.sun.corba.ee.impl.oa.toa.TOAImpl.&lt;init&gt;(TOAImpl.java:134)
	at com.sun.corba.ee.impl.oa.toa.TOAFactory.getTOA(TOAFactory.java:118)
	at com.sun.corba.ee.impl.orb.ORBImpl.connect(ORBImpl.java:1696)
	... 83 more
Caused by: java.net.BindException: Address already in use: bind
	at sun.nio.ch.Net.bind0(Native Method)
	at sun.nio.ch.Net.bind(Net.java:344)
	at sun.nio.ch.Net.bind(Net.java:336)
	at sun.nio.ch.ServerSocketChannelImpl.bind(ServerSocketChannelImpl.java:199)
	at sun.nio.ch.ServerSocketAdaptor.bind(ServerSocketAdaptor.java:74)
	at sun.nio.ch.ServerSocketAdaptor.bind(ServerSocketAdaptor.java:67)
	at org.glassfish.enterprise.iiop.impl.IIOPSSLSocketFactory.createServerSocket(IIOPSSLSocketFactory.java:292)
	at com.sun.corba.ee.impl.transport.SocketOrChannelAcceptorImpl.initialize(SocketOrChannelAcceptorImpl.java:91)
	... 89 more

jul 09, 2012 11:46:22 PM com.sun.jts.CosTransactions.DefaultTransactionService identify_ORB
Advertencia: JTS5015: Unexpected error occurred when creating portable object adaptors
org.omg.CORBA.OBJ_ADAPTER: Advertencia: IOP02310002: Error in connecting servant to ORB  vmcid: OMG  minor code: 2  completed: No
	at sun.reflect.NativeConstructorAccessorImpl.newInstance0(Native Method)
	at sun.reflect.NativeConstructorAccessorImpl.newInstance(NativeConstructorAccessorImpl.java:57)
	at sun.reflect.DelegatingConstructorAccessorImpl.newInstance(DelegatingConstructorAccessorImpl.java:45)
	at java.lang.reflect.Constructor.newInstance(Constructor.java:525)
	at com.sun.corba.ee.spi.orbutil.logex.corba.CorbaExtension.makeException(CorbaExtension.java:248)
	at com.sun.corba.ee.spi.orbutil.logex.corba.CorbaExtension.makeException(CorbaExtension.java:95)
	at com.sun.corba.ee.spi.orbutil.logex.WrapperGenerator.handleFullLogging(WrapperGenerator.java:387)
	at com.sun.corba.ee.spi.orbutil.logex.WrapperGenerator.access$400(WrapperGenerator.java:107)
	at com.sun.corba.ee.spi.orbutil.logex.WrapperGenerator$2.invoke(WrapperGenerator.java:511)
	at com.sun.corba.ee.spi.orbutil.proxy.CompositeInvocationHandlerImpl.invoke(CompositeInvocationHandlerImpl.java:99)
	at $Proxy139.orbConnectError(Unknown Source)
	at com.sun.corba.ee.impl.orb.ORBImpl.connect(ORBImpl.java:1698)
	at com.sun.corba.ee.spi.presentation.rmi.StubAdapter.connect(StubAdapter.java:216)
	at com.sun.corba.ee.impl.orb.ORBImpl.getIOR(ORBImpl.java:2088)
	at com.sun.corba.ee.impl.orb.ORBImpl.getFVDCodeBaseIOR(ORBImpl.java:988)
	at com.sun.corba.ee.impl.protocol.CorbaClientRequestDispatcherImpl.addServiceContexts(CorbaClientRequestDispatcherImpl.java:802)
	at com.sun.corba.ee.impl.protocol.CorbaClientRequestDispatcherImpl.beginRequest(CorbaClientRequestDispatcherImpl.java:273)
	at com.sun.corba.ee.impl.protocol.CorbaClientDelegateImpl.request(CorbaClientDelegateImpl.java:228)
	at com.sun.corba.ee.impl.resolver.BootstrapResolverImpl.invoke(BootstrapResolverImpl.java:111)
	at com.sun.corba.ee.impl.resolver.BootstrapResolverImpl.resolve(BootstrapResolverImpl.java:144)
	at com.sun.corba.ee.impl.resolver.CompositeResolverImpl.resolve(CompositeResolverImpl.java:61)
	at com.sun.corba.ee.impl.resolver.CompositeResolverImpl.resolve(CompositeResolverImpl.java:61)
	at com.sun.corba.ee.impl.resolver.CompositeResolverImpl.resolve(CompositeResolverImpl.java:61)
	at com.sun.corba.ee.impl.orb.ORBImpl.resolve_initial_references(ORBImpl.java:1266)
	at com.sun.jts.CosTransactions.DefaultTransactionService.createPOAs(DefaultTransactionService.java:389)
	at com.sun.jts.CosTransactions.DefaultTransactionService.identify_ORB(DefaultTransactionService.java:203)
	at com.sun.enterprise.transaction.jts.iiop.TransactionIIOPInterceptorFactory.createInterceptor(TransactionIIOPInterceptorFactory.java:152)
	at com.sun.enterprise.transaction.jts.iiop.TransactionIIOPInterceptorFactory.createClientRequestInterceptor(TransactionIIOPInterceptorFactory.java:100)
	at org.glassfish.enterprise.iiop.impl.GlassFishORBInitializer.post_init(GlassFishORBInitializer.java:132)
	at com.sun.corba.ee.impl.interceptors.PIHandlerImpl.postInitORBInitializers(PIHandlerImpl.java:915)
	at com.sun.corba.ee.impl.interceptors.PIHandlerImpl.initialize(PIHandlerImpl.java:265)
	at com.sun.corba.ee.impl.orb.ORBImpl.postInit(ORBImpl.java:643)
	at com.sun.corba.ee.impl.orb.ORBImpl.set_parameters(ORBImpl.java:704)
	at com.sun.corba.ee.impl.orb.ORBImpl.setParameters(ORBImpl.java:691)
	at com.sun.corba.ee.spi.osgi.ORBFactory.initialize(ORBFactory.java:107)
	at org.glassfish.enterprise.iiop.impl.GlassFishORBManager.initORB(GlassFishORBManager.java:581)
	at org.glassfish.enterprise.iiop.impl.GlassFishORBManager.getORB(GlassFishORBManager.java:263)
	at org.glassfish.enterprise.iiop.impl.GlassFishORBFactoryImpl.createORB(GlassFishORBFactoryImpl.java:93)
	at org.glassfish.enterprise.iiop.api.GlassFishORBHelper.getORB(GlassFishORBHelper.java:152)
	at org.glassfish.enterprise.iiop.api.GlassFishORBHelper.getProtocolManager(GlassFishORBHelper.java:219)
	at com.sun.ejb.containers.BaseContainer.initializeProtocolManager(BaseContainer.java:824)
	at com.sun.ejb.containers.BaseContainer.&lt;init&gt;(BaseContainer.java:569)
	at com.sun.ejb.containers.StatelessSessionContainer.&lt;init&gt;(StatelessSessionContainer.java:155)
	at com.sun.ejb.containers.StatelessSessionContainer.&lt;init&gt;(StatelessSessionContainer.java:149)
	at com.sun.ejb.containers.ContainerFactoryImpl.createContainer(ContainerFactoryImpl.java:105)
	at org.glassfish.ejb.startup.EjbApplication.loadContainers(EjbApplication.java:230)
	at org.glassfish.ejb.startup.EjbDeployer.load(EjbDeployer.java:299)
	at org.glassfish.ejb.startup.EjbDeployer.load(EjbDeployer.java:105)
	at org.glassfish.internal.data.ModuleInfo.load(ModuleInfo.java:186)
	at org.glassfish.internal.data.ApplicationInfo.load(ApplicationInfo.java:264)
	at com.sun.enterprise.v3.server.ApplicationLifecycle.deploy(ApplicationLifecycle.java:460)
	at com.sun.enterprise.v3.server.ApplicationLifecycle.deploy(ApplicationLifecycle.java:240)
	at org.glassfish.deployment.admin.DeployCommand.execute(DeployCommand.java:389)
	at com.sun.enterprise.v3.admin.CommandRunnerImpl$1.execute(CommandRunnerImpl.java:348)
	at com.sun.enterprise.v3.admin.CommandRunnerImpl.doCommand(CommandRunnerImpl.java:363)
	at com.sun.enterprise.v3.admin.CommandRunnerImpl.doCommand(CommandRunnerImpl.java:1085)
	at com.sun.enterprise.v3.admin.CommandRunnerImpl.access$1200(CommandRunnerImpl.java:95)
	at com.sun.enterprise.v3.admin.CommandRunnerImpl$ExecutionContext.execute(CommandRunnerImpl.java:1291)
	at com.sun.enterprise.v3.admin.CommandRunnerImpl$ExecutionContext.execute(CommandRunnerImpl.java:1259)
	at com.sun.enterprise.admin.cli.embeddable.DeployerImpl.deploy(DeployerImpl.java:129)
	at com.sun.enterprise.admin.cli.embeddable.DeployerImpl.deploy(DeployerImpl.java:105)
	at org.glassfish.ejb.embedded.EJBContainerImpl.deploy(EJBContainerImpl.java:140)
	at org.glassfish.ejb.embedded.EJBContainerProviderImpl.createEJBContainer(EJBContainerProviderImpl.java:134)
	at javax.ejb.embeddable.EJBContainer.createEJBContainer(EJBContainer.java:127)
	at javax.ejb.embeddable.EJBContainer.createEJBContainer(EJBContainer.java:102)
	at test.PersonaServiceTest.setUp(PersonaServiceTest.java:17)
	at sun.reflect.NativeMethodAccessorImpl.invoke0(Native Method)
	at sun.reflect.NativeMethodAccessorImpl.invoke(NativeMethodAccessorImpl.java:57)
	at sun.reflect.DelegatingMethodAccessorImpl.invoke(DelegatingMethodAccessorImpl.java:43)
	at java.lang.reflect.Method.invoke(Method.java:601)
	at org.junit.runners.model.FrameworkMethod$1.runReflectiveCall(FrameworkMethod.java:45)
	at org.junit.internal.runners.model.ReflectiveCallable.run(ReflectiveCallable.java:15)
	at org.junit.runners.model.FrameworkMethod.invokeExplosively(FrameworkMethod.java:42)
	at org.junit.internal.runners.statements.RunBefores.evaluate(RunBefores.java:27)
	at org.junit.runners.ParentRunner.runLeaf(ParentRunner.java:263)
	at org.junit.runners.BlockJUnit4ClassRunner.runChild(BlockJUnit4ClassRunner.java:68)
	at org.junit.runners.BlockJUnit4ClassRunner.runChild(BlockJUnit4ClassRunner.java:47)
	at org.junit.runners.ParentRunner$3.run(ParentRunner.java:231)
	at org.junit.runners.ParentRunner$1.schedule(ParentRunner.java:60)
	at org.junit.runners.ParentRunner.runChildren(ParentRunner.java:229)
	at org.junit.runners.ParentRunner.access$000(ParentRunner.java:50)
	at org.junit.runners.ParentRunner$2.evaluate(ParentRunner.java:222)
	at org.junit.runners.ParentRunner.run(ParentRunner.java:300)
	at org.apache.maven.surefire.junit4.JUnit4TestSet.execute(JUnit4TestSet.java:35)
	at org.apache.maven.surefire.junit4.JUnit4Provider.executeTestSet(JUnit4Provider.java:146)
	at org.apache.maven.surefire.junit4.JUnit4Provider.invoke(JUnit4Provider.java:97)
	at sun.reflect.NativeMethodAccessorImpl.invoke0(Native Method)
	at sun.reflect.NativeMethodAccessorImpl.invoke(NativeMethodAccessorImpl.java:57)
	at sun.reflect.DelegatingMethodAccessorImpl.invoke(DelegatingMethodAccessorImpl.java:43)
	at java.lang.reflect.Method.invoke(Method.java:601)
	at org.apache.maven.surefire.booter.ProviderFactory$ClassLoaderProxy.invoke(ProviderFactory.java:103)
	at $Proxy0.invoke(Unknown Source)
	at org.apache.maven.surefire.booter.SurefireStarter.invokeProvider(SurefireStarter.java:145)
	at org.apache.maven.surefire.booter.SurefireStarter.runSuitesInProcess(SurefireStarter.java:87)
	at org.apache.maven.surefire.booter.ForkedBooter.main(ForkedBooter.java:69)
Caused by: org.omg.CORBA.COMM_FAILURE: Grave: IOP00410016: Unable to create IIOP listener on the specified host all interfaces and port 3,700  vmcid: OMG  minor code: 16  completed: No
	at sun.reflect.NativeConstructorAccessorImpl.newInstance0(Native Method)
	at sun.reflect.NativeConstructorAccessorImpl.newInstance(NativeConstructorAccessorImpl.java:57)
	at sun.reflect.DelegatingConstructorAccessorImpl.newInstance(DelegatingConstructorAccessorImpl.java:45)
	at java.lang.reflect.Constructor.newInstance(Constructor.java:525)
	at com.sun.corba.ee.spi.orbutil.logex.corba.CorbaExtension.makeException(CorbaExtension.java:248)
	at com.sun.corba.ee.spi.orbutil.logex.corba.CorbaExtension.makeException(CorbaExtension.java:95)
	at com.sun.corba.ee.spi.orbutil.logex.WrapperGenerator.handleFullLogging(WrapperGenerator.java:387)
	at com.sun.corba.ee.spi.orbutil.logex.WrapperGenerator.access$400(WrapperGenerator.java:107)
	at com.sun.corba.ee.spi.orbutil.logex.WrapperGenerator$2.invoke(WrapperGenerator.java:511)
	at com.sun.corba.ee.spi.orbutil.proxy.CompositeInvocationHandlerImpl.invoke(CompositeInvocationHandlerImpl.java:99)
	at $Proxy139.createListenerFailed(Unknown Source)
	at com.sun.corba.ee.impl.transport.SocketOrChannelAcceptorImpl.initialize(SocketOrChannelAcceptorImpl.java:98)
	at com.sun.corba.ee.impl.transport.CorbaTransportManagerImpl.getAcceptors(CorbaTransportManagerImpl.java:248)
	at com.sun.corba.ee.impl.transport.CorbaTransportManagerImpl.addToIORTemplate(CorbaTransportManagerImpl.java:267)
	at com.sun.corba.ee.spi.oa.ObjectAdapterBase.initializeTemplate(ObjectAdapterBase.java:103)
	at com.sun.corba.ee.impl.oa.toa.TOAImpl.&lt;init&gt;(TOAImpl.java:134)
	at com.sun.corba.ee.impl.oa.toa.TOAFactory.getTOA(TOAFactory.java:118)
	at com.sun.corba.ee.impl.orb.ORBImpl.connect(ORBImpl.java:1696)
	... 83 more
Caused by: java.net.BindException: Address already in use: bind
	at sun.nio.ch.Net.bind0(Native Method)
	at sun.nio.ch.Net.bind(Net.java:344)
	at sun.nio.ch.Net.bind(Net.java:336)
	at sun.nio.ch.ServerSocketChannelImpl.bind(ServerSocketChannelImpl.java:199)
	at sun.nio.ch.ServerSocketAdaptor.bind(ServerSocketAdaptor.java:74)
	at sun.nio.ch.ServerSocketAdaptor.bind(ServerSocketAdaptor.java:67)
	at org.glassfish.enterprise.iiop.impl.IIOPSSLSocketFactory.createServerSocket(IIOPSSLSocketFactory.java:292)
	at com.sun.corba.ee.impl.transport.SocketOrChannelAcceptorImpl.initialize(SocketOrChannelAcceptorImpl.java:91)
	... 89 more

jul 09, 2012 11:46:22 PM com.sun.corba.ee.spi.orbutil.logex.WrapperGenerator handleFullLogging
Grave: IOP00410016: Unable to create IIOP listener on the specified host all interfaces and port 3,700
org.omg.CORBA.COMM_FAILURE: Grave: IOP00410016: Unable to create IIOP listener on the specified host all interfaces and port 3,700  vmcid: OMG  minor code: 16  completed: No
	at sun.reflect.NativeConstructorAccessorImpl.newInstance0(Native Method)
	at sun.reflect.NativeConstructorAccessorImpl.newInstance(NativeConstructorAccessorImpl.java:57)
	at sun.reflect.DelegatingConstructorAccessorImpl.newInstance(DelegatingConstructorAccessorImpl.java:45)
	at java.lang.reflect.Constructor.newInstance(Constructor.java:525)
	at com.sun.corba.ee.spi.orbutil.logex.corba.CorbaExtension.makeException(CorbaExtension.java:248)
	at com.sun.corba.ee.spi.orbutil.logex.corba.CorbaExtension.makeException(CorbaExtension.java:95)
	at com.sun.corba.ee.spi.orbutil.logex.WrapperGenerator.handleFullLogging(WrapperGenerator.java:387)
	at com.sun.corba.ee.spi.orbutil.logex.WrapperGenerator.access$400(WrapperGenerator.java:107)
	at com.sun.corba.ee.spi.orbutil.logex.WrapperGenerator$2.invoke(WrapperGenerator.java:511)
	at com.sun.corba.ee.spi.orbutil.proxy.CompositeInvocationHandlerImpl.invoke(CompositeInvocationHandlerImpl.java:99)
	at $Proxy139.createListenerFailed(Unknown Source)
	at com.sun.corba.ee.impl.transport.SocketOrChannelAcceptorImpl.initialize(SocketOrChannelAcceptorImpl.java:98)
	at com.sun.corba.ee.impl.transport.CorbaTransportManagerImpl.getAcceptors(CorbaTransportManagerImpl.java:248)
	at com.sun.corba.ee.impl.transport.CorbaTransportManagerImpl.addToIORTemplate(CorbaTransportManagerImpl.java:267)
	at com.sun.corba.ee.spi.oa.ObjectAdapterBase.initializeTemplate(ObjectAdapterBase.java:103)
	at com.sun.corba.ee.impl.oa.toa.TOAImpl.&lt;init&gt;(TOAImpl.java:134)
	at com.sun.corba.ee.impl.oa.toa.TOAFactory.getTOA(TOAFactory.java:118)
	at com.sun.corba.ee.impl.orb.ORBImpl.connect(ORBImpl.java:1696)
	at com.sun.corba.ee.spi.presentation.rmi.StubAdapter.connect(StubAdapter.java:216)
	at com.sun.corba.ee.impl.orb.ORBImpl.getIOR(ORBImpl.java:2088)
	at com.sun.corba.ee.impl.orb.ORBImpl.getFVDCodeBaseIOR(ORBImpl.java:988)
	at com.sun.corba.ee.impl.protocol.CorbaClientRequestDispatcherImpl.addServiceContexts(CorbaClientRequestDispatcherImpl.java:802)
	at com.sun.corba.ee.impl.protocol.CorbaClientRequestDispatcherImpl.beginRequest(CorbaClientRequestDispatcherImpl.java:273)
	at com.sun.corba.ee.impl.protocol.CorbaClientDelegateImpl.request(CorbaClientDelegateImpl.java:228)
	at com.sun.corba.ee.impl.resolver.BootstrapResolverImpl.invoke(BootstrapResolverImpl.java:111)
	at com.sun.corba.ee.impl.resolver.BootstrapResolverImpl.resolve(BootstrapResolverImpl.java:144)
	at com.sun.corba.ee.impl.resolver.CompositeResolverImpl.resolve(CompositeResolverImpl.java:61)
	at com.sun.corba.ee.impl.resolver.CompositeResolverImpl.resolve(CompositeResolverImpl.java:61)
	at com.sun.corba.ee.impl.resolver.CompositeResolverImpl.resolve(CompositeResolverImpl.java:61)
	at com.sun.corba.ee.impl.orb.ORBImpl.resolve_initial_references(ORBImpl.java:1266)
	at org.glassfish.enterprise.iiop.impl.GlassFishORBManager.initORB(GlassFishORBManager.java:586)
	at org.glassfish.enterprise.iiop.impl.GlassFishORBManager.getORB(GlassFishORBManager.java:263)
	at org.glassfish.enterprise.iiop.impl.GlassFishORBFactoryImpl.createORB(GlassFishORBFactoryImpl.java:93)
	at org.glassfish.enterprise.iiop.api.GlassFishORBHelper.getORB(GlassFishORBHelper.java:152)
	at org.glassfish.enterprise.iiop.api.GlassFishORBHelper.getProtocolManager(GlassFishORBHelper.java:219)
	at com.sun.ejb.containers.BaseContainer.initializeProtocolManager(BaseContainer.java:824)
	at com.sun.ejb.containers.BaseContainer.&lt;init&gt;(BaseContainer.java:569)
	at com.sun.ejb.containers.StatelessSessionContainer.&lt;init&gt;(StatelessSessionContainer.java:155)
	at com.sun.ejb.containers.StatelessSessionContainer.&lt;init&gt;(StatelessSessionContainer.java:149)
	at com.sun.ejb.containers.ContainerFactoryImpl.createContainer(ContainerFactoryImpl.java:105)
	at org.glassfish.ejb.startup.EjbApplication.loadContainers(EjbApplication.java:230)
	at org.glassfish.ejb.startup.EjbDeployer.load(EjbDeployer.java:299)
	at org.glassfish.ejb.startup.EjbDeployer.load(EjbDeployer.java:105)
	at org.glassfish.internal.data.ModuleInfo.load(ModuleInfo.java:186)
	at org.glassfish.internal.data.ApplicationInfo.load(ApplicationInfo.java:264)
	at com.sun.enterprise.v3.server.ApplicationLifecycle.deploy(ApplicationLifecycle.java:460)
	at com.sun.enterprise.v3.server.ApplicationLifecycle.deploy(ApplicationLifecycle.java:240)
	at org.glassfish.deployment.admin.DeployCommand.execute(DeployCommand.java:389)
	at com.sun.enterprise.v3.admin.CommandRunnerImpl$1.execute(CommandRunnerImpl.java:348)
	at com.sun.enterprise.v3.admin.CommandRunnerImpl.doCommand(CommandRunnerImpl.java:363)
	at com.sun.enterprise.v3.admin.CommandRunnerImpl.doCommand(CommandRunnerImpl.java:1085)
	at com.sun.enterprise.v3.admin.CommandRunnerImpl.access$1200(CommandRunnerImpl.java:95)
	at com.sun.enterprise.v3.admin.CommandRunnerImpl$ExecutionContext.execute(CommandRunnerImpl.java:1291)
	at com.sun.enterprise.v3.admin.CommandRunnerImpl$ExecutionContext.execute(CommandRunnerImpl.java:1259)
	at com.sun.enterprise.admin.cli.embeddable.DeployerImpl.deploy(DeployerImpl.java:129)
	at com.sun.enterprise.admin.cli.embeddable.DeployerImpl.deploy(DeployerImpl.java:105)
	at org.glassfish.ejb.embedded.EJBContainerImpl.deploy(EJBContainerImpl.java:140)
	at org.glassfish.ejb.embedded.EJBContainerProviderImpl.createEJBContainer(EJBContainerProviderImpl.java:134)
	at javax.ejb.embeddable.EJBContainer.createEJBContainer(EJBContainer.java:127)
	at javax.ejb.embeddable.EJBContainer.createEJBContainer(EJBContainer.java:102)
	at test.PersonaServiceTest.setUp(PersonaServiceTest.java:17)
	at sun.reflect.NativeMethodAccessorImpl.invoke0(Native Method)
	at sun.reflect.NativeMethodAccessorImpl.invoke(NativeMethodAccessorImpl.java:57)
	at sun.reflect.DelegatingMethodAccessorImpl.invoke(DelegatingMethodAccessorImpl.java:43)
	at java.lang.reflect.Method.invoke(Method.java:601)
	at org.junit.runners.model.FrameworkMethod$1.runReflectiveCall(FrameworkMethod.java:45)
	at org.junit.internal.runners.model.ReflectiveCallable.run(ReflectiveCallable.java:15)
	at org.junit.runners.model.FrameworkMethod.invokeExplosively(FrameworkMethod.java:42)
	at org.junit.internal.runners.statements.RunBefores.evaluate(RunBefores.java:27)
	at org.junit.runners.ParentRunner.runLeaf(ParentRunner.java:263)
	at org.junit.runners.BlockJUnit4ClassRunner.runChild(BlockJUnit4ClassRunner.java:68)
	at org.junit.runners.BlockJUnit4ClassRunner.runChild(BlockJUnit4ClassRunner.java:47)
	at org.junit.runners.ParentRunner$3.run(ParentRunner.java:231)
	at org.junit.runners.ParentRunner$1.schedule(ParentRunner.java:60)
	at org.junit.runners.ParentRunner.runChildren(ParentRunner.java:229)
	at org.junit.runners.ParentRunner.access$000(ParentRunner.java:50)
	at org.junit.runners.ParentRunner$2.evaluate(ParentRunner.java:222)
	at org.junit.runners.ParentRunner.run(ParentRunner.java:300)
	at org.apache.maven.surefire.junit4.JUnit4TestSet.execute(JUnit4TestSet.java:35)
	at org.apache.maven.surefire.junit4.JUnit4Provider.executeTestSet(JUnit4Provider.java:146)
	at org.apache.maven.surefire.junit4.JUnit4Provider.invoke(JUnit4Provider.java:97)
	at sun.reflect.NativeMethodAccessorImpl.invoke0(Native Method)
	at sun.reflect.NativeMethodAccessorImpl.invoke(NativeMethodAccessorImpl.java:57)
	at sun.reflect.DelegatingMethodAccessorImpl.invoke(DelegatingMethodAccessorImpl.java:43)
	at java.lang.reflect.Method.invoke(Method.java:601)
	at org.apache.maven.surefire.booter.ProviderFactory$ClassLoaderProxy.invoke(ProviderFactory.java:103)
	at $Proxy0.invoke(Unknown Source)
	at org.apache.maven.surefire.booter.SurefireStarter.invokeProvider(SurefireStarter.java:145)
	at org.apache.maven.surefire.booter.SurefireStarter.runSuitesInProcess(SurefireStarter.java:87)
	at org.apache.maven.surefire.booter.ForkedBooter.main(ForkedBooter.java:69)
Caused by: java.net.BindException: Address already in use: bind
	at sun.nio.ch.Net.bind0(Native Method)
	at sun.nio.ch.Net.bind(Net.java:344)
	at sun.nio.ch.Net.bind(Net.java:336)
	at sun.nio.ch.ServerSocketChannelImpl.bind(ServerSocketChannelImpl.java:199)
	at sun.nio.ch.ServerSocketAdaptor.bind(ServerSocketAdaptor.java:74)
	at sun.nio.ch.ServerSocketAdaptor.bind(ServerSocketAdaptor.java:67)
	at org.glassfish.enterprise.iiop.impl.IIOPSSLSocketFactory.createServerSocket(IIOPSSLSocketFactory.java:292)
	at com.sun.corba.ee.impl.transport.SocketOrChannelAcceptorImpl.initialize(SocketOrChannelAcceptorImpl.java:91)
	... 78 more

jul 09, 2012 11:46:22 PM com.sun.corba.ee.spi.orbutil.logex.WrapperGenerator handleFullLogging
Advertencia: IOP02310002: Error in connecting servant to ORB
org.omg.CORBA.OBJ_ADAPTER: Advertencia: IOP02310002: Error in connecting servant to ORB  vmcid: OMG  minor code: 2  completed: No
	at sun.reflect.NativeConstructorAccessorImpl.newInstance0(Native Method)
	at sun.reflect.NativeConstructorAccessorImpl.newInstance(NativeConstructorAccessorImpl.java:57)
	at sun.reflect.DelegatingConstructorAccessorImpl.newInstance(DelegatingConstructorAccessorImpl.java:45)
	at java.lang.reflect.Constructor.newInstance(Constructor.java:525)
	at com.sun.corba.ee.spi.orbutil.logex.corba.CorbaExtension.makeException(CorbaExtension.java:248)
	at com.sun.corba.ee.spi.orbutil.logex.corba.CorbaExtension.makeException(CorbaExtension.java:95)
	at com.sun.corba.ee.spi.orbutil.logex.WrapperGenerator.handleFullLogging(WrapperGenerator.java:387)
	at com.sun.corba.ee.spi.orbutil.logex.WrapperGenerator.access$400(WrapperGenerator.java:107)
	at com.sun.corba.ee.spi.orbutil.logex.WrapperGenerator$2.invoke(WrapperGenerator.java:511)
	at com.sun.corba.ee.spi.orbutil.proxy.CompositeInvocationHandlerImpl.invoke(CompositeInvocationHandlerImpl.java:99)
	at $Proxy139.orbConnectError(Unknown Source)
	at com.sun.corba.ee.impl.orb.ORBImpl.connect(ORBImpl.java:1698)
	at com.sun.corba.ee.spi.presentation.rmi.StubAdapter.connect(StubAdapter.java:216)
	at com.sun.corba.ee.impl.orb.ORBImpl.getIOR(ORBImpl.java:2088)
	at com.sun.corba.ee.impl.orb.ORBImpl.getFVDCodeBaseIOR(ORBImpl.java:988)
	at com.sun.corba.ee.impl.protocol.CorbaClientRequestDispatcherImpl.addServiceContexts(CorbaClientRequestDispatcherImpl.java:802)
	at com.sun.corba.ee.impl.protocol.CorbaClientRequestDispatcherImpl.beginRequest(CorbaClientRequestDispatcherImpl.java:273)
	at com.sun.corba.ee.impl.protocol.CorbaClientDelegateImpl.request(CorbaClientDelegateImpl.java:228)
	at com.sun.corba.ee.impl.resolver.BootstrapResolverImpl.invoke(BootstrapResolverImpl.java:111)
	at com.sun.corba.ee.impl.resolver.BootstrapResolverImpl.resolve(BootstrapResolverImpl.java:144)
	at com.sun.corba.ee.impl.resolver.CompositeResolverImpl.resolve(CompositeResolverImpl.java:61)
	at com.sun.corba.ee.impl.resolver.CompositeResolverImpl.resolve(CompositeResolverImpl.java:61)
	at com.sun.corba.ee.impl.resolver.CompositeResolverImpl.resolve(CompositeResolverImpl.java:61)
	at com.sun.corba.ee.impl.orb.ORBImpl.resolve_initial_references(ORBImpl.java:1266)
	at org.glassfish.enterprise.iiop.impl.GlassFishORBManager.initORB(GlassFishORBManager.java:586)
	at org.glassfish.enterprise.iiop.impl.GlassFishORBManager.getORB(GlassFishORBManager.java:263)
	at org.glassfish.enterprise.iiop.impl.GlassFishORBFactoryImpl.createORB(GlassFishORBFactoryImpl.java:93)
	at org.glassfish.enterprise.iiop.api.GlassFishORBHelper.getORB(GlassFishORBHelper.java:152)
	at org.glassfish.enterprise.iiop.api.GlassFishORBHelper.getProtocolManager(GlassFishORBHelper.java:219)
	at com.sun.ejb.containers.BaseContainer.initializeProtocolManager(BaseContainer.java:824)
	at com.sun.ejb.containers.BaseContainer.&lt;init&gt;(BaseContainer.java:569)
	at com.sun.ejb.containers.StatelessSessionContainer.&lt;init&gt;(StatelessSessionContainer.java:155)
	at com.sun.ejb.containers.StatelessSessionContainer.&lt;init&gt;(StatelessSessionContainer.java:149)
	at com.sun.ejb.containers.ContainerFactoryImpl.createContainer(ContainerFactoryImpl.java:105)
	at org.glassfish.ejb.startup.EjbApplication.loadContainers(EjbApplication.java:230)
	at org.glassfish.ejb.startup.EjbDeployer.load(EjbDeployer.java:299)
	at org.glassfish.ejb.startup.EjbDeployer.load(EjbDeployer.java:105)
	at org.glassfish.internal.data.ModuleInfo.load(ModuleInfo.java:186)
	at org.glassfish.internal.data.ApplicationInfo.load(ApplicationInfo.java:264)
	at com.sun.enterprise.v3.server.ApplicationLifecycle.deploy(ApplicationLifecycle.java:460)
	at com.sun.enterprise.v3.server.ApplicationLifecycle.deploy(ApplicationLifecycle.java:240)
	at org.glassfish.deployment.admin.DeployCommand.execute(DeployCommand.java:389)
	at com.sun.enterprise.v3.admin.CommandRunnerImpl$1.execute(CommandRunnerImpl.java:348)
	at com.sun.enterprise.v3.admin.CommandRunnerImpl.doCommand(CommandRunnerImpl.java:363)
	at com.sun.enterprise.v3.admin.CommandRunnerImpl.doCommand(CommandRunnerImpl.java:1085)
	at com.sun.enterprise.v3.admin.CommandRunnerImpl.access$1200(CommandRunnerImpl.java:95)
	at com.sun.enterprise.v3.admin.CommandRunnerImpl$ExecutionContext.execute(CommandRunnerImpl.java:1291)
	at com.sun.enterprise.v3.admin.CommandRunnerImpl$ExecutionContext.execute(CommandRunnerImpl.java:1259)
	at com.sun.enterprise.admin.cli.embeddable.DeployerImpl.deploy(DeployerImpl.java:129)
	at com.sun.enterprise.admin.cli.embeddable.DeployerImpl.deploy(DeployerImpl.java:105)
	at org.glassfish.ejb.embedded.EJBContainerImpl.deploy(EJBContainerImpl.java:140)
	at org.glassfish.ejb.embedded.EJBContainerProviderImpl.createEJBContainer(EJBContainerProviderImpl.java:134)
	at javax.ejb.embeddable.EJBContainer.createEJBContainer(EJBContainer.java:127)
	at javax.ejb.embeddable.EJBContainer.createEJBContainer(EJBContainer.java:102)
	at test.PersonaServiceTest.setUp(PersonaServiceTest.java:17)
	at sun.reflect.NativeMethodAccessorImpl.invoke0(Native Method)
	at sun.reflect.NativeMethodAccessorImpl.invoke(NativeMethodAccessorImpl.java:57)
	at sun.reflect.DelegatingMethodAccessorImpl.invoke(DelegatingMethodAccessorImpl.java:43)
	at java.lang.reflect.Method.invoke(Method.java:601)
	at org.junit.runners.model.FrameworkMethod$1.runReflectiveCall(FrameworkMethod.java:45)
	at org.junit.internal.runners.model.ReflectiveCallable.run(ReflectiveCallable.java:15)
	at org.junit.runners.model.FrameworkMethod.invokeExplosively(FrameworkMethod.java:42)
	at org.junit.internal.runners.statements.RunBefores.evaluate(RunBefores.java:27)
	at org.junit.runners.ParentRunner.runLeaf(ParentRunner.java:263)
	at org.junit.runners.BlockJUnit4ClassRunner.runChild(BlockJUnit4ClassRunner.java:68)
	at org.junit.runners.BlockJUnit4ClassRunner.runChild(BlockJUnit4ClassRunner.java:47)
	at org.junit.runners.ParentRunner$3.run(ParentRunner.java:231)
	at org.junit.runners.ParentRunner$1.schedule(ParentRunner.java:60)
	at org.junit.runners.ParentRunner.runChildren(ParentRunner.java:229)
	at org.junit.runners.ParentRunner.access$000(ParentRunner.java:50)
	at org.junit.runners.ParentRunner$2.evaluate(ParentRunner.java:222)
	at org.junit.runners.ParentRunner.run(ParentRunner.java:300)
	at org.apache.maven.surefire.junit4.JUnit4TestSet.execute(JUnit4TestSet.java:35)
	at org.apache.maven.surefire.junit4.JUnit4Provider.executeTestSet(JUnit4Provider.java:146)
	at org.apache.maven.surefire.junit4.JUnit4Provider.invoke(JUnit4Provider.java:97)
	at sun.reflect.NativeMethodAccessorImpl.invoke0(Native Method)
	at sun.reflect.NativeMethodAccessorImpl.invoke(NativeMethodAccessorImpl.java:57)
	at sun.reflect.DelegatingMethodAccessorImpl.invoke(DelegatingMethodAccessorImpl.java:43)
	at java.lang.reflect.Method.invoke(Method.java:601)
	at org.apache.maven.surefire.booter.ProviderFactory$ClassLoaderProxy.invoke(ProviderFactory.java:103)
	at $Proxy0.invoke(Unknown Source)
	at org.apache.maven.surefire.booter.SurefireStarter.invokeProvider(SurefireStarter.java:145)
	at org.apache.maven.surefire.booter.SurefireStarter.runSuitesInProcess(SurefireStarter.java:87)
	at org.apache.maven.surefire.booter.ForkedBooter.main(ForkedBooter.java:69)
Caused by: org.omg.CORBA.COMM_FAILURE: Grave: IOP00410016: Unable to create IIOP listener on the specified host all interfaces and port 3,700  vmcid: OMG  minor code: 16  completed: No
	at sun.reflect.NativeConstructorAccessorImpl.newInstance0(Native Method)
	at sun.reflect.NativeConstructorAccessorImpl.newInstance(NativeConstructorAccessorImpl.java:57)
	at sun.reflect.DelegatingConstructorAccessorImpl.newInstance(DelegatingConstructorAccessorImpl.java:45)
	at java.lang.reflect.Constructor.newInstance(Constructor.java:525)
	at com.sun.corba.ee.spi.orbutil.logex.corba.CorbaExtension.makeException(CorbaExtension.java:248)
	at com.sun.corba.ee.spi.orbutil.logex.corba.CorbaExtension.makeException(CorbaExtension.java:95)
	at com.sun.corba.ee.spi.orbutil.logex.WrapperGenerator.handleFullLogging(WrapperGenerator.java:387)
	at com.sun.corba.ee.spi.orbutil.logex.WrapperGenerator.access$400(WrapperGenerator.java:107)
	at com.sun.corba.ee.spi.orbutil.logex.WrapperGenerator$2.invoke(WrapperGenerator.java:511)
	at com.sun.corba.ee.spi.orbutil.proxy.CompositeInvocationHandlerImpl.invoke(CompositeInvocationHandlerImpl.java:99)
	at $Proxy139.createListenerFailed(Unknown Source)
	at com.sun.corba.ee.impl.transport.SocketOrChannelAcceptorImpl.initialize(SocketOrChannelAcceptorImpl.java:98)
	at com.sun.corba.ee.impl.transport.CorbaTransportManagerImpl.getAcceptors(CorbaTransportManagerImpl.java:248)
	at com.sun.corba.ee.impl.transport.CorbaTransportManagerImpl.addToIORTemplate(CorbaTransportManagerImpl.java:267)
	at com.sun.corba.ee.spi.oa.ObjectAdapterBase.initializeTemplate(ObjectAdapterBase.java:103)
	at com.sun.corba.ee.impl.oa.toa.TOAImpl.&lt;init&gt;(TOAImpl.java:134)
	at com.sun.corba.ee.impl.oa.toa.TOAFactory.getTOA(TOAFactory.java:118)
	at com.sun.corba.ee.impl.orb.ORBImpl.connect(ORBImpl.java:1696)
	... 72 more
Caused by: java.net.BindException: Address already in use: bind
	at sun.nio.ch.Net.bind0(Native Method)
	at sun.nio.ch.Net.bind(Net.java:344)
	at sun.nio.ch.Net.bind(Net.java:336)
	at sun.nio.ch.ServerSocketChannelImpl.bind(ServerSocketChannelImpl.java:199)
	at sun.nio.ch.ServerSocketAdaptor.bind(ServerSocketAdaptor.java:74)
	at sun.nio.ch.ServerSocketAdaptor.bind(ServerSocketAdaptor.java:67)
	at org.glassfish.enterprise.iiop.impl.IIOPSSLSocketFactory.createServerSocket(IIOPSSLSocketFactory.java:292)
	at com.sun.corba.ee.impl.transport.SocketOrChannelAcceptorImpl.initialize(SocketOrChannelAcceptorImpl.java:91)
	... 78 more

jul 09, 2012 11:46:22 PM org.glassfish.enterprise.iiop.impl.GlassFishORBManager initORB
Grave: enterprise_util.excep_in_createorb
org.omg.CORBA.OBJ_ADAPTER: Advertencia: IOP02310002: Error in connecting servant to ORB  vmcid: OMG  minor code: 2  completed: No
	at sun.reflect.NativeConstructorAccessorImpl.newInstance0(Native Method)
	at sun.reflect.NativeConstructorAccessorImpl.newInstance(NativeConstructorAccessorImpl.java:57)
	at sun.reflect.DelegatingConstructorAccessorImpl.newInstance(DelegatingConstructorAccessorImpl.java:45)
	at java.lang.reflect.Constructor.newInstance(Constructor.java:525)
	at com.sun.corba.ee.spi.orbutil.logex.corba.CorbaExtension.makeException(CorbaExtension.java:248)
	at com.sun.corba.ee.spi.orbutil.logex.corba.CorbaExtension.makeException(CorbaExtension.java:95)
	at com.sun.corba.ee.spi.orbutil.logex.WrapperGenerator.handleFullLogging(WrapperGenerator.java:387)
	at com.sun.corba.ee.spi.orbutil.logex.WrapperGenerator.access$400(WrapperGenerator.java:107)
	at com.sun.corba.ee.spi.orbutil.logex.WrapperGenerator$2.invoke(WrapperGenerator.java:511)
	at com.sun.corba.ee.spi.orbutil.proxy.CompositeInvocationHandlerImpl.invoke(CompositeInvocationHandlerImpl.java:99)
	at $Proxy139.orbConnectError(Unknown Source)
	at com.sun.corba.ee.impl.orb.ORBImpl.connect(ORBImpl.java:1698)
	at com.sun.corba.ee.spi.presentation.rmi.StubAdapter.connect(StubAdapter.java:216)
	at com.sun.corba.ee.impl.orb.ORBImpl.getIOR(ORBImpl.java:2088)
	at com.sun.corba.ee.impl.orb.ORBImpl.getFVDCodeBaseIOR(ORBImpl.java:988)
	at com.sun.corba.ee.impl.protocol.CorbaClientRequestDispatcherImpl.addServiceContexts(CorbaClientRequestDispatcherImpl.java:802)
	at com.sun.corba.ee.impl.protocol.CorbaClientRequestDispatcherImpl.beginRequest(CorbaClientRequestDispatcherImpl.java:273)
	at com.sun.corba.ee.impl.protocol.CorbaClientDelegateImpl.request(CorbaClientDelegateImpl.java:228)
	at com.sun.corba.ee.impl.resolver.BootstrapResolverImpl.invoke(BootstrapResolverImpl.java:111)
	at com.sun.corba.ee.impl.resolver.BootstrapResolverImpl.resolve(BootstrapResolverImpl.java:144)
	at com.sun.corba.ee.impl.resolver.CompositeResolverImpl.resolve(CompositeResolverImpl.java:61)
	at com.sun.corba.ee.impl.resolver.CompositeResolverImpl.resolve(CompositeResolverImpl.java:61)
	at com.sun.corba.ee.impl.resolver.CompositeResolverImpl.resolve(CompositeResolverImpl.java:61)
	at com.sun.corba.ee.impl.orb.ORBImpl.resolve_initial_references(ORBImpl.java:1266)
	at org.glassfish.enterprise.iiop.impl.GlassFishORBManager.initORB(GlassFishORBManager.java:586)
	at org.glassfish.enterprise.iiop.impl.GlassFishORBManager.getORB(GlassFishORBManager.java:263)
	at org.glassfish.enterprise.iiop.impl.GlassFishORBFactoryImpl.createORB(GlassFishORBFactoryImpl.java:93)
	at org.glassfish.enterprise.iiop.api.GlassFishORBHelper.getORB(GlassFishORBHelper.java:152)
	at org.glassfish.enterprise.iiop.api.GlassFishORBHelper.getProtocolManager(GlassFishORBHelper.java:219)
	at com.sun.ejb.containers.BaseContainer.initializeProtocolManager(BaseContainer.java:824)
	at com.sun.ejb.containers.BaseContainer.&lt;init&gt;(BaseContainer.java:569)
	at com.sun.ejb.containers.StatelessSessionContainer.&lt;init&gt;(StatelessSessionContainer.java:155)
	at com.sun.ejb.containers.StatelessSessionContainer.&lt;init&gt;(StatelessSessionContainer.java:149)
	at com.sun.ejb.containers.ContainerFactoryImpl.createContainer(ContainerFactoryImpl.java:105)
	at org.glassfish.ejb.startup.EjbApplication.loadContainers(EjbApplication.java:230)
	at org.glassfish.ejb.startup.EjbDeployer.load(EjbDeployer.java:299)
	at org.glassfish.ejb.startup.EjbDeployer.load(EjbDeployer.java:105)
	at org.glassfish.internal.data.ModuleInfo.load(ModuleInfo.java:186)
	at org.glassfish.internal.data.ApplicationInfo.load(ApplicationInfo.java:264)
	at com.sun.enterprise.v3.server.ApplicationLifecycle.deploy(ApplicationLifecycle.java:460)
	at com.sun.enterprise.v3.server.ApplicationLifecycle.deploy(ApplicationLifecycle.java:240)
	at org.glassfish.deployment.admin.DeployCommand.execute(DeployCommand.java:389)
	at com.sun.enterprise.v3.admin.CommandRunnerImpl$1.execute(CommandRunnerImpl.java:348)
	at com.sun.enterprise.v3.admin.CommandRunnerImpl.doCommand(CommandRunnerImpl.java:363)
	at com.sun.enterprise.v3.admin.CommandRunnerImpl.doCommand(CommandRunnerImpl.java:1085)
	at com.sun.enterprise.v3.admin.CommandRunnerImpl.access$1200(CommandRunnerImpl.java:95)
	at com.sun.enterprise.v3.admin.CommandRunnerImpl$ExecutionContext.execute(CommandRunnerImpl.java:1291)
	at com.sun.enterprise.v3.admin.CommandRunnerImpl$ExecutionContext.execute(CommandRunnerImpl.java:1259)
	at com.sun.enterprise.admin.cli.embeddable.DeployerImpl.deploy(DeployerImpl.java:129)
	at com.sun.enterprise.admin.cli.embeddable.DeployerImpl.deploy(DeployerImpl.java:105)
	at org.glassfish.ejb.embedded.EJBContainerImpl.deploy(EJBContainerImpl.java:140)
	at org.glassfish.ejb.embedded.EJBContainerProviderImpl.createEJBContainer(EJBContainerProviderImpl.java:134)
	at javax.ejb.embeddable.EJBContainer.createEJBContainer(EJBContainer.java:127)
	at javax.ejb.embeddable.EJBContainer.createEJBContainer(EJBContainer.java:102)
	at test.PersonaServiceTest.setUp(PersonaServiceTest.java:17)
	at sun.reflect.NativeMethodAccessorImpl.invoke0(Native Method)
	at sun.reflect.NativeMethodAccessorImpl.invoke(NativeMethodAccessorImpl.java:57)
	at sun.reflect.DelegatingMethodAccessorImpl.invoke(DelegatingMethodAccessorImpl.java:43)
	at java.lang.reflect.Method.invoke(Method.java:601)
	at org.junit.runners.model.FrameworkMethod$1.runReflectiveCall(FrameworkMethod.java:45)
	at org.junit.internal.runners.model.ReflectiveCallable.run(ReflectiveCallable.java:15)
	at org.junit.runners.model.FrameworkMethod.invokeExplosively(FrameworkMethod.java:42)
	at org.junit.internal.runners.statements.RunBefores.evaluate(RunBefores.java:27)
	at org.junit.runners.ParentRunner.runLeaf(ParentRunner.java:263)
	at org.junit.runners.BlockJUnit4ClassRunner.runChild(BlockJUnit4ClassRunner.java:68)
	at org.junit.runners.BlockJUnit4ClassRunner.runChild(BlockJUnit4ClassRunner.java:47)
	at org.junit.runners.ParentRunner$3.run(ParentRunner.java:231)
	at org.junit.runners.ParentRunner$1.schedule(ParentRunner.java:60)
	at org.junit.runners.ParentRunner.runChildren(ParentRunner.java:229)
	at org.junit.runners.ParentRunner.access$000(ParentRunner.java:50)
	at org.junit.runners.ParentRunner$2.evaluate(ParentRunner.java:222)
	at org.junit.runners.ParentRunner.run(ParentRunner.java:300)
	at org.apache.maven.surefire.junit4.JUnit4TestSet.execute(JUnit4TestSet.java:35)
	at org.apache.maven.surefire.junit4.JUnit4Provider.executeTestSet(JUnit4Provider.java:146)
	at org.apache.maven.surefire.junit4.JUnit4Provider.invoke(JUnit4Provider.java:97)
	at sun.reflect.NativeMethodAccessorImpl.invoke0(Native Method)
	at sun.reflect.NativeMethodAccessorImpl.invoke(NativeMethodAccessorImpl.java:57)
	at sun.reflect.DelegatingMethodAccessorImpl.invoke(DelegatingMethodAccessorImpl.java:43)
	at java.lang.reflect.Method.invoke(Method.java:601)
	at org.apache.maven.surefire.booter.ProviderFactory$ClassLoaderProxy.invoke(ProviderFactory.java:103)
	at $Proxy0.invoke(Unknown Source)
	at org.apache.maven.surefire.booter.SurefireStarter.invokeProvider(SurefireStarter.java:145)
	at org.apache.maven.surefire.booter.SurefireStarter.runSuitesInProcess(SurefireStarter.java:87)
	at org.apache.maven.surefire.booter.ForkedBooter.main(ForkedBooter.java:69)
Caused by: org.omg.CORBA.COMM_FAILURE: Grave: IOP00410016: Unable to create IIOP listener on the specified host all interfaces and port 3,700  vmcid: OMG  minor code: 16  completed: No
	at sun.reflect.NativeConstructorAccessorImpl.newInstance0(Native Method)
	at sun.reflect.NativeConstructorAccessorImpl.newInstance(NativeConstructorAccessorImpl.java:57)
	at sun.reflect.DelegatingConstructorAccessorImpl.newInstance(DelegatingConstructorAccessorImpl.java:45)
	at java.lang.reflect.Constructor.newInstance(Constructor.java:525)
	at com.sun.corba.ee.spi.orbutil.logex.corba.CorbaExtension.makeException(CorbaExtension.java:248)
	at com.sun.corba.ee.spi.orbutil.logex.corba.CorbaExtension.makeException(CorbaExtension.java:95)
	at com.sun.corba.ee.spi.orbutil.logex.WrapperGenerator.handleFullLogging(WrapperGenerator.java:387)
	at com.sun.corba.ee.spi.orbutil.logex.WrapperGenerator.access$400(WrapperGenerator.java:107)
	at com.sun.corba.ee.spi.orbutil.logex.WrapperGenerator$2.invoke(WrapperGenerator.java:511)
	at com.sun.corba.ee.spi.orbutil.proxy.CompositeInvocationHandlerImpl.invoke(CompositeInvocationHandlerImpl.java:99)
	at $Proxy139.createListenerFailed(Unknown Source)
	at com.sun.corba.ee.impl.transport.SocketOrChannelAcceptorImpl.initialize(SocketOrChannelAcceptorImpl.java:98)
	at com.sun.corba.ee.impl.transport.CorbaTransportManagerImpl.getAcceptors(CorbaTransportManagerImpl.java:248)
	at com.sun.corba.ee.impl.transport.CorbaTransportManagerImpl.addToIORTemplate(CorbaTransportManagerImpl.java:267)
	at com.sun.corba.ee.spi.oa.ObjectAdapterBase.initializeTemplate(ObjectAdapterBase.java:103)
	at com.sun.corba.ee.impl.oa.toa.TOAImpl.&lt;init&gt;(TOAImpl.java:134)
	at com.sun.corba.ee.impl.oa.toa.TOAFactory.getTOA(TOAFactory.java:118)
	at com.sun.corba.ee.impl.orb.ORBImpl.connect(ORBImpl.java:1696)
	... 72 more
Caused by: java.net.BindException: Address already in use: bind
	at sun.nio.ch.Net.bind0(Native Method)
	at sun.nio.ch.Net.bind(Net.java:344)
	at sun.nio.ch.Net.bind(Net.java:336)
	at sun.nio.ch.ServerSocketChannelImpl.bind(ServerSocketChannelImpl.java:199)
	at sun.nio.ch.ServerSocketAdaptor.bind(ServerSocketAdaptor.java:74)
	at sun.nio.ch.ServerSocketAdaptor.bind(ServerSocketAdaptor.java:67)
	at org.glassfish.enterprise.iiop.impl.IIOPSSLSocketFactory.createServerSocket(IIOPSSLSocketFactory.java:292)
	at com.sun.corba.ee.impl.transport.SocketOrChannelAcceptorImpl.initialize(SocketOrChannelAcceptorImpl.java:91)
	... 78 more

jul 09, 2012 11:46:22 PM org.glassfish.internal.data.ModuleInfo load
Grave: Exception while invoking class org.glassfish.ejb.startup.EjbDeployer load method
java.lang.RuntimeException: EJB Container initialization error
	at org.glassfish.ejb.startup.EjbApplication.loadContainers(EjbApplication.java:242)
	at org.glassfish.ejb.startup.EjbDeployer.load(EjbDeployer.java:299)
	at org.glassfish.ejb.startup.EjbDeployer.load(EjbDeployer.java:105)
	at org.glassfish.internal.data.ModuleInfo.load(ModuleInfo.java:186)
	at org.glassfish.internal.data.ApplicationInfo.load(ApplicationInfo.java:264)
	at com.sun.enterprise.v3.server.ApplicationLifecycle.deploy(ApplicationLifecycle.java:460)
	at com.sun.enterprise.v3.server.ApplicationLifecycle.deploy(ApplicationLifecycle.java:240)
	at org.glassfish.deployment.admin.DeployCommand.execute(DeployCommand.java:389)
	at com.sun.enterprise.v3.admin.CommandRunnerImpl$1.execute(CommandRunnerImpl.java:348)
	at com.sun.enterprise.v3.admin.CommandRunnerImpl.doCommand(CommandRunnerImpl.java:363)
	at com.sun.enterprise.v3.admin.CommandRunnerImpl.doCommand(CommandRunnerImpl.java:1085)
	at com.sun.enterprise.v3.admin.CommandRunnerImpl.access$1200(CommandRunnerImpl.java:95)
	at com.sun.enterprise.v3.admin.CommandRunnerImpl$ExecutionContext.execute(CommandRunnerImpl.java:1291)
	at com.sun.enterprise.v3.admin.CommandRunnerImpl$ExecutionContext.execute(CommandRunnerImpl.java:1259)
	at com.sun.enterprise.admin.cli.embeddable.DeployerImpl.deploy(DeployerImpl.java:129)
	at com.sun.enterprise.admin.cli.embeddable.DeployerImpl.deploy(DeployerImpl.java:105)
	at org.glassfish.ejb.embedded.EJBContainerImpl.deploy(EJBContainerImpl.java:140)
	at org.glassfish.ejb.embedded.EJBContainerProviderImpl.createEJBContainer(EJBContainerProviderImpl.java:134)
	at javax.ejb.embeddable.EJBContainer.createEJBContainer(EJBContainer.java:127)
	at javax.ejb.embeddable.EJBContainer.createEJBContainer(EJBContainer.java:102)
	at test.PersonaServiceTest.setUp(PersonaServiceTest.java:17)
	at sun.reflect.NativeMethodAccessorImpl.invoke0(Native Method)
	at sun.reflect.NativeMethodAccessorImpl.invoke(NativeMethodAccessorImpl.java:57)
	at sun.reflect.DelegatingMethodAccessorImpl.invoke(DelegatingMethodAccessorImpl.java:43)
	at java.lang.reflect.Method.invoke(Method.java:601)
	at org.junit.runners.model.FrameworkMethod$1.runReflectiveCall(FrameworkMethod.java:45)
	at org.junit.internal.runners.model.ReflectiveCallable.run(ReflectiveCallable.java:15)
	at org.junit.runners.model.FrameworkMethod.invokeExplosively(FrameworkMethod.java:42)
	at org.junit.internal.runners.statements.RunBefores.evaluate(RunBefores.java:27)
	at org.junit.runners.ParentRunner.runLeaf(ParentRunner.java:263)
	at org.junit.runners.BlockJUnit4ClassRunner.runChild(BlockJUnit4ClassRunner.java:68)
	at org.junit.runners.BlockJUnit4ClassRunner.runChild(BlockJUnit4ClassRunner.java:47)
	at org.junit.runners.ParentRunner$3.run(ParentRunner.java:231)
	at org.junit.runners.ParentRunner$1.schedule(ParentRunner.java:60)
	at org.junit.runners.ParentRunner.runChildren(ParentRunner.java:229)
	at org.junit.runners.ParentRunner.access$000(ParentRunner.java:50)
	at org.junit.runners.ParentRunner$2.evaluate(ParentRunner.java:222)
	at org.junit.runners.ParentRunner.run(ParentRunner.java:300)
	at org.apache.maven.surefire.junit4.JUnit4TestSet.execute(JUnit4TestSet.java:35)
	at org.apache.maven.surefire.junit4.JUnit4Provider.executeTestSet(JUnit4Provider.java:146)
	at org.apache.maven.surefire.junit4.JUnit4Provider.invoke(JUnit4Provider.java:97)
	at sun.reflect.NativeMethodAccessorImpl.invoke0(Native Method)
	at sun.reflect.NativeMethodAccessorImpl.invoke(NativeMethodAccessorImpl.java:57)
	at sun.reflect.DelegatingMethodAccessorImpl.invoke(DelegatingMethodAccessorImpl.java:43)
	at java.lang.reflect.Method.invoke(Method.java:601)
	at org.apache.maven.surefire.booter.ProviderFactory$ClassLoaderProxy.invoke(ProviderFactory.java:103)
	at $Proxy0.invoke(Unknown Source)
	at org.apache.maven.surefire.booter.SurefireStarter.invokeProvider(SurefireStarter.java:145)
	at org.apache.maven.surefire.booter.SurefireStarter.runSuitesInProcess(SurefireStarter.java:87)
	at org.apache.maven.surefire.booter.ForkedBooter.main(ForkedBooter.java:69)
Caused by: java.lang.RuntimeException: IIOP Protocol Manager initialization failed.  Possible cause is that ORB is not available in this container
	at com.sun.ejb.containers.BaseContainer.initializeProtocolManager(BaseContainer.java:827)
	at com.sun.ejb.containers.BaseContainer.&lt;init&gt;(BaseContainer.java:569)
	at com.sun.ejb.containers.StatelessSessionContainer.&lt;init&gt;(StatelessSessionContainer.java:155)
	at com.sun.ejb.containers.StatelessSessionContainer.&lt;init&gt;(StatelessSessionContainer.java:149)
	at com.sun.ejb.containers.ContainerFactoryImpl.createContainer(ContainerFactoryImpl.java:105)
	at org.glassfish.ejb.startup.EjbApplication.loadContainers(EjbApplication.java:230)
	... 49 more
Caused by: java.lang.RuntimeException: Orb initialization erorr
	at org.glassfish.enterprise.iiop.api.GlassFishORBHelper.getORB(GlassFishORBHelper.java:180)
	at org.glassfish.enterprise.iiop.api.GlassFishORBHelper.getProtocolManager(GlassFishORBHelper.java:219)
	at com.sun.ejb.containers.BaseContainer.initializeProtocolManager(BaseContainer.java:824)
	... 54 more
Caused by: java.lang.RuntimeException: org.omg.CORBA.OBJ_ADAPTER: Advertencia: IOP02310002: Error in connecting servant to ORB  vmcid: OMG  minor code: 2  completed: No
	at org.glassfish.enterprise.iiop.impl.GlassFishORBManager.initORB(GlassFishORBManager.java:622)
	at org.glassfish.enterprise.iiop.impl.GlassFishORBManager.getORB(GlassFishORBManager.java:263)
	at org.glassfish.enterprise.iiop.impl.GlassFishORBFactoryImpl.createORB(GlassFishORBFactoryImpl.java:93)
	at org.glassfish.enterprise.iiop.api.GlassFishORBHelper.getORB(GlassFishORBHelper.java:152)
	... 56 more
Caused by: org.omg.CORBA.OBJ_ADAPTER: Advertencia: IOP02310002: Error in connecting servant to ORB  vmcid: OMG  minor code: 2  completed: No
	at sun.reflect.NativeConstructorAccessorImpl.newInstance0(Native Method)
	at sun.reflect.NativeConstructorAccessorImpl.newInstance(NativeConstructorAccessorImpl.java:57)
	at sun.reflect.DelegatingConstructorAccessorImpl.newInstance(DelegatingConstructorAccessorImpl.java:45)
	at java.lang.reflect.Constructor.newInstance(Constructor.java:525)
	at com.sun.corba.ee.spi.orbutil.logex.corba.CorbaExtension.makeException(CorbaExtension.java:248)
	at com.sun.corba.ee.spi.orbutil.logex.corba.CorbaExtension.makeException(CorbaExtension.java:95)
	at com.sun.corba.ee.spi.orbutil.logex.WrapperGenerator.handleFullLogging(WrapperGenerator.java:387)
	at com.sun.corba.ee.spi.orbutil.logex.WrapperGenerator.access$400(WrapperGenerator.java:107)
	at com.sun.corba.ee.spi.orbutil.logex.WrapperGenerator$2.invoke(WrapperGenerator.java:511)
	at com.sun.corba.ee.spi.orbutil.proxy.CompositeInvocationHandlerImpl.invoke(CompositeInvocationHandlerImpl.java:99)
	at $Proxy139.orbConnectError(Unknown Source)
	at com.sun.corba.ee.impl.orb.ORBImpl.connect(ORBImpl.java:1698)
	at com.sun.corba.ee.spi.presentation.rmi.StubAdapter.connect(StubAdapter.java:216)
	at com.sun.corba.ee.impl.orb.ORBImpl.getIOR(ORBImpl.java:2088)
	at com.sun.corba.ee.impl.orb.ORBImpl.getFVDCodeBaseIOR(ORBImpl.java:988)
	at com.sun.corba.ee.impl.protocol.CorbaClientRequestDispatcherImpl.addServiceContexts(CorbaClientRequestDispatcherImpl.java:802)
	at com.sun.corba.ee.impl.protocol.CorbaClientRequestDispatcherImpl.beginRequest(CorbaClientRequestDispatcherImpl.java:273)
	at com.sun.corba.ee.impl.protocol.CorbaClientDelegateImpl.request(CorbaClientDelegateImpl.java:228)
	at com.sun.corba.ee.impl.resolver.BootstrapResolverImpl.invoke(BootstrapResolverImpl.java:111)
	at com.sun.corba.ee.impl.resolver.BootstrapResolverImpl.resolve(BootstrapResolverImpl.java:144)
	at com.sun.corba.ee.impl.resolver.CompositeResolverImpl.resolve(CompositeResolverImpl.java:61)
	at com.sun.corba.ee.impl.resolver.CompositeResolverImpl.resolve(CompositeResolverImpl.java:61)
	at com.sun.corba.ee.impl.resolver.CompositeResolverImpl.resolve(CompositeResolverImpl.java:61)
	at com.sun.corba.ee.impl.orb.ORBImpl.resolve_initial_references(ORBImpl.java:1266)
	at org.glassfish.enterprise.iiop.impl.GlassFishORBManager.initORB(GlassFishORBManager.java:586)
	... 59 more
Caused by: org.omg.CORBA.COMM_FAILURE: Grave: IOP00410016: Unable to create IIOP listener on the specified host all interfaces and port 3,700  vmcid: OMG  minor code: 16  completed: No
	at sun.reflect.NativeConstructorAccessorImpl.newInstance0(Native Method)
	at sun.reflect.NativeConstructorAccessorImpl.newInstance(NativeConstructorAccessorImpl.java:57)
	at sun.reflect.DelegatingConstructorAccessorImpl.newInstance(DelegatingConstructorAccessorImpl.java:45)
	at java.lang.reflect.Constructor.newInstance(Constructor.java:525)
	at com.sun.corba.ee.spi.orbutil.logex.corba.CorbaExtension.makeException(CorbaExtension.java:248)
	at com.sun.corba.ee.spi.orbutil.logex.corba.CorbaExtension.makeException(CorbaExtension.java:95)
	at com.sun.corba.ee.spi.orbutil.logex.WrapperGenerator.handleFullLogging(WrapperGenerator.java:387)
	at com.sun.corba.ee.spi.orbutil.logex.WrapperGenerator.access$400(WrapperGenerator.java:107)
	at com.sun.corba.ee.spi.orbutil.logex.WrapperGenerator$2.invoke(WrapperGenerator.java:511)
	at com.sun.corba.ee.spi.orbutil.proxy.CompositeInvocationHandlerImpl.invoke(CompositeInvocationHandlerImpl.java:99)
	at $Proxy139.createListenerFailed(Unknown Source)
	at com.sun.corba.ee.impl.transport.SocketOrChannelAcceptorImpl.initialize(SocketOrChannelAcceptorImpl.java:98)
	at com.sun.corba.ee.impl.transport.CorbaTransportManagerImpl.getAcceptors(CorbaTransportManagerImpl.java:248)
	at com.sun.corba.ee.impl.transport.CorbaTransportManagerImpl.addToIORTemplate(CorbaTransportManagerImpl.java:267)
	at com.sun.corba.ee.spi.oa.ObjectAdapterBase.initializeTemplate(ObjectAdapterBase.java:103)
	at com.sun.corba.ee.impl.oa.toa.TOAImpl.&lt;init&gt;(TOAImpl.java:134)
	at com.sun.corba.ee.impl.oa.toa.TOAFactory.getTOA(TOAFactory.java:118)
	at com.sun.corba.ee.impl.orb.ORBImpl.connect(ORBImpl.java:1696)
	... 72 more
Caused by: java.net.BindException: Address already in use: bind
	at sun.nio.ch.Net.bind0(Native Method)
	at sun.nio.ch.Net.bind(Net.java:344)
	at sun.nio.ch.Net.bind(Net.java:336)
	at sun.nio.ch.ServerSocketChannelImpl.bind(ServerSocketChannelImpl.java:199)
	at sun.nio.ch.ServerSocketAdaptor.bind(ServerSocketAdaptor.java:74)
	at sun.nio.ch.ServerSocketAdaptor.bind(ServerSocketAdaptor.java:67)
	at org.glassfish.enterprise.iiop.impl.IIOPSSLSocketFactory.createServerSocket(IIOPSSLSocketFactory.java:292)
	at com.sun.corba.ee.impl.transport.SocketOrChannelAcceptorImpl.initialize(SocketOrChannelAcceptorImpl.java:91)
	... 78 more

jul 09, 2012 11:46:22 PM org.glassfish.api.ActionReport failure
Grave: Exception while loading the app
jul 09, 2012 11:46:22 PM org.eclipse.persistence.session.file:/C:/Users/UBALDO~1/AppData/Local/Temp/gfembed1716552071032090596tmp/applications/classes/_PersonaPU
Información: file:/C:/Users/UBALDO~1/AppData/Local/Temp/gfembed1716552071032090596tmp/applications/classes/_PersonaPU logout successful
jul 09, 2012 11:46:22 PM org.glassfish.deployment.admin.DeployCommand execute
Grave: Exception while loading the app : EJB Container initialization error
java.lang.RuntimeException: IIOP Protocol Manager initialization failed.  Possible cause is that ORB is not available in this container
	at com.sun.ejb.containers.BaseContainer.initializeProtocolManager(BaseContainer.java:827)
	at com.sun.ejb.containers.BaseContainer.&lt;init&gt;(BaseContainer.java:569)
	at com.sun.ejb.containers.StatelessSessionContainer.&lt;init&gt;(StatelessSessionContainer.java:155)
	at com.sun.ejb.containers.StatelessSessionContainer.&lt;init&gt;(StatelessSessionContainer.java:149)
	at com.sun.ejb.containers.ContainerFactoryImpl.createContainer(ContainerFactoryImpl.java:105)
	at org.glassfish.ejb.startup.EjbApplication.loadContainers(EjbApplication.java:230)
	at org.glassfish.ejb.startup.EjbDeployer.load(EjbDeployer.java:299)
	at org.glassfish.ejb.startup.EjbDeployer.load(EjbDeployer.java:105)
	at org.glassfish.internal.data.ModuleInfo.load(ModuleInfo.java:186)
	at org.glassfish.internal.data.ApplicationInfo.load(ApplicationInfo.java:264)
	at com.sun.enterprise.v3.server.ApplicationLifecycle.deploy(ApplicationLifecycle.java:460)
	at com.sun.enterprise.v3.server.ApplicationLifecycle.deploy(ApplicationLifecycle.java:240)
	at org.glassfish.deployment.admin.DeployCommand.execute(DeployCommand.java:389)
	at com.sun.enterprise.v3.admin.CommandRunnerImpl$1.execute(CommandRunnerImpl.java:348)
	at com.sun.enterprise.v3.admin.CommandRunnerImpl.doCommand(CommandRunnerImpl.java:363)
	at com.sun.enterprise.v3.admin.CommandRunnerImpl.doCommand(CommandRunnerImpl.java:1085)
	at com.sun.enterprise.v3.admin.CommandRunnerImpl.access$1200(CommandRunnerImpl.java:95)
	at com.sun.enterprise.v3.admin.CommandRunnerImpl$ExecutionContext.execute(CommandRunnerImpl.java:1291)
	at com.sun.enterprise.v3.admin.CommandRunnerImpl$ExecutionContext.execute(CommandRunnerImpl.java:1259)
	at com.sun.enterprise.admin.cli.embeddable.DeployerImpl.deploy(DeployerImpl.java:129)
	at com.sun.enterprise.admin.cli.embeddable.DeployerImpl.deploy(DeployerImpl.java:105)
	at org.glassfish.ejb.embedded.EJBContainerImpl.deploy(EJBContainerImpl.java:140)
	at org.glassfish.ejb.embedded.EJBContainerProviderImpl.createEJBContainer(EJBContainerProviderImpl.java:134)
	at javax.ejb.embeddable.EJBContainer.createEJBContainer(EJBContainer.java:127)
	at javax.ejb.embeddable.EJBContainer.createEJBContainer(EJBContainer.java:102)
	at test.PersonaServiceTest.setUp(PersonaServiceTest.java:17)
	at sun.reflect.NativeMethodAccessorImpl.invoke0(Native Method)
	at sun.reflect.NativeMethodAccessorImpl.invoke(NativeMethodAccessorImpl.java:57)
	at sun.reflect.DelegatingMethodAccessorImpl.invoke(DelegatingMethodAccessorImpl.java:43)
	at java.lang.reflect.Method.invoke(Method.java:601)
	at org.junit.runners.model.FrameworkMethod$1.runReflectiveCall(FrameworkMethod.java:45)
	at org.junit.internal.runners.model.ReflectiveCallable.run(ReflectiveCallable.java:15)
	at org.junit.runners.model.FrameworkMethod.invokeExplosively(FrameworkMethod.java:42)
	at org.junit.internal.runners.statements.RunBefores.evaluate(RunBefores.java:27)
	at org.junit.runners.ParentRunner.runLeaf(ParentRunner.java:263)
	at org.junit.runners.BlockJUnit4ClassRunner.runChild(BlockJUnit4ClassRunner.java:68)
	at org.junit.runners.BlockJUnit4ClassRunner.runChild(BlockJUnit4ClassRunner.java:47)
	at org.junit.runners.ParentRunner$3.run(ParentRunner.java:231)
	at org.junit.runners.ParentRunner$1.schedule(ParentRunner.java:60)
	at org.junit.runners.ParentRunner.runChildren(ParentRunner.java:229)
	at org.junit.runners.ParentRunner.access$000(ParentRunner.java:50)
	at org.junit.runners.ParentRunner$2.evaluate(ParentRunner.java:222)
	at org.junit.runners.ParentRunner.run(ParentRunner.java:300)
	at org.apache.maven.surefire.junit4.JUnit4TestSet.execute(JUnit4TestSet.java:35)
	at org.apache.maven.surefire.junit4.JUnit4Provider.executeTestSet(JUnit4Provider.java:146)
	at org.apache.maven.surefire.junit4.JUnit4Provider.invoke(JUnit4Provider.java:97)
	at sun.reflect.NativeMethodAccessorImpl.invoke0(Native Method)
	at sun.reflect.NativeMethodAccessorImpl.invoke(NativeMethodAccessorImpl.java:57)
	at sun.reflect.DelegatingMethodAccessorImpl.invoke(DelegatingMethodAccessorImpl.java:43)
	at java.lang.reflect.Method.invoke(Method.java:601)
	at org.apache.maven.surefire.booter.ProviderFactory$ClassLoaderProxy.invoke(ProviderFactory.java:103)
	at $Proxy0.invoke(Unknown Source)
	at org.apache.maven.surefire.booter.SurefireStarter.invokeProvider(SurefireStarter.java:145)
	at org.apache.maven.surefire.booter.SurefireStarter.runSuitesInProcess(SurefireStarter.java:87)
	at org.apache.maven.surefire.booter.ForkedBooter.main(ForkedBooter.java:69)
Caused by: java.lang.RuntimeException: Orb initialization erorr
	at org.glassfish.enterprise.iiop.api.GlassFishORBHelper.getORB(GlassFishORBHelper.java:180)
	at org.glassfish.enterprise.iiop.api.GlassFishORBHelper.getProtocolManager(GlassFishORBHelper.java:219)
	at com.sun.ejb.containers.BaseContainer.initializeProtocolManager(BaseContainer.java:824)
	... 54 more
Caused by: java.lang.RuntimeException: org.omg.CORBA.OBJ_ADAPTER: Advertencia: IOP02310002: Error in connecting servant to ORB  vmcid: OMG  minor code: 2  completed: No
	at org.glassfish.enterprise.iiop.impl.GlassFishORBManager.initORB(GlassFishORBManager.java:622)
	at org.glassfish.enterprise.iiop.impl.GlassFishORBManager.getORB(GlassFishORBManager.java:263)
	at org.glassfish.enterprise.iiop.impl.GlassFishORBFactoryImpl.createORB(GlassFishORBFactoryImpl.java:93)
	at org.glassfish.enterprise.iiop.api.GlassFishORBHelper.getORB(GlassFishORBHelper.java:152)
	... 56 more
Caused by: org.omg.CORBA.OBJ_ADAPTER: Advertencia: IOP02310002: Error in connecting servant to ORB  vmcid: OMG  minor code: 2  completed: No
	at sun.reflect.NativeConstructorAccessorImpl.newInstance0(Native Method)
	at sun.reflect.NativeConstructorAccessorImpl.newInstance(NativeConstructorAccessorImpl.java:57)
	at sun.reflect.DelegatingConstructorAccessorImpl.newInstance(DelegatingConstructorAccessorImpl.java:45)
	at java.lang.reflect.Constructor.newInstance(Constructor.java:525)
	at com.sun.corba.ee.spi.orbutil.logex.corba.CorbaExtension.makeException(CorbaExtension.java:248)
	at com.sun.corba.ee.spi.orbutil.logex.corba.CorbaExtension.makeException(CorbaExtension.java:95)
	at com.sun.corba.ee.spi.orbutil.logex.WrapperGenerator.handleFullLogging(WrapperGenerator.java:387)
	at com.sun.corba.ee.spi.orbutil.logex.WrapperGenerator.access$400(WrapperGenerator.java:107)
	at com.sun.corba.ee.spi.orbutil.logex.WrapperGenerator$2.invoke(WrapperGenerator.java:511)
	at com.sun.corba.ee.spi.orbutil.proxy.CompositeInvocationHandlerImpl.invoke(CompositeInvocationHandlerImpl.java:99)
	at $Proxy139.orbConnectError(Unknown Source)
	at com.sun.corba.ee.impl.orb.ORBImpl.connect(ORBImpl.java:1698)
	at com.sun.corba.ee.spi.presentation.rmi.StubAdapter.connect(StubAdapter.java:216)
	at com.sun.corba.ee.impl.orb.ORBImpl.getIOR(ORBImpl.java:2088)
	at com.sun.corba.ee.impl.orb.ORBImpl.getFVDCodeBaseIOR(ORBImpl.java:988)
	at com.sun.corba.ee.impl.protocol.CorbaClientRequestDispatcherImpl.addServiceContexts(CorbaClientRequestDispatcherImpl.java:802)
	at com.sun.corba.ee.impl.protocol.CorbaClientRequestDispatcherImpl.beginRequest(CorbaClientRequestDispatcherImpl.java:273)
	at com.sun.corba.ee.impl.protocol.CorbaClientDelegateImpl.request(CorbaClientDelegateImpl.java:228)
	at com.sun.corba.ee.impl.resolver.BootstrapResolverImpl.invoke(BootstrapResolverImpl.java:111)
	at com.sun.corba.ee.impl.resolver.BootstrapResolverImpl.resolve(BootstrapResolverImpl.java:144)
	at com.sun.corba.ee.impl.resolver.CompositeResolverImpl.resolve(CompositeResolverImpl.java:61)
	at com.sun.corba.ee.impl.resolver.CompositeResolverImpl.resolve(CompositeResolverImpl.java:61)
	at com.sun.corba.ee.impl.resolver.CompositeResolverImpl.resolve(CompositeResolverImpl.java:61)
	at com.sun.corba.ee.impl.orb.ORBImpl.resolve_initial_references(ORBImpl.java:1266)
	at org.glassfish.enterprise.iiop.impl.GlassFishORBManager.initORB(GlassFishORBManager.java:586)
	... 59 more
Caused by: org.omg.CORBA.COMM_FAILURE: Grave: IOP00410016: Unable to create IIOP listener on the specified host all interfaces and port 3,700  vmcid: OMG  minor code: 16  completed: No
	at sun.reflect.NativeConstructorAccessorImpl.newInstance0(Native Method)
	at sun.reflect.NativeConstructorAccessorImpl.newInstance(NativeConstructorAccessorImpl.java:57)
	at sun.reflect.DelegatingConstructorAccessorImpl.newInstance(DelegatingConstructorAccessorImpl.java:45)
	at java.lang.reflect.Constructor.newInstance(Constructor.java:525)
	at com.sun.corba.ee.spi.orbutil.logex.corba.CorbaExtension.makeException(CorbaExtension.java:248)
	at com.sun.corba.ee.spi.orbutil.logex.corba.CorbaExtension.makeException(CorbaExtension.java:95)
	at com.sun.corba.ee.spi.orbutil.logex.WrapperGenerator.handleFullLogging(WrapperGenerator.java:387)
	at com.sun.corba.ee.spi.orbutil.logex.WrapperGenerator.access$400(WrapperGenerator.java:107)
	at com.sun.corba.ee.spi.orbutil.logex.WrapperGenerator$2.invoke(WrapperGenerator.java:511)
	at com.sun.corba.ee.spi.orbutil.proxy.CompositeInvocationHandlerImpl.invoke(CompositeInvocationHandlerImpl.java:99)
	at $Proxy139.createListenerFailed(Unknown Source)
	at com.sun.corba.ee.impl.transport.SocketOrChannelAcceptorImpl.initialize(SocketOrChannelAcceptorImpl.java:98)
	at com.sun.corba.ee.impl.transport.CorbaTransportManagerImpl.getAcceptors(CorbaTransportManagerImpl.java:248)
	at com.sun.corba.ee.impl.transport.CorbaTransportManagerImpl.addToIORTemplate(CorbaTransportManagerImpl.java:267)
	at com.sun.corba.ee.spi.oa.ObjectAdapterBase.initializeTemplate(ObjectAdapterBase.java:103)
	at com.sun.corba.ee.impl.oa.toa.TOAImpl.&lt;init&gt;(TOAImpl.java:134)
	at com.sun.corba.ee.impl.oa.toa.TOAFactory.getTOA(TOAFactory.java:118)
	at com.sun.corba.ee.impl.orb.ORBImpl.connect(ORBImpl.java:1696)
	... 72 more
Caused by: java.net.BindException: Address already in use: bind
	at sun.nio.ch.Net.bind0(Native Method)
	at sun.nio.ch.Net.bind(Net.java:344)
	at sun.nio.ch.Net.bind(Net.java:336)
	at sun.nio.ch.ServerSocketChannelImpl.bind(ServerSocketChannelImpl.java:199)
	at sun.nio.ch.ServerSocketAdaptor.bind(ServerSocketAdaptor.java:74)
	at sun.nio.ch.ServerSocketAdaptor.bind(ServerSocketAdaptor.java:67)
	at org.glassfish.enterprise.iiop.impl.IIOPSSLSocketFactory.createServerSocket(IIOPSSLSocketFactory.java:292)
	at com.sun.corba.ee.impl.transport.SocketOrChannelAcceptorImpl.initialize(SocketOrChannelAcceptorImpl.java:91)
	... 78 more

jul 09, 2012 11:46:22 PM org.glassfish.ejb.embedded.EJBContainerProviderImpl createEJBContainer
Información: [EJBContainerProviderImpl] Cleaning up on failure ...
jul 09, 2012 11:46:22 PM com.sun.enterprise.connectors.service.ResourceAdapterAdminServiceImpl sendStopToResourceAdapter
Información: RAR7094: __cp_jdbc_ra shutdown successful.
jul 09, 2012 11:46:22 PM org.glassfish.admin.mbeanserver.JMXStartupService shutdown
Información: JMX001: JMXStartupService and JMXConnectors have been shut down.
jul 09, 2012 11:46:22 PM org.glassfish.admin.mbeanserver.JMXStartupService shutdown
Información: JMX001: JMXStartupService and JMXConnectors have been shut down.
jul 09, 2012 11:46:22 PM com.sun.enterprise.v3.server.AppServerStartup stop
Información: Shutdown procedure finished
jul 09, 2012 11:46:22 PM AppServerStartup run
Información: [Thread[GlassFish Kernel Main Thread,5,main]] exiting
</system-err>
  </testcase>
</testsuite>